<?xml version="1.0" encoding="utf-8"?><testsuites name="pytest tests"><testsuite name="pytest" errors="0" failures="0" skipped="0" tests="34" time="3.606" timestamp="2026-09-13T21:50:11.173414+00:00" hostname="gauss"><testcase classname="tests.starlink_glrt.test_cpu_coarse" name="test_every_grid_value_and_selected_peak_matches_independent_math[random]" time="0.916" /><testcase classname="tests.starlink_glrt.test_cpu_coarse" name="test_every_grid_value_and_selected_peak_matches_independent_math[rails]" time="0.567" /><testcase classname="tests.starlink_glrt.test_cpu_coarse" name="test_every_grid_value_and_selected_peak_matches_independent_math[zero]" time="0.330" /><testcase classname="tests.starlink_glrt.test_cpu_coarse" name="test_every_grid_value_and_selected_peak_matches_independent_math[full_scale_coefficients]" time="0.572" /><testcase classname="tests.starlink_glrt.test_cpu_coarse" name="test_cancel_or_deadline_cannot_publish_partial_grid_as_proposals[1]" time="0.001" /><testcase classname="tests.starlink_glrt.test_cpu_coarse" name="test_cancel_or_deadline_cannot_publish_partial_grid_as_proposals[2]" time="0.001" /><testcase classname="tests.starlink_glrt.test_cpu_coarse" name="test_cancel_or_deadline_cannot_publish_partial_grid_as_proposals[9]" time="0.001" /><testcase classname="tests.starlink_glrt.test_cpu_coarse" name="test_cancel_or_deadline_cannot_publish_partial_grid_as_proposals[211]" time="0.015" /><testcase classname="tests.starlink_glrt.test_cpu_coarse" name="test_coefficient_range_is_checked_before_computation" time="0.001" /><testcase classname="tests.starlink_glrt.test_cpu_coarse" name="test_disjoint_partitions_cannot_publish_an_incomplete_scan" time="0.551" /><testcase classname="tests.starlink_glrt.test_cpu_coarse" name="test_actual_two_thread_benchmark_matches_complete_serial_grid" time="0.274" /><testcase classname="tests.starlink_glrt.test_cpu_coarse" name="test_dot_products_match_wide_integer_arithmetic_across_rails_and_alignments" time="0.107" /><testcase classname="tests.starlink_glrt.test_cpu_coarse" name="test_bounded_selection_matches_sorted_oracle[random-1]" time="0.011" /><testcase classname="tests.starlink_glrt.test_cpu_coarse" name="test_bounded_selection_matches_sorted_oracle[random-8]" time="0.009" /><testcase classname="tests.starlink_glrt.test_cpu_coarse" name="test_bounded_selection_matches_sorted_oracle[random-32]" time="0.010" /><testcase classname="tests.starlink_glrt.test_cpu_coarse" name="test_bounded_selection_matches_sorted_oracle[random-64]" time="0.010" /><testcase classname="tests.starlink_glrt.test_cpu_coarse" name="test_bounded_selection_matches_sorted_oracle[ties-1]" time="0.010" /><testcase classname="tests.starlink_glrt.test_cpu_coarse" name="test_bounded_selection_matches_sorted_oracle[ties-8]" time="0.010" /><testcase classname="tests.starlink_glrt.test_cpu_coarse" name="test_bounded_selection_matches_sorted_oracle[ties-32]" time="0.010" /><testcase classname="tests.starlink_glrt.test_cpu_coarse" name="test_bounded_selection_matches_sorted_oracle[ties-64]" time="0.010" /><testcase classname="tests.starlink_glrt.test_cpu_coarse" name="test_bounded_selection_matches_sorted_oracle[zero-1]" time="0.005" /><testcase classname="tests.starlink_glrt.test_cpu_coarse" name="test_bounded_selection_matches_sorted_oracle[zero-8]" time="0.005" /><testcase classname="tests.starlink_glrt.test_cpu_coarse" name="test_bounded_selection_matches_sorted_oracle[zero-32]" time="0.005" /><testcase classname="tests.starlink_glrt.test_cpu_coarse" name="test_bounded_selection_matches_sorted_oracle[zero-64]" time="0.005" /><testcase classname="tests.starlink_glrt.test_cpu_coarse" name="test_bounded_selection_cancellation_clears_all_proposals[1]" time="0.000" /><testcase classname="tests.starlink_glrt.test_cpu_coarse" name="test_bounded_selection_cancellation_clears_all_proposals[2]" time="0.000" /><testcase classname="tests.starlink_glrt.test_cpu_coarse" name="test_bounded_selection_cancellation_clears_all_proposals[32]" time="0.000" /><testcase classname="tests.starlink_glrt.test_cpu_coarse" name="test_bounded_selection_cancellation_clears_all_proposals[64]" time="0.000" /><testcase classname="tests.starlink_glrt.test_cpu_coarse" name="test_bounded_selection_cancellation_clears_all_proposals[65]" time="0.000" /><testcase classname="tests.starlink_glrt.test_cpu_coarse" name="test_bounded_selection_rejects_invalid_admission[0-3333]" time="0.000" /><testcase classname="tests.starlink_glrt.test_cpu_coarse" name="test_bounded_selection_rejects_invalid_admission[65-3333]" time="0.000" /><testcase classname="tests.starlink_glrt.test_cpu_coarse" name="test_bounded_selection_rejects_invalid_admission[64-3332]" time="0.000" /><testcase classname="tests.starlink_glrt.test_cpu_coarse" name="test_heap_failure_at_publication_clears_completed_selection" time="0.001" /><testcase classname="tests.starlink_glrt.test_cpu_coarse" name="test_heap_allocation_failure_cannot_publish_peaks" time="0.083" /></testsuite></testsuites>