<?xml version="1.0" encoding="utf-8"?><testsuites name="pytest tests"><testsuite name="pytest" errors="0" failures="0" skipped="0" tests="215" time="52.487" timestamp="2026-09-13T21:49:07.962206+00:00" hostname="gauss"><testcase classname="tests.starlink_glrt.test_cpu_coarse" name="test_every_grid_value_and_selected_peak_matches_independent_math[random]" time="0.841" /><testcase classname="tests.starlink_glrt.test_cpu_coarse" name="test_every_grid_value_and_selected_peak_matches_independent_math[rails]" time="0.560" /><testcase classname="tests.starlink_glrt.test_cpu_coarse" name="test_every_grid_value_and_selected_peak_matches_independent_math[zero]" time="0.335" /><testcase classname="tests.starlink_glrt.test_cpu_coarse" name="test_every_grid_value_and_selected_peak_matches_independent_math[full_scale_coefficients]" time="0.585" /><testcase classname="tests.starlink_glrt.test_cpu_coarse" name="test_cancel_or_deadline_cannot_publish_partial_grid_as_proposals[1]" time="0.001" /><testcase classname="tests.starlink_glrt.test_cpu_coarse" name="test_cancel_or_deadline_cannot_publish_partial_grid_as_proposals[2]" time="0.001" /><testcase classname="tests.starlink_glrt.test_cpu_coarse" name="test_cancel_or_deadline_cannot_publish_partial_grid_as_proposals[9]" time="0.001" /><testcase classname="tests.starlink_glrt.test_cpu_coarse" name="test_cancel_or_deadline_cannot_publish_partial_grid_as_proposals[211]" time="0.016" /><testcase classname="tests.starlink_glrt.test_cpu_coarse" name="test_coefficient_range_is_checked_before_computation" time="0.001" /><testcase classname="tests.starlink_glrt.test_cpu_coarse" name="test_disjoint_partitions_cannot_publish_an_incomplete_scan" time="0.562" /><testcase classname="tests.starlink_glrt.test_cpu_coarse" name="test_actual_two_thread_benchmark_matches_complete_serial_grid" time="0.282" /><testcase classname="tests.starlink_glrt.test_cpu_coarse" name="test_dot_products_match_wide_integer_arithmetic_across_rails_and_alignments" time="0.107" /><testcase classname="tests.starlink_glrt.test_cpu_coarse" name="test_bounded_selection_matches_sorted_oracle[random-1]" time="0.011" /><testcase classname="tests.starlink_glrt.test_cpu_coarse" name="test_bounded_selection_matches_sorted_oracle[random-8]" time="0.010" /><testcase classname="tests.starlink_glrt.test_cpu_coarse" name="test_bounded_selection_matches_sorted_oracle[random-32]" time="0.010" /><testcase classname="tests.starlink_glrt.test_cpu_coarse" name="test_bounded_selection_matches_sorted_oracle[random-64]" time="0.010" /><testcase classname="tests.starlink_glrt.test_cpu_coarse" name="test_bounded_selection_matches_sorted_oracle[ties-1]" time="0.009" /><testcase classname="tests.starlink_glrt.test_cpu_coarse" name="test_bounded_selection_matches_sorted_oracle[ties-8]" time="0.009" /><testcase classname="tests.starlink_glrt.test_cpu_coarse" name="test_bounded_selection_matches_sorted_oracle[ties-32]" time="0.009" /><testcase classname="tests.starlink_glrt.test_cpu_coarse" name="test_bounded_selection_matches_sorted_oracle[ties-64]" time="0.009" /><testcase classname="tests.starlink_glrt.test_cpu_coarse" name="test_bounded_selection_matches_sorted_oracle[zero-1]" time="0.005" /><testcase classname="tests.starlink_glrt.test_cpu_coarse" name="test_bounded_selection_matches_sorted_oracle[zero-8]" time="0.005" /><testcase classname="tests.starlink_glrt.test_cpu_coarse" name="test_bounded_selection_matches_sorted_oracle[zero-32]" time="0.005" /><testcase classname="tests.starlink_glrt.test_cpu_coarse" name="test_bounded_selection_matches_sorted_oracle[zero-64]" time="0.005" /><testcase classname="tests.starlink_glrt.test_cpu_coarse" name="test_bounded_selection_cancellation_clears_all_proposals[1]" time="0.000" /><testcase classname="tests.starlink_glrt.test_cpu_coarse" name="test_bounded_selection_cancellation_clears_all_proposals[2]" time="0.000" /><testcase classname="tests.starlink_glrt.test_cpu_coarse" name="test_bounded_selection_cancellation_clears_all_proposals[32]" time="0.000" /><testcase classname="tests.starlink_glrt.test_cpu_coarse" name="test_bounded_selection_cancellation_clears_all_proposals[64]" time="0.000" /><testcase classname="tests.starlink_glrt.test_cpu_coarse" name="test_bounded_selection_cancellation_clears_all_proposals[65]" time="0.000" /><testcase classname="tests.starlink_glrt.test_cpu_coarse" name="test_bounded_selection_rejects_invalid_admission[0-3333]" time="0.000" /><testcase classname="tests.starlink_glrt.test_cpu_coarse" name="test_bounded_selection_rejects_invalid_admission[65-3333]" time="0.000" /><testcase classname="tests.starlink_glrt.test_cpu_coarse" name="test_bounded_selection_rejects_invalid_admission[64-3332]" time="0.000" /><testcase classname="tests.starlink_glrt.test_cpu_seed" name="test_exact_source_coordinates_match_fraction_oracle[0-0]" time="0.501" /><testcase classname="tests.starlink_glrt.test_cpu_seed" name="test_exact_source_coordinates_match_fraction_oracle[0-1000000]" time="0.000" /><testcase classname="tests.starlink_glrt.test_cpu_seed" name="test_exact_source_coordinates_match_fraction_oracle[0-1152921504606846993]" time="0.000" /><testcase classname="tests.starlink_glrt.test_cpu_seed" name="test_exact_source_coordinates_match_fraction_oracle[0-18446744073706551615]" time="0.000" /><testcase classname="tests.starlink_glrt.test_cpu_seed" name="test_exact_source_coordinates_match_fraction_oracle[1234-0]" time="0.000" /><testcase classname="tests.starlink_glrt.test_cpu_seed" name="test_exact_source_coordinates_match_fraction_oracle[1234-1000000]" time="0.000" /><testcase classname="tests.starlink_glrt.test_cpu_seed" name="test_exact_source_coordinates_match_fraction_oracle[1234-1152921504606846993]" time="0.000" /><testcase classname="tests.starlink_glrt.test_cpu_seed" name="test_exact_source_coordinates_match_fraction_oracle[1234-18446744073706551615]" time="0.000" /><testcase classname="tests.starlink_glrt.test_cpu_seed" name="test_exact_source_coordinates_match_fraction_oracle[3332-0]" time="0.000" /><testcase classname="tests.starlink_glrt.test_cpu_seed" name="test_exact_source_coordinates_match_fraction_oracle[3332-1000000]" time="0.000" /><testcase classname="tests.starlink_glrt.test_cpu_seed" name="test_exact_source_coordinates_match_fraction_oracle[3332-1152921504606846993]" time="0.000" /><testcase classname="tests.starlink_glrt.test_cpu_seed" name="test_exact_source_coordinates_match_fraction_oracle[3332-18446744073706551615]" time="0.001" /><testcase classname="tests.starlink_glrt.test_cpu_seed" name="test_malformed_or_unavailable_proposals_cannot_select_iq[candidate_epoch]" time="0.000" /><testcase classname="tests.starlink_glrt.test_cpu_seed" name="test_malformed_or_unavailable_proposals_cannot_select_iq[bin]" time="0.000" /><testcase classname="tests.starlink_glrt.test_cpu_seed" name="test_malformed_or_unavailable_proposals_cannot_select_iq[frequency]" time="0.000" /><testcase classname="tests.starlink_glrt.test_cpu_seed" name="test_malformed_or_unavailable_proposals_cannot_select_iq[zero_score]" time="0.000" /><testcase classname="tests.starlink_glrt.test_cpu_seed" name="test_malformed_or_unavailable_proposals_cannot_select_iq[score]" time="0.000" /><testcase classname="tests.starlink_glrt.test_cpu_seed" name="test_malformed_or_unavailable_proposals_cannot_select_iq[overflow]" time="0.000" /><testcase classname="tests.starlink_glrt.test_cpu_seed" name="test_malformed_or_unavailable_proposals_cannot_select_iq[epoch]" time="0.000" /><testcase classname="tests.starlink_glrt.test_cpu_seed" name="test_malformed_or_unavailable_proposals_cannot_select_iq[closed]" time="0.000" /><testcase classname="tests.starlink_glrt.test_cpu_seed" name="test_malformed_or_unavailable_proposals_cannot_select_iq[invalid]" time="0.000" /><testcase classname="tests.starlink_glrt.test_cpu_seed" name="test_malformed_or_unavailable_proposals_cannot_select_iq[unobserved]" time="0.000" /><testcase classname="tests.starlink_glrt.test_cpu_seed" name="test_malformed_or_unavailable_proposals_cannot_select_iq[generation]" time="0.000" /><testcase classname="tests.starlink_glrt.test_cpu_seed" name="test_malformed_or_unavailable_proposals_cannot_select_iq[reversed]" time="0.000" /><testcase classname="tests.starlink_glrt.test_cpu_seed" name="test_malformed_or_unavailable_proposals_cannot_select_iq[future_iq]" time="0.000" /><testcase classname="tests.starlink_glrt.test_cpu_seed" name="test_malformed_or_unavailable_proposals_cannot_select_iq[future_proposal]" time="0.000" /><testcase classname="tests.starlink_glrt.test_cpu_seed" name="test_malformed_or_unavailable_proposals_cannot_select_iq[partial]" time="0.000" /><testcase classname="tests.starlink_glrt.test_cpu_seed" name="test_malformed_or_unavailable_proposals_cannot_select_iq[expired]" time="0.000" /><testcase classname="tests.starlink_glrt.test_cpu_seed" name="test_malformed_or_unavailable_proposals_cannot_select_iq[few]" time="0.000" /><testcase classname="tests.starlink_glrt.test_cpu_seed" name="test_malformed_or_unavailable_proposals_cannot_select_iq[overwritten]" time="0.000" /><testcase classname="tests.starlink_glrt.test_cpu_seed" name="test_malformed_or_unavailable_proposals_cannot_select_iq[age]" time="0.000" /><testcase classname="tests.starlink_glrt.test_cpu_seed" name="test_malformed_or_unavailable_proposals_cannot_select_iq[large_age]" time="0.000" /><testcase classname="tests.starlink_glrt.test_cpu_seed" name="test_copy_uses_owned_ring_and_rejects_unusable_history[normal]" time="0.003" /><testcase classname="tests.starlink_glrt.test_cpu_seed" name="test_copy_uses_owned_ring_and_rejects_unusable_history[wrapped]" time="0.002" /><testcase classname="tests.starlink_glrt.test_cpu_seed" name="test_copy_uses_owned_ring_and_rejects_unusable_history[closed]" time="0.001" /><testcase classname="tests.starlink_glrt.test_cpu_seed" name="test_copy_uses_owned_ring_and_rejects_unusable_history[lost]" time="0.001" /><testcase classname="tests.starlink_glrt.test_cpu_seed" name="test_copy_uses_owned_ring_and_rejects_unusable_history[epoch]" time="0.001" /><testcase classname="tests.starlink_glrt.test_cpu_seed" name="test_copy_uses_owned_ring_and_rejects_unusable_history[short]" time="0.001" /><testcase classname="tests.starlink_glrt.test_cpu_seed" name="test_copy_uses_owned_ring_and_rejects_unusable_history[expired]" time="0.001" /><testcase classname="tests.starlink_glrt.test_cpu_seed" name="test_resolver_agrees_with_fft_oracle_and_initializes_no_supported_history[-8--511246-69]" time="0.027" /><testcase classname="tests.starlink_glrt.test_cpu_seed" name="test_resolver_agrees_with_fft_oracle_and_initializes_no_supported_history[-8--511246-70]" time="0.026" /><testcase classname="tests.starlink_glrt.test_cpu_seed" name="test_resolver_agrees_with_fft_oracle_and_initializes_no_supported_history[-8--511246-71]" time="0.023" /><testcase classname="tests.starlink_glrt.test_cpu_seed" name="test_resolver_agrees_with_fft_oracle_and_initializes_no_supported_history[3-511246-69]" time="0.016" /><testcase classname="tests.starlink_glrt.test_cpu_seed" name="test_resolver_agrees_with_fft_oracle_and_initializes_no_supported_history[3-511246-70]" time="0.016" /><testcase classname="tests.starlink_glrt.test_cpu_seed" name="test_resolver_agrees_with_fft_oracle_and_initializes_no_supported_history[3-511246-71]" time="0.016" /><testcase classname="tests.starlink_glrt.test_cpu_seed" name="test_resolver_agrees_with_fft_oracle_and_initializes_no_supported_history[8-399999-69]" time="0.016" /><testcase classname="tests.starlink_glrt.test_cpu_seed" name="test_resolver_agrees_with_fft_oracle_and_initializes_no_supported_history[8-399999-70]" time="0.016" /><testcase classname="tests.starlink_glrt.test_cpu_seed" name="test_resolver_agrees_with_fft_oracle_and_initializes_no_supported_history[8-399999-71]" time="0.016" /><testcase classname="tests.starlink_glrt.test_cpu_seed" name="test_invalid_or_failed_resolution_leaves_no_bootstrap[first]" time="0.000" /><testcase classname="tests.starlink_glrt.test_cpu_seed" name="test_invalid_or_failed_resolution_leaves_no_bootstrap[start]" time="0.000" /><testcase classname="tests.starlink_glrt.test_cpu_seed" name="test_invalid_or_failed_resolution_leaves_no_bootstrap[fraction]" time="0.000" /><testcase classname="tests.starlink_glrt.test_cpu_seed" name="test_invalid_or_failed_resolution_leaves_no_bootstrap[repeat]" time="0.000" /><testcase classname="tests.starlink_glrt.test_cpu_seed" name="test_invalid_or_failed_resolution_leaves_no_bootstrap[starts]" time="0.000" /><testcase classname="tests.starlink_glrt.test_cpu_seed" name="test_invalid_or_failed_resolution_leaves_no_bootstrap[closed]" time="0.000" /><testcase classname="tests.starlink_glrt.test_cpu_seed" name="test_invalid_or_failed_resolution_leaves_no_bootstrap[invalid]" time="0.000" /><testcase classname="tests.starlink_glrt.test_cpu_seed" name="test_invalid_or_failed_resolution_leaves_no_bootstrap[epoch]" time="0.000" /><testcase classname="tests.starlink_glrt.test_cpu_seed" name="test_invalid_or_failed_resolution_leaves_no_bootstrap[overwritten]" time="0.000" /><testcase classname="tests.starlink_glrt.test_cpu_seed" name="test_invalid_or_failed_resolution_leaves_no_bootstrap[short]" time="0.000" /><testcase classname="tests.starlink_glrt.test_cpu_seed" name="test_invalid_or_failed_resolution_leaves_no_bootstrap[future_iq]" time="0.000" /><testcase classname="tests.starlink_glrt.test_cpu_seed" name="test_invalid_or_failed_resolution_leaves_no_bootstrap[source]" time="0.000" /><testcase classname="tests.starlink_glrt.test_cpu_seed" name="test_invalid_or_failed_resolution_leaves_no_bootstrap[clock]" time="0.000" /><testcase classname="tests.starlink_glrt.test_cpu_seed" name="test_invalid_or_failed_resolution_leaves_no_bootstrap[generation]" time="0.000" /><testcase classname="tests.starlink_glrt.test_cpu_seed" name="test_invalid_or_failed_resolution_leaves_no_bootstrap[expired]" time="0.000" /><testcase classname="tests.starlink_glrt.test_cpu_seed" name="test_invalid_or_failed_resolution_leaves_no_bootstrap[fft]" time="0.000" /><testcase classname="tests.starlink_glrt.test_cpu_seed" name="test_invalid_or_failed_resolution_leaves_no_bootstrap[empty_reference]" time="0.000" /><testcase classname="tests.starlink_glrt.test_cpu_tracking_bench" name="test_complete_chain_with_pilots_and_zero_control[False]" time="0.896" /><testcase classname="tests.starlink_glrt.test_cpu_tracking_bench" name="test_complete_chain_with_pilots_and_zero_control[True]" time="0.124" /><testcase classname="tests.starlink_glrt.test_cpu_live_probe" name="test_dwell_profiles_have_finite_capture_and_worker_limits[None-expected0]" time="1.509" /><testcase classname="tests.starlink_glrt.test_cpu_live_probe" name="test_dwell_profiles_have_finite_capture_and_worker_limits[1536-expected1]" time="0.000" /><testcase classname="tests.starlink_glrt.test_cpu_live_probe" name="test_dwell_profiles_have_finite_capture_and_worker_limits[4096-expected2]" time="0.000" /><testcase classname="tests.starlink_glrt.test_cpu_live_probe" name="test_dwell_profiles_have_finite_capture_and_worker_limits[45000-expected3]" time="0.000" /><testcase classname="tests.starlink_glrt.test_cpu_live_probe" name="test_dwell_profiles_have_finite_capture_and_worker_limits[1536-selected-expected4]" time="0.000" /><testcase classname="tests.starlink_glrt.test_cpu_live_probe" name="test_dwell_profiles_have_finite_capture_and_worker_limits[1536-selected-observer3-expected5]" time="0.000" /><testcase classname="tests.starlink_glrt.test_cpu_live_probe" name="test_invalid_dwell_rejected_before_opening_evidence_or_radio[0]" time="0.000" /><testcase classname="tests.starlink_glrt.test_cpu_live_probe" name="test_invalid_dwell_rejected_before_opening_evidence_or_radio[4097]" time="0.000" /><testcase classname="tests.starlink_glrt.test_cpu_live_probe" name="test_invalid_dwell_rejected_before_opening_evidence_or_radio[-1]" time="0.000" /><testcase classname="tests.starlink_glrt.test_cpu_live_probe" name="test_invalid_dwell_rejected_before_opening_evidence_or_radio[4096garbage]" time="0.000" /><testcase classname="tests.starlink_glrt.test_cpu_live_probe" name="test_invalid_dwell_rejected_before_opening_evidence_or_radio[4294967296]" time="0.001" /><testcase classname="tests.starlink_glrt.test_cpu_live_probe" name="test_early_stop_requires_idle_complete_counters_with_bounded_tail[32768-32768-8-1]" time="0.000" /><testcase classname="tests.starlink_glrt.test_cpu_live_probe" name="test_early_stop_requires_idle_complete_counters_with_bounded_tail[32891-32891-8-1]" time="0.000" /><testcase classname="tests.starlink_glrt.test_cpu_live_probe" name="test_early_stop_requires_idle_complete_counters_with_bounded_tail[32891-32890-8-0]" time="0.000" /><testcase classname="tests.starlink_glrt.test_cpu_live_probe" name="test_early_stop_requires_idle_complete_counters_with_bounded_tail[32767-32767-8-0]" time="0.000" /><testcase classname="tests.starlink_glrt.test_cpu_live_probe" name="test_early_stop_requires_idle_complete_counters_with_bounded_tail[32768-32768-9-0]" time="0.000" /><testcase classname="tests.starlink_glrt.test_cpu_live_probe" name="test_early_stop_requires_idle_complete_counters_with_bounded_tail[32768-32768-10-0]" time="0.000" /><testcase classname="tests.starlink_glrt.test_cpu_live_probe" name="test_early_stop_requires_idle_complete_counters_with_bounded_tail[65537-65537-8-0]" time="0.000" /><testcase classname="tests.starlink_glrt.test_cpu_live_probe" name="test_native_episodes_use_separate_exclusive_bounded_journals" time="0.001" /><testcase classname="tests.starlink_glrt.test_cpu_live_probe" name="test_paired_iq_waits_for_real_publication_and_rejects_lost_inputs[delayed-30000000]" time="0.002" /><testcase classname="tests.starlink_glrt.test_cpu_live_probe" name="test_paired_iq_waits_for_real_publication_and_rejects_lost_inputs[delayed-60000000]" time="0.001" /><testcase classname="tests.starlink_glrt.test_cpu_live_probe" name="test_paired_iq_waits_for_real_publication_and_rejects_lost_inputs[closed-30000000]" time="0.001" /><testcase classname="tests.starlink_glrt.test_cpu_live_probe" name="test_paired_iq_waits_for_real_publication_and_rejects_lost_inputs[closed-60000000]" time="0.001" /><testcase classname="tests.starlink_glrt.test_cpu_live_probe" name="test_paired_iq_waits_for_real_publication_and_rejects_lost_inputs[overwritten-30000000]" time="0.006" /><testcase classname="tests.starlink_glrt.test_cpu_live_probe" name="test_paired_iq_waits_for_real_publication_and_rejects_lost_inputs[overwritten-60000000]" time="0.008" /><testcase classname="tests.starlink_glrt.test_cpu_live_probe" name="test_paired_iq_waits_for_real_publication_and_rejects_lost_inputs[retention-30000000]" time="0.002" /><testcase classname="tests.starlink_glrt.test_cpu_live_probe" name="test_paired_iq_waits_for_real_publication_and_rejects_lost_inputs[retention-60000000]" time="0.001" /><testcase classname="tests.starlink_glrt.test_cpu_live_probe" name="test_original_pilot_order_matches_independent_fft[secondary_pilot]" time="0.007" /><testcase classname="tests.starlink_glrt.test_cpu_live_probe" name="test_original_pilot_order_matches_independent_fft[noise]" time="0.007" /><testcase classname="tests.starlink_glrt.test_cpu_live_probe" name="test_original_pilot_order_matches_independent_fft[zero]" time="0.007" /><testcase classname="tests.starlink_glrt.test_cpu_live_probe" name="test_original_pilot_order_matches_independent_fft[cancel]" time="0.001" /><testcase classname="tests.starlink_glrt.test_cpu_live_probe" name="test_original_pilot_order_matches_independent_fft[invalid_epoch]" time="0.002" /><testcase classname="tests.starlink_glrt.test_cpu_live_probe" name="test_observer_thread_has_separate_retention_and_is_joined_before_owner_release[9-waiting_cancel]" time="0.001" /><testcase classname="tests.starlink_glrt.test_cpu_live_probe" name="test_observer_thread_has_separate_retention_and_is_joined_before_owner_release[9-retained_cancel]" time="0.003" /><testcase classname="tests.starlink_glrt.test_cpu_live_probe" name="test_observer_thread_has_separate_retention_and_is_joined_before_owner_release[9-closed]" time="0.001" /><testcase classname="tests.starlink_glrt.test_cpu_live_probe" name="test_observer_thread_has_separate_retention_and_is_joined_before_owner_release[9-iq_failure]" time="0.003" /><testcase classname="tests.starlink_glrt.test_cpu_live_probe" name="test_observer_thread_has_separate_retention_and_is_joined_before_owner_release[9-journal_failure]" time="0.001" /><testcase classname="tests.starlink_glrt.test_cpu_live_probe" name="test_observer_thread_has_separate_retention_and_is_joined_before_owner_release[3-waiting_cancel]" time="0.001" /><testcase classname="tests.starlink_glrt.test_cpu_live_probe" name="test_observer_thread_has_separate_retention_and_is_joined_before_owner_release[3-retained_cancel]" time="0.005" /><testcase classname="tests.starlink_glrt.test_cpu_live_probe" name="test_observer_thread_has_separate_retention_and_is_joined_before_owner_release[3-closed]" time="0.003" /><testcase classname="tests.starlink_glrt.test_cpu_live_probe" name="test_observer_thread_has_separate_retention_and_is_joined_before_owner_release[3-iq_failure]" time="0.003" /><testcase classname="tests.starlink_glrt.test_cpu_live_probe" name="test_observer_thread_has_separate_retention_and_is_joined_before_owner_release[3-journal_failure]" time="0.001" /><testcase classname="tests.starlink_glrt.test_cpu_live_probe" name="test_advancing_capture_worker_and_native_feedback[9-30000000-signal]" time="3.328" /><testcase classname="tests.starlink_glrt.test_cpu_live_probe" name="test_advancing_capture_worker_and_native_feedback[9-60000000-signal]" time="2.179" /><testcase classname="tests.starlink_glrt.test_cpu_live_probe" name="test_advancing_capture_worker_and_native_feedback[9-60000000-publication_lag]" time="2.207" /><testcase classname="tests.starlink_glrt.test_cpu_live_probe" name="test_advancing_capture_worker_and_native_feedback[9-60000000-handoff_horizon_expired]" time="0.142" /><testcase classname="tests.starlink_glrt.test_cpu_live_probe" name="test_advancing_capture_worker_and_native_feedback[9-30000000-zero]" time="0.060" /><testcase classname="tests.starlink_glrt.test_cpu_live_probe" name="test_advancing_capture_worker_and_native_feedback[9-30000000-zero_long]" time="0.149" /><testcase classname="tests.starlink_glrt.test_cpu_live_probe" name="test_advancing_capture_worker_and_native_feedback[9-30000000-cancel]" time="0.002" /><testcase classname="tests.starlink_glrt.test_cpu_live_probe" name="test_advancing_capture_worker_and_native_feedback[9-30000000-source_loss]" time="0.001" /><testcase classname="tests.starlink_glrt.test_cpu_live_probe" name="test_advancing_capture_worker_and_native_feedback[9-30000000-selected_signal]" time="2.181" /><testcase classname="tests.starlink_glrt.test_cpu_live_probe" name="test_advancing_capture_worker_and_native_feedback[9-60000000-selected_signal]" time="2.183" /><testcase classname="tests.starlink_glrt.test_cpu_live_probe" name="test_advancing_capture_worker_and_native_feedback[9-60000000-selected_zero]" time="0.032" /><testcase classname="tests.starlink_glrt.test_cpu_live_probe" name="test_advancing_capture_worker_and_native_feedback[9-60000000-selected_retention]" time="0.012" /><testcase classname="tests.starlink_glrt.test_cpu_live_probe" name="test_advancing_capture_worker_and_native_feedback[9-30000000-native_rejection]" time="0.185" /><testcase classname="tests.starlink_glrt.test_cpu_live_probe" name="test_advancing_capture_worker_and_native_feedback[9-30000000-native_retention]" time="0.127" /><testcase classname="tests.starlink_glrt.test_cpu_live_probe" name="test_advancing_capture_worker_and_native_feedback[9-30000000-late_handoff]" time="0.121" /><testcase classname="tests.starlink_glrt.test_cpu_live_probe" name="test_advancing_capture_worker_and_native_feedback[9-30000000-observer_retention]" time="2.182" /><testcase classname="tests.starlink_glrt.test_cpu_live_probe" name="test_advancing_capture_worker_and_native_feedback[9-60000000-observer_retention]" time="2.199" /><testcase classname="tests.starlink_glrt.test_cpu_live_probe" name="test_advancing_capture_worker_and_native_feedback[3-30000000-signal]" time="2.184" /><testcase classname="tests.starlink_glrt.test_cpu_live_probe" name="test_advancing_capture_worker_and_native_feedback[3-60000000-signal]" time="2.185" /><testcase classname="tests.starlink_glrt.test_cpu_live_probe" name="test_advancing_capture_worker_and_native_feedback[3-60000000-publication_lag]" time="2.180" /><testcase classname="tests.starlink_glrt.test_cpu_live_probe" name="test_advancing_capture_worker_and_native_feedback[3-60000000-handoff_horizon_expired]" time="0.124" /><testcase classname="tests.starlink_glrt.test_cpu_live_probe" name="test_advancing_capture_worker_and_native_feedback[3-30000000-zero]" time="0.066" /><testcase classname="tests.starlink_glrt.test_cpu_live_probe" name="test_advancing_capture_worker_and_native_feedback[3-30000000-zero_long]" time="0.155" /><testcase classname="tests.starlink_glrt.test_cpu_live_probe" name="test_advancing_capture_worker_and_native_feedback[3-30000000-cancel]" time="0.001" /><testcase classname="tests.starlink_glrt.test_cpu_live_probe" name="test_advancing_capture_worker_and_native_feedback[3-30000000-source_loss]" time="0.001" /><testcase classname="tests.starlink_glrt.test_cpu_live_probe" name="test_advancing_capture_worker_and_native_feedback[3-30000000-selected_signal]" time="2.190" /><testcase classname="tests.starlink_glrt.test_cpu_live_probe" name="test_advancing_capture_worker_and_native_feedback[3-60000000-selected_signal]" time="2.191" /><testcase classname="tests.starlink_glrt.test_cpu_live_probe" name="test_advancing_capture_worker_and_native_feedback[3-60000000-selected_zero]" time="0.032" /><testcase classname="tests.starlink_glrt.test_cpu_live_probe" name="test_advancing_capture_worker_and_native_feedback[3-60000000-selected_retention]" time="0.011" /><testcase classname="tests.starlink_glrt.test_cpu_live_probe" name="test_advancing_capture_worker_and_native_feedback[3-30000000-native_rejection]" time="0.171" /><testcase classname="tests.starlink_glrt.test_cpu_live_probe" name="test_advancing_capture_worker_and_native_feedback[3-30000000-native_retention]" time="0.148" /><testcase classname="tests.starlink_glrt.test_cpu_live_probe" name="test_advancing_capture_worker_and_native_feedback[3-30000000-late_handoff]" time="0.143" /><testcase classname="tests.starlink_glrt.test_cpu_live_probe" name="test_advancing_capture_worker_and_native_feedback[3-30000000-observer_retention]" time="2.212" /><testcase classname="tests.starlink_glrt.test_cpu_live_probe" name="test_advancing_capture_worker_and_native_feedback[3-60000000-observer_retention]" time="2.169" /><testcase classname="tests.starlink_glrt.test_cpu_live_probe" name="test_clean_native_loss_reacquires_in_new_epoch_with_global_budgets[loss_then_supported-30000000]" time="2.479" /><testcase classname="tests.starlink_glrt.test_cpu_live_probe" name="test_clean_native_loss_reacquires_in_new_epoch_with_global_budgets[loss_then_supported-60000000]" time="2.448" /><testcase classname="tests.starlink_glrt.test_cpu_live_probe" name="test_clean_native_loss_reacquires_in_new_epoch_with_global_budgets[four_losses-30000000]" time="0.573" /><testcase classname="tests.starlink_glrt.test_cpu_live_probe" name="test_clean_native_loss_reacquires_in_new_epoch_with_global_budgets[four_losses-60000000]" time="0.604" /><testcase classname="tests.starlink_glrt.test_cpu_live_probe" name="test_clean_native_loss_reacquires_in_new_epoch_with_global_budgets[attempt_budget-30000000]" time="0.181" /><testcase classname="tests.starlink_glrt.test_cpu_live_probe" name="test_clean_native_loss_reacquires_in_new_epoch_with_global_budgets[attempt_budget-60000000]" time="0.175" /><testcase classname="tests.starlink_glrt.test_cpu_live_probe" name="test_clean_native_loss_reacquires_in_new_epoch_with_global_budgets[full_profile-30000000]" time="0.171" /><testcase classname="tests.starlink_glrt.test_cpu_live_probe" name="test_clean_native_loss_reacquires_in_new_epoch_with_global_budgets[full_profile-60000000]" time="0.169" /><testcase classname="tests.starlink_glrt.test_cpu_live_probe" name="test_clean_native_loss_reacquires_in_new_epoch_with_global_budgets[visit_full_profile-30000000]" time="0.170" /><testcase classname="tests.starlink_glrt.test_cpu_live_probe" name="test_clean_native_loss_reacquires_in_new_epoch_with_global_budgets[visit_full_profile-60000000]" time="0.169" /><testcase classname="tests.starlink_glrt.test_cpu_live_probe" name="test_clean_native_loss_reacquires_in_new_epoch_with_global_budgets[visit_selected_profile-30000000]" time="0.176" /><testcase classname="tests.starlink_glrt.test_cpu_live_probe" name="test_clean_native_loss_reacquires_in_new_epoch_with_global_budgets[visit_selected_profile-60000000]" time="0.167" /><testcase classname="tests.starlink_glrt.test_cpu_live_probe" name="test_clean_native_loss_reacquires_in_new_epoch_with_global_budgets[short_observer3-30000000]" time="0.173" /><testcase classname="tests.starlink_glrt.test_cpu_live_probe" name="test_clean_native_loss_reacquires_in_new_epoch_with_global_budgets[short_observer3-60000000]" time="0.164" /><testcase classname="tests.starlink_glrt.test_cpu_live_probe" name="test_clean_native_loss_reacquires_in_new_epoch_with_global_budgets[worker_error-30000000]" time="0.183" /><testcase classname="tests.starlink_glrt.test_cpu_live_probe" name="test_clean_native_loss_reacquires_in_new_epoch_with_global_budgets[worker_error-60000000]" time="0.162" /><testcase classname="tests.starlink_glrt.test_cpu_live_probe" name="test_clean_native_loss_reacquires_in_new_epoch_with_global_budgets[retention_error-30000000]" time="0.160" /><testcase classname="tests.starlink_glrt.test_cpu_live_probe" name="test_clean_native_loss_reacquires_in_new_epoch_with_global_budgets[retention_error-60000000]" time="0.187" /><testcase classname="tests.starlink_glrt.test_cpu_live_probe" name="test_clean_native_loss_reacquires_in_new_epoch_with_global_budgets[restart_budget-30000000]" time="0.161" /><testcase classname="tests.starlink_glrt.test_cpu_live_probe" name="test_clean_native_loss_reacquires_in_new_epoch_with_global_budgets[restart_budget-60000000]" time="0.164" /><testcase classname="tests.starlink_glrt.test_cpu_live_probe" name="test_clean_native_loss_reacquires_in_new_epoch_with_global_budgets[cancel-30000000]" time="0.161" /><testcase classname="tests.starlink_glrt.test_cpu_live_probe" name="test_clean_native_loss_reacquires_in_new_epoch_with_global_budgets[cancel-60000000]" time="0.181" /><testcase classname="tests.starlink_glrt.test_cpu_live_probe" name="test_clean_native_loss_reacquires_in_new_epoch_with_global_budgets[deadline-30000000]" time="0.161" /><testcase classname="tests.starlink_glrt.test_cpu_live_probe" name="test_clean_native_loss_reacquires_in_new_epoch_with_global_budgets[deadline-60000000]" time="0.168" /><testcase classname="tests.starlink_glrt.test_cpu_live_probe" name="test_clean_native_loss_reacquires_in_new_epoch_with_global_budgets[uncleared-30000000]" time="0.173" /><testcase classname="tests.starlink_glrt.test_cpu_live_probe" name="test_clean_native_loss_reacquires_in_new_epoch_with_global_budgets[uncleared-60000000]" time="0.181" /><testcase classname="tests.starlink_glrt.test_cpu_live_probe" name="test_clean_native_loss_reacquires_in_new_epoch_with_global_budgets[source_gap-30000000]" time="0.173" /><testcase classname="tests.starlink_glrt.test_cpu_live_probe" name="test_clean_native_loss_reacquires_in_new_epoch_with_global_budgets[source_gap-60000000]" time="0.161" /><testcase classname="tests.starlink_glrt.test_cpu_live_probe" name="test_clean_native_loss_reacquires_in_new_epoch_with_global_budgets[wrong_epoch-30000000]" time="0.161" /><testcase classname="tests.starlink_glrt.test_cpu_live_probe" name="test_clean_native_loss_reacquires_in_new_epoch_with_global_budgets[wrong_epoch-60000000]" time="0.169" /><testcase classname="tests.starlink_glrt.test_cpu_live_probe" name="test_clean_native_loss_reacquires_in_new_epoch_with_global_budgets[wrong_rate-30000000]" time="0.164" /><testcase classname="tests.starlink_glrt.test_cpu_live_probe" name="test_clean_native_loss_reacquires_in_new_epoch_with_global_budgets[wrong_rate-60000000]" time="0.160" /><testcase classname="tests.starlink_glrt.test_cpu_live_probe" name="test_clean_native_loss_reacquires_in_new_epoch_with_global_budgets[unread_head-30000000]" time="0.183" /><testcase classname="tests.starlink_glrt.test_cpu_live_probe" name="test_clean_native_loss_reacquires_in_new_epoch_with_global_budgets[unread_head-60000000]" time="0.182" /><testcase classname="tests.starlink_glrt.test_cpu_live_probe" name="test_clean_native_loss_reacquires_in_new_epoch_with_global_budgets[read_failure-30000000]" time="0.160" /><testcase classname="tests.starlink_glrt.test_cpu_live_probe" name="test_clean_native_loss_reacquires_in_new_epoch_with_global_budgets[read_failure-60000000]" time="0.186" /><testcase classname="tests.starlink_glrt.test_cpu_live_probe" name="test_clean_native_loss_reacquires_in_new_epoch_with_global_budgets[rebase_same_epoch-30000000]" time="0.154" /><testcase classname="tests.starlink_glrt.test_cpu_live_probe" name="test_clean_native_loss_reacquires_in_new_epoch_with_global_budgets[rebase_same_epoch-60000000]" time="0.153" /><testcase classname="tests.starlink_glrt.test_cpu_live_probe" name="test_clean_native_loss_reacquires_in_new_epoch_with_global_budgets[rebase_short_write-30000000]" time="0.154" /><testcase classname="tests.starlink_glrt.test_cpu_live_probe" name="test_clean_native_loss_reacquires_in_new_epoch_with_global_budgets[rebase_short_write-60000000]" time="0.153" /></testsuite></testsuites>