<?xml version="1.0" encoding="utf-8"?><testsuites name="pytest tests"><testsuite name="pytest" errors="0" failures="0" skipped="0" tests="23" time="1.365" timestamp="2026-09-26T15:18:30.941276+00:00" hostname="gauss"><testcase classname="tests.reports.test_phase_replay_acquisition" name="test_pins_corrected_revisions_and_source" time="0.000" /><testcase classname="tests.reports.test_phase_replay_acquisition" name="test_dense_runner_uses_native_six_probe_schedule" time="0.000" /><testcase classname="tests.reports.test_scan_32a202_capture_audit" name="test_counter_word_match_preserves_row_coordinate_and_offset" time="0.000" /><testcase classname="tests.reports.test_scan_32a202_capture_audit" name="test_intervals_are_half_open_and_coalesced" time="0.000" /><testcase classname="tests.reports.test_scan_32a202_frame_methods" name="test_primary_candidate_uses_margin_then_recorded_rank" time="0.000" /><testcase classname="tests.reports.test_scan_32a202_frame_methods" name="test_primary_candidate_preserves_not_acquired" time="0.000" /><testcase classname="tests.reports.test_scan_cross_dwell" name="test_strict_causal_fit_excludes_overlapping_endpoint_support" time="0.001" /><testcase classname="tests.reports.test_scan_guarded_spectral" name="test_shared_schedule_excludes_fir_support_overlap" time="0.007" /><testcase classname="tests.reports.test_scan_guarded_spectral" name="test_held_data_cannot_change_training_spectral_mask" time="0.034" /><testcase classname="tests.reports.test_scan_guarded_spectral" name="test_alias_selection_uses_training_samples_only" time="0.048" /><testcase classname="tests.reports.test_scan_phase_replay_dual_rx" name="test_direct_phasor_restores_known_relative_cfo_and_phase" time="0.001" /><testcase classname="tests.reports.test_scan_phase_replay_dual_rx" name="test_sample_level_mix_restores_650khz_before_32768_sample_average" time="0.010" /><testcase classname="tests.reports.test_scan_phase_replay_dual_rx" name="test_fit_uses_integer_origin_and_predicts_without_eval_intercept" time="0.001" /><testcase classname="tests.reports.test_scan_phase_replay_dual_rx" name="test_holdout_is_disjoint_and_wrong_time_avoids_recurrence_offsets" time="0.000" /><testcase classname="tests.reports.test_scan_phase_replay_dual_rx" name="test_forward_fit_is_invariant_to_future_samples" time="0.508" /><testcase classname="tests.reports.test_scan_phase_replay_harness" name="test_visit_arrays_preserve_distinct_integer_axes_and_mask_semantics" time="0.024" /><testcase classname="tests.reports.test_scan_phase_replay_harness" name="test_array_contract_rejects_writable_or_inconsistent_inputs" time="0.006" /><testcase classname="tests.reports.test_scan_phase_replay_harness" name="test_counter_conversion_subtracts_integer_origin_before_float" time="0.000" /><testcase classname="tests.reports.test_scan_phase_replay_harness" name="test_expanded_support_leakage_check_is_boundary_aware" time="0.000" /><testcase classname="tests.reports.test_scan_phase_replay_harness" name="test_selection_is_complete_stratified_and_locked" time="0.001" /><testcase classname="tests.reports.test_scan_phase_replay_harness" name="test_registry_accounts_for_all_30_rows_and_schema_documents_parse" time="0.007" /><testcase classname="tests.reports.test_scan_phase_sync_spectral" name="test_sss_published_encoding_and_edges" time="0.000" /><testcase classname="tests.reports.test_scan_phase_sync_spectral" name="test_sss_rejects_invalid_index_and_edge" time="0.000" /></testsuite></testsuites>