<?xml version="1.0" encoding="utf-8"?><testsuites name="pytest tests"><testsuite name="pytest" errors="0" failures="0" skipped="0" tests="10" time="0.045" timestamp="2026-09-13T22:58:17.172700+00:00" hostname="gauss"><testcase classname="test_scan64_frequency_revisit_operator" name="test_valid_plan_is_bound_and_refused_before_radio_contact[channels0-30000000]" time="0.005" /><testcase classname="test_scan64_frequency_revisit_operator" name="test_valid_plan_is_bound_and_refused_before_radio_contact[channels0-60000000]" time="0.001" /><testcase classname="test_scan64_frequency_revisit_operator" name="test_valid_plan_is_bound_and_refused_before_radio_contact[channels1-30000000]" time="0.001" /><testcase classname="test_scan64_frequency_revisit_operator" name="test_valid_plan_is_bound_and_refused_before_radio_contact[channels1-60000000]" time="0.001" /><testcase classname="test_scan64_frequency_revisit_operator" name="test_valid_plan_is_bound_and_refused_before_radio_contact[channels2-30000000]" time="0.001" /><testcase classname="test_scan64_frequency_revisit_operator" name="test_valid_plan_is_bound_and_refused_before_radio_contact[channels2-60000000]" time="0.001" /><testcase classname="test_scan64_frequency_revisit_operator" name="test_bad_plan_is_rejected_before_identity_or_evidence[channels0]" time="0.000" /><testcase classname="test_scan64_frequency_revisit_operator" name="test_bad_plan_is_rejected_before_identity_or_evidence[channels1]" time="0.001" /><testcase classname="test_scan64_frequency_revisit_operator" name="test_bad_plan_is_rejected_before_identity_or_evidence[channels2]" time="0.000" /><testcase classname="test_scan64_frequency_revisit_operator" name="test_bad_plan_is_rejected_before_identity_or_evidence[channels3]" time="0.000" /></testsuite></testsuites>