<?xml version="1.0" encoding="utf-8"?><testsuites name="pytest tests"><testsuite name="pytest" errors="0" failures="0" skipped="0" tests="196" time="3.918" timestamp="2026-09-13T22:56:54.517810+00:00" hostname="gauss"><testcase classname="tests.starlink_glrt.test_cpu_visit_probe" name="test_child_is_reaped_before_return_and_evidence_is_never_overwritten[pass]" time="1.514" /><testcase classname="tests.starlink_glrt.test_cpu_visit_probe" name="test_child_is_reaped_before_return_and_evidence_is_never_overwritten[fail]" time="0.002" /><testcase classname="tests.starlink_glrt.test_cpu_visit_probe" name="test_child_is_reaped_before_return_and_evidence_is_never_overwritten[hang]" time="2.102" /><testcase classname="tests.starlink_glrt.test_cpu_visit_probe" name="test_child_is_reaped_before_return_and_evidence_is_never_overwritten[existing]" time="0.001" /><testcase classname="tests.starlink_glrt.test_cpu_visit_probe" name="test_child_is_reaped_before_return_and_evidence_is_never_overwritten[clean_loss]" time="0.002" /><testcase classname="tests.starlink_glrt.test_cpu_visit_probe" name="test_child_is_reaped_before_return_and_evidence_is_never_overwritten[unknown]" time="0.002" /><testcase classname="tests.starlink_glrt.test_cpu_visit_probe" name="test_child_is_reaped_before_return_and_evidence_is_never_overwritten[signal]" time="0.002" /><testcase classname="tests.starlink_glrt.test_cpu_visit_probe" name="test_child_is_reaped_before_return_and_evidence_is_never_overwritten[selected]" time="0.002" /><testcase classname="tests.starlink_glrt.test_cpu_visit_probe" name="test_child_is_reaped_before_return_and_evidence_is_never_overwritten[scan64]" time="0.002" /><testcase classname="tests.starlink_glrt.test_cpu_visit_probe" name="test_clean_loss_requires_terminal_joined_native_provenance[0]" time="0.000" /><testcase classname="tests.starlink_glrt.test_cpu_visit_probe" name="test_clean_loss_requires_terminal_joined_native_provenance[1]" time="0.000" /><testcase classname="tests.starlink_glrt.test_cpu_visit_probe" name="test_clean_loss_requires_terminal_joined_native_provenance[2]" time="0.000" /><testcase classname="tests.starlink_glrt.test_cpu_visit_probe" name="test_clean_loss_requires_terminal_joined_native_provenance[3]" time="0.000" /><testcase classname="tests.starlink_glrt.test_cpu_visit_probe" name="test_clean_loss_requires_terminal_joined_native_provenance[4]" time="0.000" /><testcase classname="tests.starlink_glrt.test_cpu_visit_probe" name="test_clean_loss_requires_terminal_joined_native_provenance[5]" time="0.000" /><testcase classname="tests.starlink_glrt.test_cpu_visit_probe" name="test_clean_loss_requires_terminal_joined_native_provenance[6]" time="0.000" /><testcase classname="tests.starlink_glrt.test_cpu_visit_probe" name="test_clean_loss_requires_terminal_joined_native_provenance[7]" time="0.000" /><testcase classname="tests.starlink_glrt.test_cpu_visit_probe" name="test_clean_loss_requires_terminal_joined_native_provenance[8]" time="0.000" /><testcase classname="tests.starlink_glrt.test_cpu_visit_probe" name="test_clean_loss_requires_terminal_joined_native_provenance[9]" time="0.000" /><testcase classname="tests.starlink_glrt.test_cpu_visit_probe" name="test_entire_plan_is_checked_before_creating_evidence[0-2]" time="0.000" /><testcase classname="tests.starlink_glrt.test_cpu_visit_probe" name="test_entire_plan_is_checked_before_creating_evidence[0-3]" time="0.000" /><testcase classname="tests.starlink_glrt.test_cpu_visit_probe" name="test_entire_plan_is_checked_before_creating_evidence[0-4]" time="0.000" /><testcase classname="tests.starlink_glrt.test_cpu_visit_probe" name="test_entire_plan_is_checked_before_creating_evidence[1-2]" time="0.000" /><testcase classname="tests.starlink_glrt.test_cpu_visit_probe" name="test_entire_plan_is_checked_before_creating_evidence[1-3]" time="0.000" /><testcase classname="tests.starlink_glrt.test_cpu_visit_probe" name="test_entire_plan_is_checked_before_creating_evidence[1-4]" time="0.000" /><testcase classname="tests.starlink_glrt.test_cpu_visit_probe" name="test_four_selected_children_have_separate_evidence_and_are_all_reaped" time="0.007" /><testcase classname="tests.starlink_glrt.test_cpu_visit_probe" name="test_explicit_scan64_plan_preserves_legacy_and_rejects_invalid_arguments[None-1-30000000]" time="0.000" /><testcase classname="tests.starlink_glrt.test_cpu_visit_probe" name="test_explicit_scan64_plan_preserves_legacy_and_rejects_invalid_arguments[None-1-60000000]" time="0.000" /><testcase classname="tests.starlink_glrt.test_cpu_visit_probe" name="test_explicit_scan64_plan_preserves_legacy_and_rejects_invalid_arguments[None-1-2500000]" time="0.000" /><testcase classname="tests.starlink_glrt.test_cpu_visit_probe" name="test_explicit_scan64_plan_preserves_legacy_and_rejects_invalid_arguments[None-2-30000000]" time="0.000" /><testcase classname="tests.starlink_glrt.test_cpu_visit_probe" name="test_explicit_scan64_plan_preserves_legacy_and_rejects_invalid_arguments[None-2-60000000]" time="0.000" /><testcase classname="tests.starlink_glrt.test_cpu_visit_probe" name="test_explicit_scan64_plan_preserves_legacy_and_rejects_invalid_arguments[None-2-2500000]" time="0.000" /><testcase classname="tests.starlink_glrt.test_cpu_visit_probe" name="test_explicit_scan64_plan_preserves_legacy_and_rejects_invalid_arguments[None-3-30000000]" time="0.000" /><testcase classname="tests.starlink_glrt.test_cpu_visit_probe" name="test_explicit_scan64_plan_preserves_legacy_and_rejects_invalid_arguments[None-3-60000000]" time="0.000" /><testcase classname="tests.starlink_glrt.test_cpu_visit_probe" name="test_explicit_scan64_plan_preserves_legacy_and_rejects_invalid_arguments[None-3-2500000]" time="0.000" /><testcase classname="tests.starlink_glrt.test_cpu_visit_probe" name="test_explicit_scan64_plan_preserves_legacy_and_rejects_invalid_arguments[None-4-30000000]" time="0.000" /><testcase classname="tests.starlink_glrt.test_cpu_visit_probe" name="test_explicit_scan64_plan_preserves_legacy_and_rejects_invalid_arguments[None-4-60000000]" time="0.000" /><testcase classname="tests.starlink_glrt.test_cpu_visit_probe" name="test_explicit_scan64_plan_preserves_legacy_and_rejects_invalid_arguments[None-4-2500000]" time="0.000" /><testcase classname="tests.starlink_glrt.test_cpu_visit_probe" name="test_explicit_scan64_plan_preserves_legacy_and_rejects_invalid_arguments[1536-selected-observer3-scan64-1-30000000]" time="0.000" /><testcase classname="tests.starlink_glrt.test_cpu_visit_probe" name="test_explicit_scan64_plan_preserves_legacy_and_rejects_invalid_arguments[1536-selected-observer3-scan64-1-60000000]" time="0.000" /><testcase classname="tests.starlink_glrt.test_cpu_visit_probe" name="test_explicit_scan64_plan_preserves_legacy_and_rejects_invalid_arguments[1536-selected-observer3-scan64-1-2500000]" time="0.000" /><testcase classname="tests.starlink_glrt.test_cpu_visit_probe" name="test_explicit_scan64_plan_preserves_legacy_and_rejects_invalid_arguments[1536-selected-observer3-scan64-2-30000000]" time="0.000" /><testcase classname="tests.starlink_glrt.test_cpu_visit_probe" name="test_explicit_scan64_plan_preserves_legacy_and_rejects_invalid_arguments[1536-selected-observer3-scan64-2-60000000]" time="0.000" /><testcase classname="tests.starlink_glrt.test_cpu_visit_probe" name="test_explicit_scan64_plan_preserves_legacy_and_rejects_invalid_arguments[1536-selected-observer3-scan64-2-2500000]" time="0.000" /><testcase classname="tests.starlink_glrt.test_cpu_visit_probe" name="test_explicit_scan64_plan_preserves_legacy_and_rejects_invalid_arguments[1536-selected-observer3-scan64-3-30000000]" time="0.000" /><testcase classname="tests.starlink_glrt.test_cpu_visit_probe" name="test_explicit_scan64_plan_preserves_legacy_and_rejects_invalid_arguments[1536-selected-observer3-scan64-3-60000000]" time="0.000" /><testcase classname="tests.starlink_glrt.test_cpu_visit_probe" name="test_explicit_scan64_plan_preserves_legacy_and_rejects_invalid_arguments[1536-selected-observer3-scan64-3-2500000]" time="0.000" /><testcase classname="tests.starlink_glrt.test_cpu_visit_probe" name="test_explicit_scan64_plan_preserves_legacy_and_rejects_invalid_arguments[1536-selected-observer3-scan64-4-30000000]" time="0.000" /><testcase classname="tests.starlink_glrt.test_cpu_visit_probe" name="test_explicit_scan64_plan_preserves_legacy_and_rejects_invalid_arguments[1536-selected-observer3-scan64-4-60000000]" time="0.000" /><testcase classname="tests.starlink_glrt.test_cpu_visit_probe" name="test_explicit_scan64_plan_preserves_legacy_and_rejects_invalid_arguments[1536-selected-observer3-scan64-4-2500000]" time="0.000" /><testcase classname="tests.starlink_glrt.test_cpu_visit_probe" name="test_explicit_scan64_plan_preserves_legacy_and_rejects_invalid_arguments[unknown-1-30000000]" time="0.000" /><testcase classname="tests.starlink_glrt.test_cpu_visit_probe" name="test_explicit_scan64_plan_preserves_legacy_and_rejects_invalid_arguments[unknown-1-60000000]" time="0.000" /><testcase classname="tests.starlink_glrt.test_cpu_visit_probe" name="test_explicit_scan64_plan_preserves_legacy_and_rejects_invalid_arguments[unknown-1-2500000]" time="0.000" /><testcase classname="tests.starlink_glrt.test_cpu_visit_probe" name="test_explicit_scan64_plan_preserves_legacy_and_rejects_invalid_arguments[unknown-2-30000000]" time="0.000" /><testcase classname="tests.starlink_glrt.test_cpu_visit_probe" name="test_explicit_scan64_plan_preserves_legacy_and_rejects_invalid_arguments[unknown-2-60000000]" time="0.000" /><testcase classname="tests.starlink_glrt.test_cpu_visit_probe" name="test_explicit_scan64_plan_preserves_legacy_and_rejects_invalid_arguments[unknown-2-2500000]" time="0.000" /><testcase classname="tests.starlink_glrt.test_cpu_visit_probe" name="test_explicit_scan64_plan_preserves_legacy_and_rejects_invalid_arguments[unknown-3-30000000]" time="0.000" /><testcase classname="tests.starlink_glrt.test_cpu_visit_probe" name="test_explicit_scan64_plan_preserves_legacy_and_rejects_invalid_arguments[unknown-3-60000000]" time="0.000" /><testcase classname="tests.starlink_glrt.test_cpu_visit_probe" name="test_explicit_scan64_plan_preserves_legacy_and_rejects_invalid_arguments[unknown-3-2500000]" time="0.000" /><testcase classname="tests.starlink_glrt.test_cpu_visit_probe" name="test_explicit_scan64_plan_preserves_legacy_and_rejects_invalid_arguments[unknown-4-30000000]" time="0.000" /><testcase classname="tests.starlink_glrt.test_cpu_visit_probe" name="test_explicit_scan64_plan_preserves_legacy_and_rejects_invalid_arguments[unknown-4-60000000]" time="0.000" /><testcase classname="tests.starlink_glrt.test_cpu_visit_probe" name="test_explicit_scan64_plan_preserves_legacy_and_rejects_invalid_arguments[unknown-4-2500000]" time="0.000" /><testcase classname="tests.starlink_glrt.test_cpu_visit_probe" name="test_only_epoch_zero_can_have_pre_acquisition_drop_counters[idle-0-30000000]" time="0.000" /><testcase classname="tests.starlink_glrt.test_cpu_visit_probe" name="test_only_epoch_zero_can_have_pre_acquisition_drop_counters[idle-0-60000000]" time="0.000" /><testcase classname="tests.starlink_glrt.test_cpu_visit_probe" name="test_only_epoch_zero_can_have_pre_acquisition_drop_counters[idle-1-30000000]" time="0.000" /><testcase classname="tests.starlink_glrt.test_cpu_visit_probe" name="test_only_epoch_zero_can_have_pre_acquisition_drop_counters[idle-1-60000000]" time="0.000" /><testcase classname="tests.starlink_glrt.test_cpu_visit_probe" name="test_only_epoch_zero_can_have_pre_acquisition_drop_counters[idle-7-30000000]" time="0.000" /><testcase classname="tests.starlink_glrt.test_cpu_visit_probe" name="test_only_epoch_zero_can_have_pre_acquisition_drop_counters[idle-7-60000000]" time="0.000" /><testcase classname="tests.starlink_glrt.test_cpu_visit_probe" name="test_only_epoch_zero_can_have_pre_acquisition_drop_counters[boot_drops-0-30000000]" time="0.000" /><testcase classname="tests.starlink_glrt.test_cpu_visit_probe" name="test_only_epoch_zero_can_have_pre_acquisition_drop_counters[boot_drops-0-60000000]" time="0.000" /><testcase classname="tests.starlink_glrt.test_cpu_visit_probe" name="test_only_epoch_zero_can_have_pre_acquisition_drop_counters[boot_drops-1-30000000]" time="0.000" /><testcase classname="tests.starlink_glrt.test_cpu_visit_probe" name="test_only_epoch_zero_can_have_pre_acquisition_drop_counters[boot_drops-1-60000000]" time="0.000" /><testcase classname="tests.starlink_glrt.test_cpu_visit_probe" name="test_only_epoch_zero_can_have_pre_acquisition_drop_counters[boot_drops-7-30000000]" time="0.000" /><testcase classname="tests.starlink_glrt.test_cpu_visit_probe" name="test_only_epoch_zero_can_have_pre_acquisition_drop_counters[boot_drops-7-60000000]" time="0.000" /><testcase classname="tests.starlink_glrt.test_cpu_visit_probe" name="test_only_epoch_zero_can_have_pre_acquisition_drop_counters[active-0-30000000]" time="0.000" /><testcase classname="tests.starlink_glrt.test_cpu_visit_probe" name="test_only_epoch_zero_can_have_pre_acquisition_drop_counters[active-0-60000000]" time="0.000" /><testcase classname="tests.starlink_glrt.test_cpu_visit_probe" name="test_only_epoch_zero_can_have_pre_acquisition_drop_counters[active-1-30000000]" time="0.000" /><testcase classname="tests.starlink_glrt.test_cpu_visit_probe" name="test_only_epoch_zero_can_have_pre_acquisition_drop_counters[active-1-60000000]" time="0.000" /><testcase classname="tests.starlink_glrt.test_cpu_visit_probe" name="test_only_epoch_zero_can_have_pre_acquisition_drop_counters[active-7-30000000]" time="0.000" /><testcase classname="tests.starlink_glrt.test_cpu_visit_probe" name="test_only_epoch_zero_can_have_pre_acquisition_drop_counters[active-7-60000000]" time="0.000" /><testcase classname="tests.starlink_glrt.test_cpu_visit_probe" name="test_only_epoch_zero_can_have_pre_acquisition_drop_counters[fault-0-30000000]" time="0.000" /><testcase classname="tests.starlink_glrt.test_cpu_visit_probe" name="test_only_epoch_zero_can_have_pre_acquisition_drop_counters[fault-0-60000000]" time="0.000" /><testcase classname="tests.starlink_glrt.test_cpu_visit_probe" name="test_only_epoch_zero_can_have_pre_acquisition_drop_counters[fault-1-30000000]" time="0.000" /><testcase classname="tests.starlink_glrt.test_cpu_visit_probe" name="test_only_epoch_zero_can_have_pre_acquisition_drop_counters[fault-1-60000000]" time="0.000" /><testcase classname="tests.starlink_glrt.test_cpu_visit_probe" name="test_only_epoch_zero_can_have_pre_acquisition_drop_counters[fault-7-30000000]" time="0.000" /><testcase classname="tests.starlink_glrt.test_cpu_visit_probe" name="test_only_epoch_zero_can_have_pre_acquisition_drop_counters[fault-7-60000000]" time="0.000" /><testcase classname="tests.starlink_glrt.test_cpu_visit_probe" name="test_only_epoch_zero_can_have_pre_acquisition_drop_counters[configured-0-30000000]" time="0.000" /><testcase classname="tests.starlink_glrt.test_cpu_visit_probe" name="test_only_epoch_zero_can_have_pre_acquisition_drop_counters[configured-0-60000000]" time="0.000" /><testcase classname="tests.starlink_glrt.test_cpu_visit_probe" name="test_only_epoch_zero_can_have_pre_acquisition_drop_counters[configured-1-30000000]" time="0.000" /><testcase classname="tests.starlink_glrt.test_cpu_visit_probe" name="test_only_epoch_zero_can_have_pre_acquisition_drop_counters[configured-1-60000000]" time="0.000" /><testcase classname="tests.starlink_glrt.test_cpu_visit_probe" name="test_only_epoch_zero_can_have_pre_acquisition_drop_counters[configured-7-30000000]" time="0.000" /><testcase classname="tests.starlink_glrt.test_cpu_visit_probe" name="test_only_epoch_zero_can_have_pre_acquisition_drop_counters[configured-7-60000000]" time="0.000" /><testcase classname="tests.starlink_glrt.test_cpu_visit_probe" name="test_only_epoch_zero_can_have_pre_acquisition_drop_counters[wrong_rate-0-30000000]" time="0.000" /><testcase classname="tests.starlink_glrt.test_cpu_visit_probe" name="test_only_epoch_zero_can_have_pre_acquisition_drop_counters[wrong_rate-0-60000000]" time="0.000" /><testcase classname="tests.starlink_glrt.test_cpu_visit_probe" name="test_only_epoch_zero_can_have_pre_acquisition_drop_counters[wrong_rate-1-30000000]" time="0.000" /><testcase classname="tests.starlink_glrt.test_cpu_visit_probe" name="test_only_epoch_zero_can_have_pre_acquisition_drop_counters[wrong_rate-1-60000000]" time="0.000" /><testcase classname="tests.starlink_glrt.test_cpu_visit_probe" name="test_only_epoch_zero_can_have_pre_acquisition_drop_counters[wrong_rate-7-30000000]" time="0.000" /><testcase classname="tests.starlink_glrt.test_cpu_visit_probe" name="test_only_epoch_zero_can_have_pre_acquisition_drop_counters[wrong_rate-7-60000000]" time="0.000" /><testcase classname="tests.starlink_glrt.test_cpu_visit_probe" name="test_only_epoch_zero_can_have_pre_acquisition_drop_counters[unread-0-30000000]" time="0.000" /><testcase classname="tests.starlink_glrt.test_cpu_visit_probe" name="test_only_epoch_zero_can_have_pre_acquisition_drop_counters[unread-0-60000000]" time="0.000" /><testcase classname="tests.starlink_glrt.test_cpu_visit_probe" name="test_only_epoch_zero_can_have_pre_acquisition_drop_counters[unread-1-30000000]" time="0.000" /><testcase classname="tests.starlink_glrt.test_cpu_visit_probe" name="test_only_epoch_zero_can_have_pre_acquisition_drop_counters[unread-1-60000000]" time="0.000" /><testcase classname="tests.starlink_glrt.test_cpu_visit_probe" name="test_only_epoch_zero_can_have_pre_acquisition_drop_counters[unread-7-30000000]" time="0.000" /><testcase classname="tests.starlink_glrt.test_cpu_visit_probe" name="test_only_epoch_zero_can_have_pre_acquisition_drop_counters[unread-7-60000000]" time="0.000" /><testcase classname="tests.starlink_glrt.test_tracking_visit" name="test_two_visits_preserve_fixed_rate_and_require_idle_retained_boundaries[ready-0-2-2-30000000]" time="0.090" /><testcase classname="tests.starlink_glrt.test_tracking_visit" name="test_two_visits_preserve_fixed_rate_and_require_idle_retained_boundaries[ready-0-2-2-60000000]" time="0.001" /><testcase classname="tests.starlink_glrt.test_tracking_visit" name="test_two_visits_preserve_fixed_rate_and_require_idle_retained_boundaries[lower_edge--1-0-0-30000000]" time="0.001" /><testcase classname="tests.starlink_glrt.test_tracking_visit" name="test_two_visits_preserve_fixed_rate_and_require_idle_retained_boundaries[lower_edge--1-0-0-60000000]" time="0.001" /><testcase classname="tests.starlink_glrt.test_tracking_visit" name="test_two_visits_preserve_fixed_rate_and_require_idle_retained_boundaries[duplicate--1-0-0-30000000]" time="0.001" /><testcase classname="tests.starlink_glrt.test_tracking_visit" name="test_two_visits_preserve_fixed_rate_and_require_idle_retained_boundaries[duplicate--1-0-0-60000000]" time="0.001" /><testcase classname="tests.starlink_glrt.test_tracking_visit" name="test_two_visits_preserve_fixed_rate_and_require_idle_retained_boundaries[invalid_rate--1-0-0-30000000]" time="0.001" /><testcase classname="tests.starlink_glrt.test_tracking_visit" name="test_two_visits_preserve_fixed_rate_and_require_idle_retained_boundaries[invalid_rate--1-0-0-60000000]" time="0.001" /><testcase classname="tests.starlink_glrt.test_tracking_visit" name="test_two_visits_preserve_fixed_rate_and_require_idle_retained_boundaries[missing_port--1-0-0-30000000]" time="0.001" /><testcase classname="tests.starlink_glrt.test_tracking_visit" name="test_two_visits_preserve_fixed_rate_and_require_idle_retained_boundaries[missing_port--1-0-0-60000000]" time="0.001" /><testcase classname="tests.starlink_glrt.test_tracking_visit" name="test_two_visits_preserve_fixed_rate_and_require_idle_retained_boundaries[read--2-0-0-30000000]" time="0.001" /><testcase classname="tests.starlink_glrt.test_tracking_visit" name="test_two_visits_preserve_fixed_rate_and_require_idle_retained_boundaries[read--2-0-0-60000000]" time="0.001" /><testcase classname="tests.starlink_glrt.test_tracking_visit" name="test_two_visits_preserve_fixed_rate_and_require_idle_retained_boundaries[busy--2-0-0-30000000]" time="0.001" /><testcase classname="tests.starlink_glrt.test_tracking_visit" name="test_two_visits_preserve_fixed_rate_and_require_idle_retained_boundaries[busy--2-0-0-60000000]" time="0.001" /><testcase classname="tests.starlink_glrt.test_tracking_visit" name="test_two_visits_preserve_fixed_rate_and_require_idle_retained_boundaries[fixed_rf--2-0-0-30000000]" time="0.001" /><testcase classname="tests.starlink_glrt.test_tracking_visit" name="test_two_visits_preserve_fixed_rate_and_require_idle_retained_boundaries[fixed_rf--2-0-0-60000000]" time="0.001" /><testcase classname="tests.starlink_glrt.test_tracking_visit" name="test_two_visits_preserve_fixed_rate_and_require_idle_retained_boundaries[wrong_rate--2-0-0-30000000]" time="0.001" /><testcase classname="tests.starlink_glrt.test_tracking_visit" name="test_two_visits_preserve_fixed_rate_and_require_idle_retained_boundaries[wrong_rate--2-0-0-60000000]" time="0.001" /><testcase classname="tests.starlink_glrt.test_tracking_visit" name="test_two_visits_preserve_fixed_rate_and_require_idle_retained_boundaries[tune_fail--3-1-0-30000000]" time="0.001" /><testcase classname="tests.starlink_glrt.test_tracking_visit" name="test_two_visits_preserve_fixed_rate_and_require_idle_retained_boundaries[tune_fail--3-1-0-60000000]" time="0.001" /><testcase classname="tests.starlink_glrt.test_tracking_visit" name="test_two_visits_preserve_fixed_rate_and_require_idle_retained_boundaries[wrong_lo--2-1-0-30000000]" time="0.001" /><testcase classname="tests.starlink_glrt.test_tracking_visit" name="test_two_visits_preserve_fixed_rate_and_require_idle_retained_boundaries[wrong_lo--2-1-0-60000000]" time="0.001" /><testcase classname="tests.starlink_glrt.test_tracking_visit" name="test_two_visits_preserve_fixed_rate_and_require_idle_retained_boundaries[tune_epoch--2-1-0-30000000]" time="0.001" /><testcase classname="tests.starlink_glrt.test_tracking_visit" name="test_two_visits_preserve_fixed_rate_and_require_idle_retained_boundaries[tune_epoch--2-1-0-60000000]" time="0.001" /><testcase classname="tests.starlink_glrt.test_tracking_visit" name="test_two_visits_preserve_fixed_rate_and_require_idle_retained_boundaries[tune_counter--2-1-0-30000000]" time="0.001" /><testcase classname="tests.starlink_glrt.test_tracking_visit" name="test_two_visits_preserve_fixed_rate_and_require_idle_retained_boundaries[tune_counter--2-1-0-60000000]" time="0.001" /><testcase classname="tests.starlink_glrt.test_tracking_visit" name="test_two_visits_preserve_fixed_rate_and_require_idle_retained_boundaries[after_busy--2-1-1-30000000]" time="0.001" /><testcase classname="tests.starlink_glrt.test_tracking_visit" name="test_two_visits_preserve_fixed_rate_and_require_idle_retained_boundaries[after_busy--2-1-1-60000000]" time="0.001" /><testcase classname="tests.starlink_glrt.test_tracking_visit" name="test_two_visits_preserve_fixed_rate_and_require_idle_retained_boundaries[no_epoch--2-1-1-30000000]" time="0.001" /><testcase classname="tests.starlink_glrt.test_tracking_visit" name="test_two_visits_preserve_fixed_rate_and_require_idle_retained_boundaries[no_epoch--2-1-1-60000000]" time="0.001" /><testcase classname="tests.starlink_glrt.test_tracking_visit" name="test_two_visits_preserve_fixed_rate_and_require_idle_retained_boundaries[no_samples--2-1-1-30000000]" time="0.001" /><testcase classname="tests.starlink_glrt.test_tracking_visit" name="test_two_visits_preserve_fixed_rate_and_require_idle_retained_boundaries[no_samples--2-1-1-60000000]" time="0.001" /><testcase classname="tests.starlink_glrt.test_tracking_visit" name="test_two_visits_preserve_fixed_rate_and_require_idle_retained_boundaries[run_rf--2-1-1-30000000]" time="0.001" /><testcase classname="tests.starlink_glrt.test_tracking_visit" name="test_two_visits_preserve_fixed_rate_and_require_idle_retained_boundaries[run_rf--2-1-1-60000000]" time="0.001" /><testcase classname="tests.starlink_glrt.test_tracking_visit" name="test_two_visits_preserve_fixed_rate_and_require_idle_retained_boundaries[between_epoch--2-1-1-30000000]" time="0.001" /><testcase classname="tests.starlink_glrt.test_tracking_visit" name="test_two_visits_preserve_fixed_rate_and_require_idle_retained_boundaries[between_epoch--2-1-1-60000000]" time="0.001" /><testcase classname="tests.starlink_glrt.test_tracking_visit" name="test_two_visits_preserve_fixed_rate_and_require_idle_retained_boundaries[child_fail--4-1-1-30000000]" time="0.001" /><testcase classname="tests.starlink_glrt.test_tracking_visit" name="test_two_visits_preserve_fixed_rate_and_require_idle_retained_boundaries[child_fail--4-1-1-60000000]" time="0.001" /><testcase classname="tests.starlink_glrt.test_tracking_visit" name="test_two_visits_preserve_fixed_rate_and_require_idle_retained_boundaries[deadline--6-1-1-30000000]" time="0.001" /><testcase classname="tests.starlink_glrt.test_tracking_visit" name="test_two_visits_preserve_fixed_rate_and_require_idle_retained_boundaries[deadline--6-1-1-60000000]" time="0.001" /><testcase classname="tests.starlink_glrt.test_tracking_visit" name="test_two_visits_preserve_fixed_rate_and_require_idle_retained_boundaries[clock_regress--6-1-1-30000000]" time="0.001" /><testcase classname="tests.starlink_glrt.test_tracking_visit" name="test_two_visits_preserve_fixed_rate_and_require_idle_retained_boundaries[clock_regress--6-1-1-60000000]" time="0.001" /><testcase classname="tests.starlink_glrt.test_tracking_visit" name="test_two_visits_preserve_fixed_rate_and_require_idle_retained_boundaries[cancel--7-0-0-30000000]" time="0.001" /><testcase classname="tests.starlink_glrt.test_tracking_visit" name="test_two_visits_preserve_fixed_rate_and_require_idle_retained_boundaries[cancel--7-0-0-60000000]" time="0.001" /><testcase classname="tests.starlink_glrt.test_tracking_visit" name="test_two_visits_preserve_fixed_rate_and_require_idle_retained_boundaries[retention_before--5-0-0-30000000]" time="0.001" /><testcase classname="tests.starlink_glrt.test_tracking_visit" name="test_two_visits_preserve_fixed_rate_and_require_idle_retained_boundaries[retention_before--5-0-0-60000000]" time="0.001" /><testcase classname="tests.starlink_glrt.test_tracking_visit" name="test_two_visits_preserve_fixed_rate_and_require_idle_retained_boundaries[retention_tuned--5-1-0-30000000]" time="0.001" /><testcase classname="tests.starlink_glrt.test_tracking_visit" name="test_two_visits_preserve_fixed_rate_and_require_idle_retained_boundaries[retention_tuned--5-1-0-60000000]" time="0.001" /><testcase classname="tests.starlink_glrt.test_tracking_visit" name="test_two_visits_preserve_fixed_rate_and_require_idle_retained_boundaries[retention_after--5-1-1-30000000]" time="0.001" /><testcase classname="tests.starlink_glrt.test_tracking_visit" name="test_two_visits_preserve_fixed_rate_and_require_idle_retained_boundaries[retention_after--5-1-1-60000000]" time="0.001" /><testcase classname="tests.starlink_glrt.test_tracking_visit" name="test_two_visits_preserve_fixed_rate_and_require_idle_retained_boundaries[loss-0-2-2-30000000]" time="0.001" /><testcase classname="tests.starlink_glrt.test_tracking_visit" name="test_two_visits_preserve_fixed_rate_and_require_idle_retained_boundaries[loss-0-2-2-60000000]" time="0.001" /><testcase classname="tests.starlink_glrt.test_tracking_visit" name="test_two_visits_preserve_fixed_rate_and_require_idle_retained_boundaries[unknown_result--4-1-1-30000000]" time="0.001" /><testcase classname="tests.starlink_glrt.test_tracking_visit" name="test_two_visits_preserve_fixed_rate_and_require_idle_retained_boundaries[unknown_result--4-1-1-60000000]" time="0.001" /><testcase classname="tests.starlink_glrt.test_tracking_visit" name="test_two_visits_preserve_fixed_rate_and_require_idle_retained_boundaries[loss_after_busy--2-1-1-30000000]" time="0.001" /><testcase classname="tests.starlink_glrt.test_tracking_visit" name="test_two_visits_preserve_fixed_rate_and_require_idle_retained_boundaries[loss_after_busy--2-1-1-60000000]" time="0.001" /><testcase classname="tests.starlink_glrt.test_tracking_visit" name="test_two_visits_preserve_fixed_rate_and_require_idle_retained_boundaries[loss_no_epoch--2-1-1-30000000]" time="0.001" /><testcase classname="tests.starlink_glrt.test_tracking_visit" name="test_two_visits_preserve_fixed_rate_and_require_idle_retained_boundaries[loss_no_epoch--2-1-1-60000000]" time="0.001" /><testcase classname="tests.starlink_glrt.test_tracking_visit" name="test_two_visits_preserve_fixed_rate_and_require_idle_retained_boundaries[loss_no_samples--2-1-1-30000000]" time="0.001" /><testcase classname="tests.starlink_glrt.test_tracking_visit" name="test_two_visits_preserve_fixed_rate_and_require_idle_retained_boundaries[loss_no_samples--2-1-1-60000000]" time="0.001" /><testcase classname="tests.starlink_glrt.test_tracking_visit" name="test_two_visits_preserve_fixed_rate_and_require_idle_retained_boundaries[loss_run_rf--2-1-1-30000000]" time="0.001" /><testcase classname="tests.starlink_glrt.test_tracking_visit" name="test_two_visits_preserve_fixed_rate_and_require_idle_retained_boundaries[loss_run_rf--2-1-1-60000000]" time="0.001" /><testcase classname="tests.starlink_glrt.test_tracking_visit" name="test_two_visits_preserve_fixed_rate_and_require_idle_retained_boundaries[loss_retention_after--5-1-1-30000000]" time="0.001" /><testcase classname="tests.starlink_glrt.test_tracking_visit" name="test_two_visits_preserve_fixed_rate_and_require_idle_retained_boundaries[loss_retention_after--5-1-1-60000000]" time="0.001" /><testcase classname="tests.starlink_glrt.test_tracking_visit" name="test_two_visits_preserve_fixed_rate_and_require_idle_retained_boundaries[loss_deadline--6-1-1-30000000]" time="0.001" /><testcase classname="tests.starlink_glrt.test_tracking_visit" name="test_two_visits_preserve_fixed_rate_and_require_idle_retained_boundaries[loss_deadline--6-1-1-60000000]" time="0.001" /><testcase classname="tests.starlink_glrt.test_tracking_visit" name="test_two_visits_preserve_fixed_rate_and_require_idle_retained_boundaries[loss_clock_regress--6-1-1-30000000]" time="0.001" /><testcase classname="tests.starlink_glrt.test_tracking_visit" name="test_two_visits_preserve_fixed_rate_and_require_idle_retained_boundaries[loss_clock_regress--6-1-1-60000000]" time="0.001" /><testcase classname="tests.starlink_glrt.test_tracking_visit" name="test_two_visits_preserve_fixed_rate_and_require_idle_retained_boundaries[loss_between_epoch--2-1-1-30000000]" time="0.001" /><testcase classname="tests.starlink_glrt.test_tracking_visit" name="test_two_visits_preserve_fixed_rate_and_require_idle_retained_boundaries[loss_between_epoch--2-1-1-60000000]" time="0.001" /><testcase classname="tests.starlink_glrt.test_tracking_visit" name="test_two_visits_preserve_fixed_rate_and_require_idle_retained_boundaries[revisit-0-3-3-30000000]" time="0.001" /><testcase classname="tests.starlink_glrt.test_tracking_visit" name="test_two_visits_preserve_fixed_rate_and_require_idle_retained_boundaries[revisit-0-3-3-60000000]" time="0.001" /><testcase classname="tests.starlink_glrt.test_tracking_visit" name="test_two_visits_preserve_fixed_rate_and_require_idle_retained_boundaries[four-0-4-4-30000000]" time="0.001" /><testcase classname="tests.starlink_glrt.test_tracking_visit" name="test_two_visits_preserve_fixed_rate_and_require_idle_retained_boundaries[four-0-4-4-60000000]" time="0.001" /><testcase classname="tests.starlink_glrt.test_tracking_visit" name="test_two_visits_preserve_fixed_rate_and_require_idle_retained_boundaries[sweep-0-4-4-30000000]" time="0.001" /><testcase classname="tests.starlink_glrt.test_tracking_visit" name="test_two_visits_preserve_fixed_rate_and_require_idle_retained_boundaries[sweep-0-4-4-60000000]" time="0.001" /><testcase classname="tests.starlink_glrt.test_tracking_visit" name="test_two_visits_preserve_fixed_rate_and_require_idle_retained_boundaries[loss_four-0-4-4-30000000]" time="0.001" /><testcase classname="tests.starlink_glrt.test_tracking_visit" name="test_two_visits_preserve_fixed_rate_and_require_idle_retained_boundaries[loss_four-0-4-4-60000000]" time="0.001" /><testcase classname="tests.starlink_glrt.test_tracking_visit" name="test_two_visits_preserve_fixed_rate_and_require_idle_retained_boundaries[bad_last--1-0-0-30000000]" time="0.001" /><testcase classname="tests.starlink_glrt.test_tracking_visit" name="test_two_visits_preserve_fixed_rate_and_require_idle_retained_boundaries[bad_last--1-0-0-60000000]" time="0.001" /><testcase classname="tests.starlink_glrt.test_tracking_visit" name="test_two_visits_preserve_fixed_rate_and_require_idle_retained_boundaries[adjacent_repeat--1-0-0-30000000]" time="0.001" /><testcase classname="tests.starlink_glrt.test_tracking_visit" name="test_two_visits_preserve_fixed_rate_and_require_idle_retained_boundaries[adjacent_repeat--1-0-0-60000000]" time="0.001" /><testcase classname="tests.starlink_glrt.test_tracking_visit" name="test_two_visits_preserve_fixed_rate_and_require_idle_retained_boundaries[too_many--1-0-0-30000000]" time="0.001" /><testcase classname="tests.starlink_glrt.test_tracking_visit" name="test_two_visits_preserve_fixed_rate_and_require_idle_retained_boundaries[too_many--1-0-0-60000000]" time="0.001" /><testcase classname="tests.starlink_glrt.test_tracking_visit" name="test_two_visits_preserve_fixed_rate_and_require_idle_retained_boundaries[too_few--1-0-0-30000000]" time="0.001" /><testcase classname="tests.starlink_glrt.test_tracking_visit" name="test_two_visits_preserve_fixed_rate_and_require_idle_retained_boundaries[too_few--1-0-0-60000000]" time="0.001" /><testcase classname="tests.starlink_glrt.test_tracking_visit" name="test_two_visits_preserve_fixed_rate_and_require_idle_retained_boundaries[late_deadline--6-3-3-30000000]" time="0.001" /><testcase classname="tests.starlink_glrt.test_tracking_visit" name="test_two_visits_preserve_fixed_rate_and_require_idle_retained_boundaries[late_deadline--6-3-3-60000000]" time="0.001" /><testcase classname="tests.starlink_glrt.test_tracking_visit" name="test_two_visits_preserve_fixed_rate_and_require_idle_retained_boundaries[late_failure--4-3-3-30000000]" time="0.001" /><testcase classname="tests.starlink_glrt.test_tracking_visit" name="test_two_visits_preserve_fixed_rate_and_require_idle_retained_boundaries[late_failure--4-3-3-60000000]" time="0.001" /><testcase classname="tests.starlink_glrt.test_tracking_visit" name="test_two_visits_preserve_fixed_rate_and_require_idle_retained_boundaries[late_retention--5-3-3-30000000]" time="0.001" /><testcase classname="tests.starlink_glrt.test_tracking_visit" name="test_two_visits_preserve_fixed_rate_and_require_idle_retained_boundaries[late_retention--5-3-3-60000000]" time="0.001" /></testsuite></testsuites>