<?xml version="1.0" encoding="utf-8"?><testsuites name="pytest tests"><testsuite name="pytest" errors="0" failures="0" skipped="0" tests="202" time="47.169" timestamp="2026-09-13T21:16:30.508504+00:00" hostname="gauss"><testcase classname="tests.starlink_glrt.test_cpu_live_operator_admission" name="test_filesystem_capacity_is_separate_from_available_memory[ready-1536]" time="0.001" /><testcase classname="tests.starlink_glrt.test_cpu_live_operator_admission" name="test_filesystem_capacity_is_separate_from_available_memory[ready-4096]" time="0.001" /><testcase classname="tests.starlink_glrt.test_cpu_live_operator_admission" name="test_filesystem_capacity_is_separate_from_available_memory[ready-45000]" time="0.001" /><testcase classname="tests.starlink_glrt.test_cpu_live_operator_admission" name="test_filesystem_capacity_is_separate_from_available_memory[short-1536]" time="0.000" /><testcase classname="tests.starlink_glrt.test_cpu_live_operator_admission" name="test_filesystem_capacity_is_separate_from_available_memory[short-4096]" time="0.000" /><testcase classname="tests.starlink_glrt.test_cpu_live_operator_admission" name="test_filesystem_capacity_is_separate_from_available_memory[short-45000]" time="0.000" /><testcase classname="tests.starlink_glrt.test_cpu_live_operator_admission" name="test_filesystem_capacity_is_separate_from_available_memory[wrong_mount-1536]" time="0.000" /><testcase classname="tests.starlink_glrt.test_cpu_live_operator_admission" name="test_filesystem_capacity_is_separate_from_available_memory[wrong_mount-4096]" time="0.000" /><testcase classname="tests.starlink_glrt.test_cpu_live_operator_admission" name="test_filesystem_capacity_is_separate_from_available_memory[wrong_mount-45000]" time="0.000" /><testcase classname="tests.starlink_glrt.test_cpu_live_operator_admission" name="test_filesystem_capacity_is_separate_from_available_memory[wrong_fs-1536]" time="0.000" /><testcase classname="tests.starlink_glrt.test_cpu_live_operator_admission" name="test_filesystem_capacity_is_separate_from_available_memory[wrong_fs-4096]" time="0.000" /><testcase classname="tests.starlink_glrt.test_cpu_live_operator_admission" name="test_filesystem_capacity_is_separate_from_available_memory[wrong_fs-45000]" time="0.000" /><testcase classname="tests.starlink_glrt.test_cpu_live_operator_admission" name="test_filesystem_capacity_is_separate_from_available_memory[malformed-1536]" time="0.000" /><testcase classname="tests.starlink_glrt.test_cpu_live_operator_admission" name="test_filesystem_capacity_is_separate_from_available_memory[malformed-4096]" time="0.000" /><testcase classname="tests.starlink_glrt.test_cpu_live_operator_admission" name="test_filesystem_capacity_is_separate_from_available_memory[malformed-45000]" time="0.000" /><testcase classname="tests.starlink_glrt.test_cpu_live_operator_admission" name="test_observer_cadence_rejects_unbounded_or_unknown_profile[4096-3]" time="0.000" /><testcase classname="tests.starlink_glrt.test_cpu_live_operator_admission" name="test_observer_cadence_rejects_unbounded_or_unknown_profile[45000-3]" time="0.000" /><testcase classname="tests.starlink_glrt.test_cpu_live_operator_admission" name="test_observer_cadence_rejects_unbounded_or_unknown_profile[1536-0]" time="0.000" /><testcase classname="tests.starlink_glrt.test_cpu_live_operator_admission" name="test_observer_cadence_rejects_unbounded_or_unknown_profile[1536-6]" time="0.001" /><testcase classname="tests.starlink_glrt.test_cpu_live_operator_admission" name="test_three_frame_profile_retains_selected_iq_and_one_episode" time="0.000" /><testcase classname="tests.starlink_glrt.test_cpu_live_operator_admission" name="test_storage_cleanup_preserves_uncertain_execution_and_unretrieved_evidence[False-False-False-True-False]" time="0.000" /><testcase classname="tests.starlink_glrt.test_cpu_live_operator_admission" name="test_storage_cleanup_preserves_uncertain_execution_and_unretrieved_evidence[False-False-False-True-True]" time="0.000" /><testcase classname="tests.starlink_glrt.test_cpu_live_operator_admission" name="test_storage_cleanup_preserves_uncertain_execution_and_unretrieved_evidence[True-False-False-False-False]" time="0.000" /><testcase classname="tests.starlink_glrt.test_cpu_live_operator_admission" name="test_storage_cleanup_preserves_uncertain_execution_and_unretrieved_evidence[True-False-False-False-True]" time="0.000" /><testcase classname="tests.starlink_glrt.test_cpu_live_operator_admission" name="test_storage_cleanup_preserves_uncertain_execution_and_unretrieved_evidence[True-True-False-False-False]" time="0.000" /><testcase classname="tests.starlink_glrt.test_cpu_live_operator_admission" name="test_storage_cleanup_preserves_uncertain_execution_and_unretrieved_evidence[True-True-False-False-True]" time="0.000" /><testcase classname="tests.starlink_glrt.test_cpu_live_operator_admission" name="test_storage_cleanup_preserves_uncertain_execution_and_unretrieved_evidence[True-True-True-True-False]" time="0.000" /><testcase classname="tests.starlink_glrt.test_cpu_live_operator_admission" name="test_storage_cleanup_preserves_uncertain_execution_and_unretrieved_evidence[True-True-True-True-True]" time="0.000" /><testcase classname="tests.starlink_glrt.test_cpu_live_operator_admission" name="test_refusal_precedes_radio_contact_and_records_busy_receipt[busy]" time="0.012" /><testcase classname="tests.starlink_glrt.test_cpu_live_operator_admission" name="test_refusal_precedes_radio_contact_and_records_busy_receipt[bank]" time="0.020" /><testcase classname="tests.starlink_glrt.test_cpu_live_operator_admission" name="test_refusal_precedes_radio_contact_and_records_busy_receipt[references]" time="0.010" /><testcase classname="tests.starlink_glrt.test_cpu_live_operator_admission" name="test_refusal_precedes_radio_contact_and_records_busy_receipt[lo]" time="0.010" /><testcase classname="tests.starlink_glrt.test_cpu_live_operator_admission" name="test_refusal_precedes_radio_contact_and_records_busy_receipt[rate]" time="0.010" /><testcase classname="tests.starlink_glrt.test_cpu_live_operator_admission" name="test_native_preflight_precedes_every_rf_mutation[1536-ready]" time="0.001" /><testcase classname="tests.starlink_glrt.test_cpu_live_operator_admission" name="test_native_preflight_precedes_every_rf_mutation[1536-boot_drops]" time="0.000" /><testcase classname="tests.starlink_glrt.test_cpu_live_operator_admission" name="test_native_preflight_precedes_every_rf_mutation[1536-unread]" time="0.000" /><testcase classname="tests.starlink_glrt.test_cpu_live_operator_admission" name="test_native_preflight_precedes_every_rf_mutation[1536-active]" time="0.000" /><testcase classname="tests.starlink_glrt.test_cpu_live_operator_admission" name="test_native_preflight_precedes_every_rf_mutation[1536-unaccounted]" time="0.000" /><testcase classname="tests.starlink_glrt.test_cpu_live_operator_admission" name="test_native_preflight_precedes_every_rf_mutation[1536-fault]" time="0.001" /><testcase classname="tests.starlink_glrt.test_cpu_live_operator_admission" name="test_native_preflight_precedes_every_rf_mutation[1536-epoch_valid]" time="0.000" /><testcase classname="tests.starlink_glrt.test_cpu_live_operator_admission" name="test_native_preflight_precedes_every_rf_mutation[1536-uncleared]" time="0.000" /><testcase classname="tests.starlink_glrt.test_cpu_live_operator_admission" name="test_native_preflight_precedes_every_rf_mutation[1536-wrong_rate]" time="0.000" /><testcase classname="tests.starlink_glrt.test_cpu_live_operator_admission" name="test_native_preflight_precedes_every_rf_mutation[1536-malformed]" time="0.000" /><testcase classname="tests.starlink_glrt.test_cpu_live_operator_admission" name="test_native_preflight_precedes_every_rf_mutation[1536-missing]" time="0.000" /><testcase classname="tests.starlink_glrt.test_cpu_live_operator_admission" name="test_native_preflight_precedes_every_rf_mutation[1536-memory_short]" time="0.000" /><testcase classname="tests.starlink_glrt.test_cpu_live_operator_admission" name="test_native_preflight_precedes_every_rf_mutation[1536-memory_missing]" time="0.000" /><testcase classname="tests.starlink_glrt.test_cpu_live_operator_admission" name="test_native_preflight_precedes_every_rf_mutation[1536-memory_unit]" time="0.000" /><testcase classname="tests.starlink_glrt.test_cpu_live_operator_admission" name="test_native_preflight_precedes_every_rf_mutation[1536-memory_duplicate]" time="0.001" /><testcase classname="tests.starlink_glrt.test_cpu_live_operator_admission" name="test_native_preflight_precedes_every_rf_mutation[4096-ready]" time="0.000" /><testcase classname="tests.starlink_glrt.test_cpu_live_operator_admission" name="test_native_preflight_precedes_every_rf_mutation[4096-boot_drops]" time="0.000" /><testcase classname="tests.starlink_glrt.test_cpu_live_operator_admission" name="test_native_preflight_precedes_every_rf_mutation[4096-unread]" time="0.000" /><testcase classname="tests.starlink_glrt.test_cpu_live_operator_admission" name="test_native_preflight_precedes_every_rf_mutation[4096-active]" time="0.000" /><testcase classname="tests.starlink_glrt.test_cpu_live_operator_admission" name="test_native_preflight_precedes_every_rf_mutation[4096-unaccounted]" time="0.000" /><testcase classname="tests.starlink_glrt.test_cpu_live_operator_admission" name="test_native_preflight_precedes_every_rf_mutation[4096-fault]" time="0.000" /><testcase classname="tests.starlink_glrt.test_cpu_live_operator_admission" name="test_native_preflight_precedes_every_rf_mutation[4096-epoch_valid]" time="0.000" /><testcase classname="tests.starlink_glrt.test_cpu_live_operator_admission" name="test_native_preflight_precedes_every_rf_mutation[4096-uncleared]" time="0.000" /><testcase classname="tests.starlink_glrt.test_cpu_live_operator_admission" name="test_native_preflight_precedes_every_rf_mutation[4096-wrong_rate]" time="0.000" /><testcase classname="tests.starlink_glrt.test_cpu_live_operator_admission" name="test_native_preflight_precedes_every_rf_mutation[4096-malformed]" time="0.001" /><testcase classname="tests.starlink_glrt.test_cpu_live_operator_admission" name="test_native_preflight_precedes_every_rf_mutation[4096-missing]" time="0.000" /><testcase classname="tests.starlink_glrt.test_cpu_live_operator_admission" name="test_native_preflight_precedes_every_rf_mutation[4096-memory_short]" time="0.000" /><testcase classname="tests.starlink_glrt.test_cpu_live_operator_admission" name="test_native_preflight_precedes_every_rf_mutation[4096-memory_missing]" time="0.000" /><testcase classname="tests.starlink_glrt.test_cpu_live_operator_admission" name="test_native_preflight_precedes_every_rf_mutation[4096-memory_unit]" time="0.000" /><testcase classname="tests.starlink_glrt.test_cpu_live_operator_admission" name="test_native_preflight_precedes_every_rf_mutation[4096-memory_duplicate]" time="0.000" /><testcase classname="tests.starlink_glrt.test_cpu_live_operator_admission" name="test_native_preflight_precedes_every_rf_mutation[45000-ready]" time="0.000" /><testcase classname="tests.starlink_glrt.test_cpu_live_operator_admission" name="test_native_preflight_precedes_every_rf_mutation[45000-boot_drops]" time="0.000" /><testcase classname="tests.starlink_glrt.test_cpu_live_operator_admission" name="test_native_preflight_precedes_every_rf_mutation[45000-unread]" time="0.000" /><testcase classname="tests.starlink_glrt.test_cpu_live_operator_admission" name="test_native_preflight_precedes_every_rf_mutation[45000-active]" time="0.000" /><testcase classname="tests.starlink_glrt.test_cpu_live_operator_admission" name="test_native_preflight_precedes_every_rf_mutation[45000-unaccounted]" time="0.000" /><testcase classname="tests.starlink_glrt.test_cpu_live_operator_admission" name="test_native_preflight_precedes_every_rf_mutation[45000-fault]" time="0.001" /><testcase classname="tests.starlink_glrt.test_cpu_live_operator_admission" name="test_native_preflight_precedes_every_rf_mutation[45000-epoch_valid]" time="0.000" /><testcase classname="tests.starlink_glrt.test_cpu_live_operator_admission" name="test_native_preflight_precedes_every_rf_mutation[45000-uncleared]" time="0.000" /><testcase classname="tests.starlink_glrt.test_cpu_live_operator_admission" name="test_native_preflight_precedes_every_rf_mutation[45000-wrong_rate]" time="0.000" /><testcase classname="tests.starlink_glrt.test_cpu_live_operator_admission" name="test_native_preflight_precedes_every_rf_mutation[45000-malformed]" time="0.000" /><testcase classname="tests.starlink_glrt.test_cpu_live_operator_admission" name="test_native_preflight_precedes_every_rf_mutation[45000-missing]" time="0.000" /><testcase classname="tests.starlink_glrt.test_cpu_live_operator_admission" name="test_native_preflight_precedes_every_rf_mutation[45000-memory_short]" time="0.000" /><testcase classname="tests.starlink_glrt.test_cpu_live_operator_admission" name="test_native_preflight_precedes_every_rf_mutation[45000-memory_missing]" time="0.000" /><testcase classname="tests.starlink_glrt.test_cpu_live_operator_admission" name="test_native_preflight_precedes_every_rf_mutation[45000-memory_unit]" time="0.000" /><testcase classname="tests.starlink_glrt.test_cpu_live_operator_admission" name="test_native_preflight_precedes_every_rf_mutation[45000-memory_duplicate]" time="0.000" /><testcase classname="tests.starlink_glrt.test_cpu_live_operator_admission" name="test_selected_capture_budget_and_artifacts_are_explicit" time="0.000" /><testcase classname="tests.starlink_glrt.test_cpu_live_operator_admission" name="test_observer_artifacts_are_required_even_without_handoff[None]" time="0.000" /><testcase classname="tests.starlink_glrt.test_cpu_live_operator_admission" name="test_observer_artifacts_are_required_even_without_handoff[observer.jsonl]" time="0.001" /><testcase classname="tests.starlink_glrt.test_cpu_live_operator_admission" name="test_observer_artifacts_are_required_even_without_handoff[observer.iq.ci16]" time="0.000" /><testcase classname="tests.starlink_glrt.test_cpu_live_operator_admission" name="test_failed_capture_still_records_final_rf_comparison[False-False]" time="0.000" /><testcase classname="tests.starlink_glrt.test_cpu_live_operator_admission" name="test_failed_capture_still_records_final_rf_comparison[False-True]" time="0.000" /><testcase classname="tests.starlink_glrt.test_cpu_live_operator_admission" name="test_failed_capture_still_records_final_rf_comparison[True-False]" time="0.000" /><testcase classname="tests.starlink_glrt.test_cpu_live_operator_admission" name="test_failed_capture_still_records_final_rf_comparison[True-True]" time="0.000" /><testcase classname="tests.starlink_glrt.test_cpu_live_probe" name="test_dwell_profiles_have_finite_capture_and_worker_limits[None-expected0]" time="1.577" /><testcase classname="tests.starlink_glrt.test_cpu_live_probe" name="test_dwell_profiles_have_finite_capture_and_worker_limits[1536-expected1]" time="0.000" /><testcase classname="tests.starlink_glrt.test_cpu_live_probe" name="test_dwell_profiles_have_finite_capture_and_worker_limits[4096-expected2]" time="0.000" /><testcase classname="tests.starlink_glrt.test_cpu_live_probe" name="test_dwell_profiles_have_finite_capture_and_worker_limits[45000-expected3]" time="0.000" /><testcase classname="tests.starlink_glrt.test_cpu_live_probe" name="test_dwell_profiles_have_finite_capture_and_worker_limits[1536-selected-expected4]" time="0.000" /><testcase classname="tests.starlink_glrt.test_cpu_live_probe" name="test_dwell_profiles_have_finite_capture_and_worker_limits[1536-selected-observer3-expected5]" time="0.000" /><testcase classname="tests.starlink_glrt.test_cpu_live_probe" name="test_invalid_dwell_rejected_before_opening_evidence_or_radio[0]" time="0.001" /><testcase classname="tests.starlink_glrt.test_cpu_live_probe" name="test_invalid_dwell_rejected_before_opening_evidence_or_radio[4097]" time="0.000" /><testcase classname="tests.starlink_glrt.test_cpu_live_probe" name="test_invalid_dwell_rejected_before_opening_evidence_or_radio[-1]" time="0.000" /><testcase classname="tests.starlink_glrt.test_cpu_live_probe" name="test_invalid_dwell_rejected_before_opening_evidence_or_radio[4096garbage]" time="0.000" /><testcase classname="tests.starlink_glrt.test_cpu_live_probe" name="test_invalid_dwell_rejected_before_opening_evidence_or_radio[4294967296]" time="0.000" /><testcase classname="tests.starlink_glrt.test_cpu_live_probe" name="test_early_stop_requires_idle_complete_counters_with_bounded_tail[32768-32768-8-1]" time="0.000" /><testcase classname="tests.starlink_glrt.test_cpu_live_probe" name="test_early_stop_requires_idle_complete_counters_with_bounded_tail[32891-32891-8-1]" time="0.000" /><testcase classname="tests.starlink_glrt.test_cpu_live_probe" name="test_early_stop_requires_idle_complete_counters_with_bounded_tail[32891-32890-8-0]" time="0.000" /><testcase classname="tests.starlink_glrt.test_cpu_live_probe" name="test_early_stop_requires_idle_complete_counters_with_bounded_tail[32767-32767-8-0]" time="0.000" /><testcase classname="tests.starlink_glrt.test_cpu_live_probe" name="test_early_stop_requires_idle_complete_counters_with_bounded_tail[32768-32768-9-0]" time="0.000" /><testcase classname="tests.starlink_glrt.test_cpu_live_probe" name="test_early_stop_requires_idle_complete_counters_with_bounded_tail[32768-32768-10-0]" time="0.000" /><testcase classname="tests.starlink_glrt.test_cpu_live_probe" name="test_early_stop_requires_idle_complete_counters_with_bounded_tail[65537-65537-8-0]" time="0.000" /><testcase classname="tests.starlink_glrt.test_cpu_live_probe" name="test_native_episodes_use_separate_exclusive_bounded_journals" time="0.001" /><testcase classname="tests.starlink_glrt.test_cpu_live_probe" name="test_paired_iq_waits_for_real_publication_and_rejects_lost_inputs[delayed-30000000]" time="0.009" /><testcase classname="tests.starlink_glrt.test_cpu_live_probe" name="test_paired_iq_waits_for_real_publication_and_rejects_lost_inputs[delayed-60000000]" time="0.002" /><testcase classname="tests.starlink_glrt.test_cpu_live_probe" name="test_paired_iq_waits_for_real_publication_and_rejects_lost_inputs[closed-30000000]" time="0.001" /><testcase classname="tests.starlink_glrt.test_cpu_live_probe" name="test_paired_iq_waits_for_real_publication_and_rejects_lost_inputs[closed-60000000]" time="0.001" /><testcase classname="tests.starlink_glrt.test_cpu_live_probe" name="test_paired_iq_waits_for_real_publication_and_rejects_lost_inputs[overwritten-30000000]" time="0.010" /><testcase classname="tests.starlink_glrt.test_cpu_live_probe" name="test_paired_iq_waits_for_real_publication_and_rejects_lost_inputs[overwritten-60000000]" time="0.011" /><testcase classname="tests.starlink_glrt.test_cpu_live_probe" name="test_paired_iq_waits_for_real_publication_and_rejects_lost_inputs[retention-30000000]" time="0.001" /><testcase classname="tests.starlink_glrt.test_cpu_live_probe" name="test_paired_iq_waits_for_real_publication_and_rejects_lost_inputs[retention-60000000]" time="0.001" /><testcase classname="tests.starlink_glrt.test_cpu_live_probe" name="test_original_pilot_order_matches_independent_fft[secondary_pilot]" time="0.007" /><testcase classname="tests.starlink_glrt.test_cpu_live_probe" name="test_original_pilot_order_matches_independent_fft[noise]" time="0.006" /><testcase classname="tests.starlink_glrt.test_cpu_live_probe" name="test_original_pilot_order_matches_independent_fft[zero]" time="0.006" /><testcase classname="tests.starlink_glrt.test_cpu_live_probe" name="test_original_pilot_order_matches_independent_fft[cancel]" time="0.001" /><testcase classname="tests.starlink_glrt.test_cpu_live_probe" name="test_original_pilot_order_matches_independent_fft[invalid_epoch]" time="0.002" /><testcase classname="tests.starlink_glrt.test_cpu_live_probe" name="test_observer_thread_has_separate_retention_and_is_joined_before_owner_release[9-waiting_cancel]" time="0.001" /><testcase classname="tests.starlink_glrt.test_cpu_live_probe" name="test_observer_thread_has_separate_retention_and_is_joined_before_owner_release[9-retained_cancel]" time="0.003" /><testcase classname="tests.starlink_glrt.test_cpu_live_probe" name="test_observer_thread_has_separate_retention_and_is_joined_before_owner_release[9-closed]" time="0.003" /><testcase classname="tests.starlink_glrt.test_cpu_live_probe" name="test_observer_thread_has_separate_retention_and_is_joined_before_owner_release[9-iq_failure]" time="0.004" /><testcase classname="tests.starlink_glrt.test_cpu_live_probe" name="test_observer_thread_has_separate_retention_and_is_joined_before_owner_release[9-journal_failure]" time="0.001" /><testcase classname="tests.starlink_glrt.test_cpu_live_probe" name="test_observer_thread_has_separate_retention_and_is_joined_before_owner_release[3-waiting_cancel]" time="0.001" /><testcase classname="tests.starlink_glrt.test_cpu_live_probe" name="test_observer_thread_has_separate_retention_and_is_joined_before_owner_release[3-retained_cancel]" time="0.004" /><testcase classname="tests.starlink_glrt.test_cpu_live_probe" name="test_observer_thread_has_separate_retention_and_is_joined_before_owner_release[3-closed]" time="0.002" /><testcase classname="tests.starlink_glrt.test_cpu_live_probe" name="test_observer_thread_has_separate_retention_and_is_joined_before_owner_release[3-iq_failure]" time="0.004" /><testcase classname="tests.starlink_glrt.test_cpu_live_probe" name="test_observer_thread_has_separate_retention_and_is_joined_before_owner_release[3-journal_failure]" time="0.001" /><testcase classname="tests.starlink_glrt.test_cpu_live_probe" name="test_advancing_capture_worker_and_native_feedback[9-30000000-signal]" time="3.123" /><testcase classname="tests.starlink_glrt.test_cpu_live_probe" name="test_advancing_capture_worker_and_native_feedback[9-60000000-signal]" time="2.179" /><testcase classname="tests.starlink_glrt.test_cpu_live_probe" name="test_advancing_capture_worker_and_native_feedback[9-60000000-publication_lag]" time="2.190" /><testcase classname="tests.starlink_glrt.test_cpu_live_probe" name="test_advancing_capture_worker_and_native_feedback[9-60000000-handoff_horizon_expired]" time="0.113" /><testcase classname="tests.starlink_glrt.test_cpu_live_probe" name="test_advancing_capture_worker_and_native_feedback[9-30000000-zero]" time="0.066" /><testcase classname="tests.starlink_glrt.test_cpu_live_probe" name="test_advancing_capture_worker_and_native_feedback[9-30000000-zero_long]" time="0.158" /><testcase classname="tests.starlink_glrt.test_cpu_live_probe" name="test_advancing_capture_worker_and_native_feedback[9-30000000-cancel]" time="0.001" /><testcase classname="tests.starlink_glrt.test_cpu_live_probe" name="test_advancing_capture_worker_and_native_feedback[9-30000000-source_loss]" time="0.001" /><testcase classname="tests.starlink_glrt.test_cpu_live_probe" name="test_advancing_capture_worker_and_native_feedback[9-30000000-selected_signal]" time="2.191" /><testcase classname="tests.starlink_glrt.test_cpu_live_probe" name="test_advancing_capture_worker_and_native_feedback[9-60000000-selected_signal]" time="2.178" /><testcase classname="tests.starlink_glrt.test_cpu_live_probe" name="test_advancing_capture_worker_and_native_feedback[9-60000000-selected_zero]" time="0.033" /><testcase classname="tests.starlink_glrt.test_cpu_live_probe" name="test_advancing_capture_worker_and_native_feedback[9-60000000-selected_retention]" time="0.014" /><testcase classname="tests.starlink_glrt.test_cpu_live_probe" name="test_advancing_capture_worker_and_native_feedback[9-30000000-native_rejection]" time="0.182" /><testcase classname="tests.starlink_glrt.test_cpu_live_probe" name="test_advancing_capture_worker_and_native_feedback[9-30000000-native_retention]" time="0.121" /><testcase classname="tests.starlink_glrt.test_cpu_live_probe" name="test_advancing_capture_worker_and_native_feedback[9-30000000-late_handoff]" time="0.120" /><testcase classname="tests.starlink_glrt.test_cpu_live_probe" name="test_advancing_capture_worker_and_native_feedback[9-30000000-observer_retention]" time="2.176" /><testcase classname="tests.starlink_glrt.test_cpu_live_probe" name="test_advancing_capture_worker_and_native_feedback[9-60000000-observer_retention]" time="2.191" /><testcase classname="tests.starlink_glrt.test_cpu_live_probe" name="test_advancing_capture_worker_and_native_feedback[3-30000000-signal]" time="2.174" /><testcase classname="tests.starlink_glrt.test_cpu_live_probe" name="test_advancing_capture_worker_and_native_feedback[3-60000000-signal]" time="2.181" /><testcase classname="tests.starlink_glrt.test_cpu_live_probe" name="test_advancing_capture_worker_and_native_feedback[3-60000000-publication_lag]" time="2.194" /><testcase classname="tests.starlink_glrt.test_cpu_live_probe" name="test_advancing_capture_worker_and_native_feedback[3-60000000-handoff_horizon_expired]" time="0.115" /><testcase classname="tests.starlink_glrt.test_cpu_live_probe" name="test_advancing_capture_worker_and_native_feedback[3-30000000-zero]" time="0.062" /><testcase classname="tests.starlink_glrt.test_cpu_live_probe" name="test_advancing_capture_worker_and_native_feedback[3-30000000-zero_long]" time="0.166" /><testcase classname="tests.starlink_glrt.test_cpu_live_probe" name="test_advancing_capture_worker_and_native_feedback[3-30000000-cancel]" time="0.002" /><testcase classname="tests.starlink_glrt.test_cpu_live_probe" name="test_advancing_capture_worker_and_native_feedback[3-30000000-source_loss]" time="0.002" /><testcase classname="tests.starlink_glrt.test_cpu_live_probe" name="test_advancing_capture_worker_and_native_feedback[3-30000000-selected_signal]" time="2.205" /><testcase classname="tests.starlink_glrt.test_cpu_live_probe" name="test_advancing_capture_worker_and_native_feedback[3-60000000-selected_signal]" time="2.180" /><testcase classname="tests.starlink_glrt.test_cpu_live_probe" name="test_advancing_capture_worker_and_native_feedback[3-60000000-selected_zero]" time="0.032" /><testcase classname="tests.starlink_glrt.test_cpu_live_probe" name="test_advancing_capture_worker_and_native_feedback[3-60000000-selected_retention]" time="0.012" /><testcase classname="tests.starlink_glrt.test_cpu_live_probe" name="test_advancing_capture_worker_and_native_feedback[3-30000000-native_rejection]" time="0.182" /><testcase classname="tests.starlink_glrt.test_cpu_live_probe" name="test_advancing_capture_worker_and_native_feedback[3-30000000-native_retention]" time="0.146" /><testcase classname="tests.starlink_glrt.test_cpu_live_probe" name="test_advancing_capture_worker_and_native_feedback[3-30000000-late_handoff]" time="0.122" /><testcase classname="tests.starlink_glrt.test_cpu_live_probe" name="test_advancing_capture_worker_and_native_feedback[3-30000000-observer_retention]" time="2.206" /><testcase classname="tests.starlink_glrt.test_cpu_live_probe" name="test_advancing_capture_worker_and_native_feedback[3-60000000-observer_retention]" time="2.175" /><testcase classname="tests.starlink_glrt.test_cpu_live_probe" name="test_clean_native_loss_reacquires_in_new_epoch_with_global_budgets[loss_then_supported-30000000]" time="2.439" /><testcase classname="tests.starlink_glrt.test_cpu_live_probe" name="test_clean_native_loss_reacquires_in_new_epoch_with_global_budgets[loss_then_supported-60000000]" time="2.413" /><testcase classname="tests.starlink_glrt.test_cpu_live_probe" name="test_clean_native_loss_reacquires_in_new_epoch_with_global_budgets[four_losses-30000000]" time="0.572" /><testcase classname="tests.starlink_glrt.test_cpu_live_probe" name="test_clean_native_loss_reacquires_in_new_epoch_with_global_budgets[four_losses-60000000]" time="0.583" /><testcase classname="tests.starlink_glrt.test_cpu_live_probe" name="test_clean_native_loss_reacquires_in_new_epoch_with_global_budgets[attempt_budget-30000000]" time="0.182" /><testcase classname="tests.starlink_glrt.test_cpu_live_probe" name="test_clean_native_loss_reacquires_in_new_epoch_with_global_budgets[attempt_budget-60000000]" time="0.181" /><testcase classname="tests.starlink_glrt.test_cpu_live_probe" name="test_clean_native_loss_reacquires_in_new_epoch_with_global_budgets[full_profile-30000000]" time="0.175" /><testcase classname="tests.starlink_glrt.test_cpu_live_probe" name="test_clean_native_loss_reacquires_in_new_epoch_with_global_budgets[full_profile-60000000]" time="0.191" /><testcase classname="tests.starlink_glrt.test_cpu_live_probe" name="test_clean_native_loss_reacquires_in_new_epoch_with_global_budgets[visit_full_profile-30000000]" time="0.201" /><testcase classname="tests.starlink_glrt.test_cpu_live_probe" name="test_clean_native_loss_reacquires_in_new_epoch_with_global_budgets[visit_full_profile-60000000]" time="0.184" /><testcase classname="tests.starlink_glrt.test_cpu_live_probe" name="test_clean_native_loss_reacquires_in_new_epoch_with_global_budgets[visit_selected_profile-30000000]" time="0.189" /><testcase classname="tests.starlink_glrt.test_cpu_live_probe" name="test_clean_native_loss_reacquires_in_new_epoch_with_global_budgets[visit_selected_profile-60000000]" time="0.186" /><testcase classname="tests.starlink_glrt.test_cpu_live_probe" name="test_clean_native_loss_reacquires_in_new_epoch_with_global_budgets[short_observer3-30000000]" time="0.162" /><testcase classname="tests.starlink_glrt.test_cpu_live_probe" name="test_clean_native_loss_reacquires_in_new_epoch_with_global_budgets[short_observer3-60000000]" time="0.152" /><testcase classname="tests.starlink_glrt.test_cpu_live_probe" name="test_clean_native_loss_reacquires_in_new_epoch_with_global_budgets[worker_error-30000000]" time="0.153" /><testcase classname="tests.starlink_glrt.test_cpu_live_probe" name="test_clean_native_loss_reacquires_in_new_epoch_with_global_budgets[worker_error-60000000]" time="0.162" /><testcase classname="tests.starlink_glrt.test_cpu_live_probe" name="test_clean_native_loss_reacquires_in_new_epoch_with_global_budgets[retention_error-30000000]" time="0.164" /><testcase classname="tests.starlink_glrt.test_cpu_live_probe" name="test_clean_native_loss_reacquires_in_new_epoch_with_global_budgets[retention_error-60000000]" time="0.161" /><testcase classname="tests.starlink_glrt.test_cpu_live_probe" name="test_clean_native_loss_reacquires_in_new_epoch_with_global_budgets[restart_budget-30000000]" time="0.161" /><testcase classname="tests.starlink_glrt.test_cpu_live_probe" name="test_clean_native_loss_reacquires_in_new_epoch_with_global_budgets[restart_budget-60000000]" time="0.161" /><testcase classname="tests.starlink_glrt.test_cpu_live_probe" name="test_clean_native_loss_reacquires_in_new_epoch_with_global_budgets[cancel-30000000]" time="0.161" /><testcase classname="tests.starlink_glrt.test_cpu_live_probe" name="test_clean_native_loss_reacquires_in_new_epoch_with_global_budgets[cancel-60000000]" time="0.171" /><testcase classname="tests.starlink_glrt.test_cpu_live_probe" name="test_clean_native_loss_reacquires_in_new_epoch_with_global_budgets[deadline-30000000]" time="0.183" /><testcase classname="tests.starlink_glrt.test_cpu_live_probe" name="test_clean_native_loss_reacquires_in_new_epoch_with_global_budgets[deadline-60000000]" time="0.156" /><testcase classname="tests.starlink_glrt.test_cpu_live_probe" name="test_clean_native_loss_reacquires_in_new_epoch_with_global_budgets[uncleared-30000000]" time="0.162" /><testcase classname="tests.starlink_glrt.test_cpu_live_probe" name="test_clean_native_loss_reacquires_in_new_epoch_with_global_budgets[uncleared-60000000]" time="0.161" /><testcase classname="tests.starlink_glrt.test_cpu_live_probe" name="test_clean_native_loss_reacquires_in_new_epoch_with_global_budgets[source_gap-30000000]" time="0.170" /><testcase classname="tests.starlink_glrt.test_cpu_live_probe" name="test_clean_native_loss_reacquires_in_new_epoch_with_global_budgets[source_gap-60000000]" time="0.168" /><testcase classname="tests.starlink_glrt.test_cpu_live_probe" name="test_clean_native_loss_reacquires_in_new_epoch_with_global_budgets[wrong_epoch-30000000]" time="0.171" /><testcase classname="tests.starlink_glrt.test_cpu_live_probe" name="test_clean_native_loss_reacquires_in_new_epoch_with_global_budgets[wrong_epoch-60000000]" time="0.161" /><testcase classname="tests.starlink_glrt.test_cpu_live_probe" name="test_clean_native_loss_reacquires_in_new_epoch_with_global_budgets[wrong_rate-30000000]" time="0.163" /><testcase classname="tests.starlink_glrt.test_cpu_live_probe" name="test_clean_native_loss_reacquires_in_new_epoch_with_global_budgets[wrong_rate-60000000]" time="0.163" /><testcase classname="tests.starlink_glrt.test_cpu_live_probe" name="test_clean_native_loss_reacquires_in_new_epoch_with_global_budgets[unread_head-30000000]" time="0.161" /><testcase classname="tests.starlink_glrt.test_cpu_live_probe" name="test_clean_native_loss_reacquires_in_new_epoch_with_global_budgets[unread_head-60000000]" time="0.161" /><testcase classname="tests.starlink_glrt.test_cpu_live_probe" name="test_clean_native_loss_reacquires_in_new_epoch_with_global_budgets[read_failure-30000000]" time="0.161" /><testcase classname="tests.starlink_glrt.test_cpu_live_probe" name="test_clean_native_loss_reacquires_in_new_epoch_with_global_budgets[read_failure-60000000]" time="0.161" /><testcase classname="tests.starlink_glrt.test_cpu_live_probe" name="test_clean_native_loss_reacquires_in_new_epoch_with_global_budgets[rebase_same_epoch-30000000]" time="0.181" /><testcase classname="tests.starlink_glrt.test_cpu_live_probe" name="test_clean_native_loss_reacquires_in_new_epoch_with_global_budgets[rebase_same_epoch-60000000]" time="0.182" /><testcase classname="tests.starlink_glrt.test_cpu_live_probe" name="test_clean_native_loss_reacquires_in_new_epoch_with_global_budgets[rebase_short_write-30000000]" time="0.161" /><testcase classname="tests.starlink_glrt.test_cpu_live_probe" name="test_clean_native_loss_reacquires_in_new_epoch_with_global_budgets[rebase_short_write-60000000]" time="0.161" /></testsuite></testsuites>