<?xml version="1.0" encoding="utf-8"?><testsuites name="pytest tests"><testsuite name="pytest" errors="0" failures="0" skipped="0" tests="114" time="46.818" timestamp="2026-09-13T21:09:30.276072+00:00" hostname="gauss"><testcase classname="tests.starlink_glrt.test_cpu_live_probe" name="test_dwell_profiles_have_finite_capture_and_worker_limits[None-expected0]" time="1.500" /><testcase classname="tests.starlink_glrt.test_cpu_live_probe" name="test_dwell_profiles_have_finite_capture_and_worker_limits[1536-expected1]" time="0.000" /><testcase classname="tests.starlink_glrt.test_cpu_live_probe" name="test_dwell_profiles_have_finite_capture_and_worker_limits[4096-expected2]" time="0.000" /><testcase classname="tests.starlink_glrt.test_cpu_live_probe" name="test_dwell_profiles_have_finite_capture_and_worker_limits[45000-expected3]" time="0.000" /><testcase classname="tests.starlink_glrt.test_cpu_live_probe" name="test_dwell_profiles_have_finite_capture_and_worker_limits[1536-selected-expected4]" time="0.000" /><testcase classname="tests.starlink_glrt.test_cpu_live_probe" name="test_dwell_profiles_have_finite_capture_and_worker_limits[1536-selected-observer3-expected5]" time="0.000" /><testcase classname="tests.starlink_glrt.test_cpu_live_probe" name="test_invalid_dwell_rejected_before_opening_evidence_or_radio[0]" time="0.000" /><testcase classname="tests.starlink_glrt.test_cpu_live_probe" name="test_invalid_dwell_rejected_before_opening_evidence_or_radio[4097]" time="0.000" /><testcase classname="tests.starlink_glrt.test_cpu_live_probe" name="test_invalid_dwell_rejected_before_opening_evidence_or_radio[-1]" time="0.000" /><testcase classname="tests.starlink_glrt.test_cpu_live_probe" name="test_invalid_dwell_rejected_before_opening_evidence_or_radio[4096garbage]" time="0.000" /><testcase classname="tests.starlink_glrt.test_cpu_live_probe" name="test_invalid_dwell_rejected_before_opening_evidence_or_radio[4294967296]" time="0.000" /><testcase classname="tests.starlink_glrt.test_cpu_live_probe" name="test_early_stop_requires_idle_complete_counters_with_bounded_tail[32768-32768-8-1]" time="0.000" /><testcase classname="tests.starlink_glrt.test_cpu_live_probe" name="test_early_stop_requires_idle_complete_counters_with_bounded_tail[32891-32891-8-1]" time="0.000" /><testcase classname="tests.starlink_glrt.test_cpu_live_probe" name="test_early_stop_requires_idle_complete_counters_with_bounded_tail[32891-32890-8-0]" time="0.000" /><testcase classname="tests.starlink_glrt.test_cpu_live_probe" name="test_early_stop_requires_idle_complete_counters_with_bounded_tail[32767-32767-8-0]" time="0.000" /><testcase classname="tests.starlink_glrt.test_cpu_live_probe" name="test_early_stop_requires_idle_complete_counters_with_bounded_tail[32768-32768-9-0]" time="0.000" /><testcase classname="tests.starlink_glrt.test_cpu_live_probe" name="test_early_stop_requires_idle_complete_counters_with_bounded_tail[32768-32768-10-0]" time="0.000" /><testcase classname="tests.starlink_glrt.test_cpu_live_probe" name="test_early_stop_requires_idle_complete_counters_with_bounded_tail[65537-65537-8-0]" time="0.000" /><testcase classname="tests.starlink_glrt.test_cpu_live_probe" name="test_native_episodes_use_separate_exclusive_bounded_journals" time="0.001" /><testcase classname="tests.starlink_glrt.test_cpu_live_probe" name="test_paired_iq_waits_for_real_publication_and_rejects_lost_inputs[delayed-30000000]" time="0.006" /><testcase classname="tests.starlink_glrt.test_cpu_live_probe" name="test_paired_iq_waits_for_real_publication_and_rejects_lost_inputs[delayed-60000000]" time="0.001" /><testcase classname="tests.starlink_glrt.test_cpu_live_probe" name="test_paired_iq_waits_for_real_publication_and_rejects_lost_inputs[closed-30000000]" time="0.001" /><testcase classname="tests.starlink_glrt.test_cpu_live_probe" name="test_paired_iq_waits_for_real_publication_and_rejects_lost_inputs[closed-60000000]" time="0.001" /><testcase classname="tests.starlink_glrt.test_cpu_live_probe" name="test_paired_iq_waits_for_real_publication_and_rejects_lost_inputs[overwritten-30000000]" time="0.011" /><testcase classname="tests.starlink_glrt.test_cpu_live_probe" name="test_paired_iq_waits_for_real_publication_and_rejects_lost_inputs[overwritten-60000000]" time="0.011" /><testcase classname="tests.starlink_glrt.test_cpu_live_probe" name="test_paired_iq_waits_for_real_publication_and_rejects_lost_inputs[retention-30000000]" time="0.001" /><testcase classname="tests.starlink_glrt.test_cpu_live_probe" name="test_paired_iq_waits_for_real_publication_and_rejects_lost_inputs[retention-60000000]" time="0.001" /><testcase classname="tests.starlink_glrt.test_cpu_live_probe" name="test_original_pilot_order_matches_independent_fft[secondary_pilot]" time="0.006" /><testcase classname="tests.starlink_glrt.test_cpu_live_probe" name="test_original_pilot_order_matches_independent_fft[noise]" time="0.005" /><testcase classname="tests.starlink_glrt.test_cpu_live_probe" name="test_original_pilot_order_matches_independent_fft[zero]" time="0.005" /><testcase classname="tests.starlink_glrt.test_cpu_live_probe" name="test_original_pilot_order_matches_independent_fft[cancel]" time="0.001" /><testcase classname="tests.starlink_glrt.test_cpu_live_probe" name="test_original_pilot_order_matches_independent_fft[invalid_epoch]" time="0.002" /><testcase classname="tests.starlink_glrt.test_cpu_live_probe" name="test_observer_thread_has_separate_retention_and_is_joined_before_owner_release[9-waiting_cancel]" time="0.001" /><testcase classname="tests.starlink_glrt.test_cpu_live_probe" name="test_observer_thread_has_separate_retention_and_is_joined_before_owner_release[9-retained_cancel]" time="0.005" /><testcase classname="tests.starlink_glrt.test_cpu_live_probe" name="test_observer_thread_has_separate_retention_and_is_joined_before_owner_release[9-closed]" time="0.003" /><testcase classname="tests.starlink_glrt.test_cpu_live_probe" name="test_observer_thread_has_separate_retention_and_is_joined_before_owner_release[9-iq_failure]" time="0.003" /><testcase classname="tests.starlink_glrt.test_cpu_live_probe" name="test_observer_thread_has_separate_retention_and_is_joined_before_owner_release[9-journal_failure]" time="0.001" /><testcase classname="tests.starlink_glrt.test_cpu_live_probe" name="test_observer_thread_has_separate_retention_and_is_joined_before_owner_release[3-waiting_cancel]" time="0.001" /><testcase classname="tests.starlink_glrt.test_cpu_live_probe" name="test_observer_thread_has_separate_retention_and_is_joined_before_owner_release[3-retained_cancel]" time="0.004" /><testcase classname="tests.starlink_glrt.test_cpu_live_probe" name="test_observer_thread_has_separate_retention_and_is_joined_before_owner_release[3-closed]" time="0.003" /><testcase classname="tests.starlink_glrt.test_cpu_live_probe" name="test_observer_thread_has_separate_retention_and_is_joined_before_owner_release[3-iq_failure]" time="0.003" /><testcase classname="tests.starlink_glrt.test_cpu_live_probe" name="test_observer_thread_has_separate_retention_and_is_joined_before_owner_release[3-journal_failure]" time="0.001" /><testcase classname="tests.starlink_glrt.test_cpu_live_probe" name="test_advancing_capture_worker_and_native_feedback[9-30000000-signal]" time="3.130" /><testcase classname="tests.starlink_glrt.test_cpu_live_probe" name="test_advancing_capture_worker_and_native_feedback[9-60000000-signal]" time="2.188" /><testcase classname="tests.starlink_glrt.test_cpu_live_probe" name="test_advancing_capture_worker_and_native_feedback[9-60000000-publication_lag]" time="2.193" /><testcase classname="tests.starlink_glrt.test_cpu_live_probe" name="test_advancing_capture_worker_and_native_feedback[9-60000000-handoff_horizon_expired]" time="0.112" /><testcase classname="tests.starlink_glrt.test_cpu_live_probe" name="test_advancing_capture_worker_and_native_feedback[9-30000000-zero]" time="0.066" /><testcase classname="tests.starlink_glrt.test_cpu_live_probe" name="test_advancing_capture_worker_and_native_feedback[9-30000000-zero_long]" time="0.166" /><testcase classname="tests.starlink_glrt.test_cpu_live_probe" name="test_advancing_capture_worker_and_native_feedback[9-30000000-cancel]" time="0.002" /><testcase classname="tests.starlink_glrt.test_cpu_live_probe" name="test_advancing_capture_worker_and_native_feedback[9-30000000-source_loss]" time="0.002" /><testcase classname="tests.starlink_glrt.test_cpu_live_probe" name="test_advancing_capture_worker_and_native_feedback[9-30000000-selected_signal]" time="2.182" /><testcase classname="tests.starlink_glrt.test_cpu_live_probe" name="test_advancing_capture_worker_and_native_feedback[9-60000000-selected_signal]" time="2.192" /><testcase classname="tests.starlink_glrt.test_cpu_live_probe" name="test_advancing_capture_worker_and_native_feedback[9-60000000-selected_zero]" time="0.031" /><testcase classname="tests.starlink_glrt.test_cpu_live_probe" name="test_advancing_capture_worker_and_native_feedback[9-60000000-selected_retention]" time="0.011" /><testcase classname="tests.starlink_glrt.test_cpu_live_probe" name="test_advancing_capture_worker_and_native_feedback[9-30000000-native_rejection]" time="0.160" /><testcase classname="tests.starlink_glrt.test_cpu_live_probe" name="test_advancing_capture_worker_and_native_feedback[9-30000000-native_retention]" time="0.128" /><testcase classname="tests.starlink_glrt.test_cpu_live_probe" name="test_advancing_capture_worker_and_native_feedback[9-30000000-late_handoff]" time="0.144" /><testcase classname="tests.starlink_glrt.test_cpu_live_probe" name="test_advancing_capture_worker_and_native_feedback[9-30000000-observer_retention]" time="2.192" /><testcase classname="tests.starlink_glrt.test_cpu_live_probe" name="test_advancing_capture_worker_and_native_feedback[9-60000000-observer_retention]" time="2.176" /><testcase classname="tests.starlink_glrt.test_cpu_live_probe" name="test_advancing_capture_worker_and_native_feedback[3-30000000-signal]" time="2.203" /><testcase classname="tests.starlink_glrt.test_cpu_live_probe" name="test_advancing_capture_worker_and_native_feedback[3-60000000-signal]" time="2.193" /><testcase classname="tests.starlink_glrt.test_cpu_live_probe" name="test_advancing_capture_worker_and_native_feedback[3-60000000-publication_lag]" time="2.175" /><testcase classname="tests.starlink_glrt.test_cpu_live_probe" name="test_advancing_capture_worker_and_native_feedback[3-60000000-handoff_horizon_expired]" time="0.120" /><testcase classname="tests.starlink_glrt.test_cpu_live_probe" name="test_advancing_capture_worker_and_native_feedback[3-30000000-zero]" time="0.064" /><testcase classname="tests.starlink_glrt.test_cpu_live_probe" name="test_advancing_capture_worker_and_native_feedback[3-30000000-zero_long]" time="0.160" /><testcase classname="tests.starlink_glrt.test_cpu_live_probe" name="test_advancing_capture_worker_and_native_feedback[3-30000000-cancel]" time="0.002" /><testcase classname="tests.starlink_glrt.test_cpu_live_probe" name="test_advancing_capture_worker_and_native_feedback[3-30000000-source_loss]" time="0.002" /><testcase classname="tests.starlink_glrt.test_cpu_live_probe" name="test_advancing_capture_worker_and_native_feedback[3-30000000-selected_signal]" time="2.202" /><testcase classname="tests.starlink_glrt.test_cpu_live_probe" name="test_advancing_capture_worker_and_native_feedback[3-60000000-selected_signal]" time="2.185" /><testcase classname="tests.starlink_glrt.test_cpu_live_probe" name="test_advancing_capture_worker_and_native_feedback[3-60000000-selected_zero]" time="0.036" /><testcase classname="tests.starlink_glrt.test_cpu_live_probe" name="test_advancing_capture_worker_and_native_feedback[3-60000000-selected_retention]" time="0.011" /><testcase classname="tests.starlink_glrt.test_cpu_live_probe" name="test_advancing_capture_worker_and_native_feedback[3-30000000-native_rejection]" time="0.198" /><testcase classname="tests.starlink_glrt.test_cpu_live_probe" name="test_advancing_capture_worker_and_native_feedback[3-30000000-native_retention]" time="0.150" /><testcase classname="tests.starlink_glrt.test_cpu_live_probe" name="test_advancing_capture_worker_and_native_feedback[3-30000000-late_handoff]" time="0.141" /><testcase classname="tests.starlink_glrt.test_cpu_live_probe" name="test_advancing_capture_worker_and_native_feedback[3-30000000-observer_retention]" time="2.196" /><testcase classname="tests.starlink_glrt.test_cpu_live_probe" name="test_advancing_capture_worker_and_native_feedback[3-60000000-observer_retention]" time="2.198" /><testcase classname="tests.starlink_glrt.test_cpu_live_probe" name="test_clean_native_loss_reacquires_in_new_epoch_with_global_budgets[loss_then_supported-30000000]" time="2.457" /><testcase classname="tests.starlink_glrt.test_cpu_live_probe" name="test_clean_native_loss_reacquires_in_new_epoch_with_global_budgets[loss_then_supported-60000000]" time="2.422" /><testcase classname="tests.starlink_glrt.test_cpu_live_probe" name="test_clean_native_loss_reacquires_in_new_epoch_with_global_budgets[four_losses-30000000]" time="0.580" /><testcase classname="tests.starlink_glrt.test_cpu_live_probe" name="test_clean_native_loss_reacquires_in_new_epoch_with_global_budgets[four_losses-60000000]" time="0.612" /><testcase classname="tests.starlink_glrt.test_cpu_live_probe" name="test_clean_native_loss_reacquires_in_new_epoch_with_global_budgets[attempt_budget-30000000]" time="0.171" /><testcase classname="tests.starlink_glrt.test_cpu_live_probe" name="test_clean_native_loss_reacquires_in_new_epoch_with_global_budgets[attempt_budget-60000000]" time="0.174" /><testcase classname="tests.starlink_glrt.test_cpu_live_probe" name="test_clean_native_loss_reacquires_in_new_epoch_with_global_budgets[full_profile-30000000]" time="0.172" /><testcase classname="tests.starlink_glrt.test_cpu_live_probe" name="test_clean_native_loss_reacquires_in_new_epoch_with_global_budgets[full_profile-60000000]" time="0.191" /><testcase classname="tests.starlink_glrt.test_cpu_live_probe" name="test_clean_native_loss_reacquires_in_new_epoch_with_global_budgets[visit_full_profile-30000000]" time="0.169" /><testcase classname="tests.starlink_glrt.test_cpu_live_probe" name="test_clean_native_loss_reacquires_in_new_epoch_with_global_budgets[visit_full_profile-60000000]" time="0.190" /><testcase classname="tests.starlink_glrt.test_cpu_live_probe" name="test_clean_native_loss_reacquires_in_new_epoch_with_global_budgets[visit_selected_profile-30000000]" time="0.186" /><testcase classname="tests.starlink_glrt.test_cpu_live_probe" name="test_clean_native_loss_reacquires_in_new_epoch_with_global_budgets[visit_selected_profile-60000000]" time="0.161" /><testcase classname="tests.starlink_glrt.test_cpu_live_probe" name="test_clean_native_loss_reacquires_in_new_epoch_with_global_budgets[worker_error-30000000]" time="0.152" /><testcase classname="tests.starlink_glrt.test_cpu_live_probe" name="test_clean_native_loss_reacquires_in_new_epoch_with_global_budgets[worker_error-60000000]" time="0.153" /><testcase classname="tests.starlink_glrt.test_cpu_live_probe" name="test_clean_native_loss_reacquires_in_new_epoch_with_global_budgets[retention_error-30000000]" time="0.152" /><testcase classname="tests.starlink_glrt.test_cpu_live_probe" name="test_clean_native_loss_reacquires_in_new_epoch_with_global_budgets[retention_error-60000000]" time="0.152" /><testcase classname="tests.starlink_glrt.test_cpu_live_probe" name="test_clean_native_loss_reacquires_in_new_epoch_with_global_budgets[restart_budget-30000000]" time="0.163" /><testcase classname="tests.starlink_glrt.test_cpu_live_probe" name="test_clean_native_loss_reacquires_in_new_epoch_with_global_budgets[restart_budget-60000000]" time="0.152" /><testcase classname="tests.starlink_glrt.test_cpu_live_probe" name="test_clean_native_loss_reacquires_in_new_epoch_with_global_budgets[cancel-30000000]" time="0.153" /><testcase classname="tests.starlink_glrt.test_cpu_live_probe" name="test_clean_native_loss_reacquires_in_new_epoch_with_global_budgets[cancel-60000000]" time="0.151" /><testcase classname="tests.starlink_glrt.test_cpu_live_probe" name="test_clean_native_loss_reacquires_in_new_epoch_with_global_budgets[deadline-30000000]" time="0.155" /><testcase classname="tests.starlink_glrt.test_cpu_live_probe" name="test_clean_native_loss_reacquires_in_new_epoch_with_global_budgets[deadline-60000000]" time="0.160" /><testcase classname="tests.starlink_glrt.test_cpu_live_probe" name="test_clean_native_loss_reacquires_in_new_epoch_with_global_budgets[uncleared-30000000]" time="0.173" /><testcase classname="tests.starlink_glrt.test_cpu_live_probe" name="test_clean_native_loss_reacquires_in_new_epoch_with_global_budgets[uncleared-60000000]" time="0.162" /><testcase classname="tests.starlink_glrt.test_cpu_live_probe" name="test_clean_native_loss_reacquires_in_new_epoch_with_global_budgets[source_gap-30000000]" time="0.172" /><testcase classname="tests.starlink_glrt.test_cpu_live_probe" name="test_clean_native_loss_reacquires_in_new_epoch_with_global_budgets[source_gap-60000000]" time="0.161" /><testcase classname="tests.starlink_glrt.test_cpu_live_probe" name="test_clean_native_loss_reacquires_in_new_epoch_with_global_budgets[wrong_epoch-30000000]" time="0.161" /><testcase classname="tests.starlink_glrt.test_cpu_live_probe" name="test_clean_native_loss_reacquires_in_new_epoch_with_global_budgets[wrong_epoch-60000000]" time="0.185" /><testcase classname="tests.starlink_glrt.test_cpu_live_probe" name="test_clean_native_loss_reacquires_in_new_epoch_with_global_budgets[wrong_rate-30000000]" time="0.163" /><testcase classname="tests.starlink_glrt.test_cpu_live_probe" name="test_clean_native_loss_reacquires_in_new_epoch_with_global_budgets[wrong_rate-60000000]" time="0.166" /><testcase classname="tests.starlink_glrt.test_cpu_live_probe" name="test_clean_native_loss_reacquires_in_new_epoch_with_global_budgets[unread_head-30000000]" time="0.161" /><testcase classname="tests.starlink_glrt.test_cpu_live_probe" name="test_clean_native_loss_reacquires_in_new_epoch_with_global_budgets[unread_head-60000000]" time="0.168" /><testcase classname="tests.starlink_glrt.test_cpu_live_probe" name="test_clean_native_loss_reacquires_in_new_epoch_with_global_budgets[read_failure-30000000]" time="0.185" /><testcase classname="tests.starlink_glrt.test_cpu_live_probe" name="test_clean_native_loss_reacquires_in_new_epoch_with_global_budgets[read_failure-60000000]" time="0.161" /><testcase classname="tests.starlink_glrt.test_cpu_live_probe" name="test_clean_native_loss_reacquires_in_new_epoch_with_global_budgets[rebase_same_epoch-30000000]" time="0.182" /><testcase classname="tests.starlink_glrt.test_cpu_live_probe" name="test_clean_native_loss_reacquires_in_new_epoch_with_global_budgets[rebase_same_epoch-60000000]" time="0.182" /><testcase classname="tests.starlink_glrt.test_cpu_live_probe" name="test_clean_native_loss_reacquires_in_new_epoch_with_global_budgets[rebase_short_write-30000000]" time="0.165" /><testcase classname="tests.starlink_glrt.test_cpu_live_probe" name="test_clean_native_loss_reacquires_in_new_epoch_with_global_budgets[rebase_short_write-60000000]" time="0.183" /></testsuite></testsuites>