<?xml version="1.0" encoding="utf-8"?><testsuites name="pytest tests"><testsuite name="pytest" errors="0" failures="0" skipped="0" tests="78" time="1.348" timestamp="2026-09-13T20:48:21.641950+00:00" hostname="gauss"><testcase classname="tests.starlink_glrt.test_tracking_observer" name="test_passive_owner_measurements_and_fences[9-positive]" time="0.549" /><testcase classname="tests.starlink_glrt.test_tracking_observer" name="test_passive_owner_measurements_and_fences[9-large]" time="0.003" /><testcase classname="tests.starlink_glrt.test_tracking_observer" name="test_passive_owner_measurements_and_fences[9-phase1]" time="0.004" /><testcase classname="tests.starlink_glrt.test_tracking_observer" name="test_passive_owner_measurements_and_fences[9-phase2]" time="0.003" /><testcase classname="tests.starlink_glrt.test_tracking_observer" name="test_passive_owner_measurements_and_fences[9-phase3]" time="0.003" /><testcase classname="tests.starlink_glrt.test_tracking_observer" name="test_passive_owner_measurements_and_fences[9-advance_during_guard]" time="0.003" /><testcase classname="tests.starlink_glrt.test_tracking_observer" name="test_passive_owner_measurements_and_fences[9-noise]" time="0.002" /><testcase classname="tests.starlink_glrt.test_tracking_observer" name="test_passive_owner_measurements_and_fences[9-waiting]" time="0.001" /><testcase classname="tests.starlink_glrt.test_tracking_observer" name="test_passive_owner_measurements_and_fences[9-waiting_deadline]" time="0.001" /><testcase classname="tests.starlink_glrt.test_tracking_observer" name="test_passive_owner_measurements_and_fences[9-closed]" time="0.002" /><testcase classname="tests.starlink_glrt.test_tracking_observer" name="test_passive_owner_measurements_and_fences[9-lost]" time="0.002" /><testcase classname="tests.starlink_glrt.test_tracking_observer" name="test_passive_owner_measurements_and_fences[9-epoch]" time="0.001" /><testcase classname="tests.starlink_glrt.test_tracking_observer" name="test_passive_owner_measurements_and_fences[9-overwrite]" time="0.001" /><testcase classname="tests.starlink_glrt.test_tracking_observer" name="test_passive_owner_measurements_and_fences[9-deadline]" time="0.002" /><testcase classname="tests.starlink_glrt.test_tracking_observer" name="test_passive_owner_measurements_and_fences[9-clock_regression]" time="0.002" /><testcase classname="tests.starlink_glrt.test_tracking_observer" name="test_passive_owner_measurements_and_fences[9-future_source_clock]" time="0.002" /><testcase classname="tests.starlink_glrt.test_tracking_observer" name="test_passive_owner_measurements_and_fences[9-source_budget]" time="0.002" /><testcase classname="tests.starlink_glrt.test_tracking_observer" name="test_passive_owner_measurements_and_fences[9-cancelled]" time="0.002" /><testcase classname="tests.starlink_glrt.test_tracking_observer" name="test_passive_owner_measurements_and_fences[9-invalid_cancel]" time="0.002" /><testcase classname="tests.starlink_glrt.test_tracking_observer" name="test_passive_owner_measurements_and_fences[9-retention]" time="0.002" /><testcase classname="tests.starlink_glrt.test_tracking_observer" name="test_passive_owner_measurements_and_fences[9-close_during_retention]" time="0.002" /><testcase classname="tests.starlink_glrt.test_tracking_observer" name="test_passive_owner_measurements_and_fences[9-cancel_during_retention]" time="0.002" /><testcase classname="tests.starlink_glrt.test_tracking_observer" name="test_passive_owner_measurements_and_fences[9-clock_during_retention]" time="0.002" /><testcase classname="tests.starlink_glrt.test_tracking_observer" name="test_passive_owner_measurements_and_fences[9-init_rate]" time="0.001" /><testcase classname="tests.starlink_glrt.test_tracking_observer" name="test_passive_owner_measurements_and_fences[9-init_history]" time="0.001" /><testcase classname="tests.starlink_glrt.test_tracking_observer" name="test_passive_owner_measurements_and_fences[9-init_frame]" time="0.001" /><testcase classname="tests.starlink_glrt.test_tracking_observer" name="test_passive_owner_measurements_and_fences[9-init_far_frame]" time="0.001" /><testcase classname="tests.starlink_glrt.test_tracking_observer" name="test_passive_owner_measurements_and_fences[9-init_count]" time="0.001" /><testcase classname="tests.starlink_glrt.test_tracking_observer" name="test_passive_owner_measurements_and_fences[9-init_zero_count]" time="0.001" /><testcase classname="tests.starlink_glrt.test_tracking_observer" name="test_passive_owner_measurements_and_fences[9-init_budget]" time="0.001" /><testcase classname="tests.starlink_glrt.test_tracking_observer" name="test_passive_owner_measurements_and_fences[9-init_zero_budget]" time="0.001" /><testcase classname="tests.starlink_glrt.test_tracking_observer" name="test_passive_owner_measurements_and_fences[9-init_overflow]" time="0.001" /><testcase classname="tests.starlink_glrt.test_tracking_observer" name="test_passive_owner_measurements_and_fences[9-init_source]" time="0.001" /><testcase classname="tests.starlink_glrt.test_tracking_observer" name="test_passive_owner_measurements_and_fences[9-init_long_source]" time="0.001" /><testcase classname="tests.starlink_glrt.test_tracking_observer" name="test_passive_owner_measurements_and_fences[9-init_spacing0]" time="0.001" /><testcase classname="tests.starlink_glrt.test_tracking_observer" name="test_passive_owner_measurements_and_fences[9-init_spacing1]" time="0.001" /><testcase classname="tests.starlink_glrt.test_tracking_observer" name="test_passive_owner_measurements_and_fences[9-init_spacing2]" time="0.001" /><testcase classname="tests.starlink_glrt.test_tracking_observer" name="test_passive_owner_measurements_and_fences[9-init_spacing6]" time="0.001" /><testcase classname="tests.starlink_glrt.test_tracking_observer" name="test_passive_owner_measurements_and_fences[9-init_spacing10]" time="0.001" /><testcase classname="tests.starlink_glrt.test_tracking_observer" name="test_passive_owner_measurements_and_fences[3-positive]" time="0.604" /><testcase classname="tests.starlink_glrt.test_tracking_observer" name="test_passive_owner_measurements_and_fences[3-large]" time="0.003" /><testcase classname="tests.starlink_glrt.test_tracking_observer" name="test_passive_owner_measurements_and_fences[3-phase1]" time="0.003" /><testcase classname="tests.starlink_glrt.test_tracking_observer" name="test_passive_owner_measurements_and_fences[3-phase2]" time="0.003" /><testcase classname="tests.starlink_glrt.test_tracking_observer" name="test_passive_owner_measurements_and_fences[3-phase3]" time="0.003" /><testcase classname="tests.starlink_glrt.test_tracking_observer" name="test_passive_owner_measurements_and_fences[3-advance_during_guard]" time="0.003" /><testcase classname="tests.starlink_glrt.test_tracking_observer" name="test_passive_owner_measurements_and_fences[3-noise]" time="0.002" /><testcase classname="tests.starlink_glrt.test_tracking_observer" name="test_passive_owner_measurements_and_fences[3-waiting]" time="0.001" /><testcase classname="tests.starlink_glrt.test_tracking_observer" name="test_passive_owner_measurements_and_fences[3-waiting_deadline]" time="0.001" /><testcase classname="tests.starlink_glrt.test_tracking_observer" name="test_passive_owner_measurements_and_fences[3-closed]" time="0.001" /><testcase classname="tests.starlink_glrt.test_tracking_observer" name="test_passive_owner_measurements_and_fences[3-lost]" time="0.002" /><testcase classname="tests.starlink_glrt.test_tracking_observer" name="test_passive_owner_measurements_and_fences[3-epoch]" time="0.001" /><testcase classname="tests.starlink_glrt.test_tracking_observer" name="test_passive_owner_measurements_and_fences[3-overwrite]" time="0.001" /><testcase classname="tests.starlink_glrt.test_tracking_observer" name="test_passive_owner_measurements_and_fences[3-deadline]" time="0.002" /><testcase classname="tests.starlink_glrt.test_tracking_observer" name="test_passive_owner_measurements_and_fences[3-clock_regression]" time="0.001" /><testcase classname="tests.starlink_glrt.test_tracking_observer" name="test_passive_owner_measurements_and_fences[3-future_source_clock]" time="0.001" /><testcase classname="tests.starlink_glrt.test_tracking_observer" name="test_passive_owner_measurements_and_fences[3-source_budget]" time="0.002" /><testcase classname="tests.starlink_glrt.test_tracking_observer" name="test_passive_owner_measurements_and_fences[3-cancelled]" time="0.001" /><testcase classname="tests.starlink_glrt.test_tracking_observer" name="test_passive_owner_measurements_and_fences[3-invalid_cancel]" time="0.001" /><testcase classname="tests.starlink_glrt.test_tracking_observer" name="test_passive_owner_measurements_and_fences[3-retention]" time="0.002" /><testcase classname="tests.starlink_glrt.test_tracking_observer" name="test_passive_owner_measurements_and_fences[3-close_during_retention]" time="0.002" /><testcase classname="tests.starlink_glrt.test_tracking_observer" name="test_passive_owner_measurements_and_fences[3-cancel_during_retention]" time="0.001" /><testcase classname="tests.starlink_glrt.test_tracking_observer" name="test_passive_owner_measurements_and_fences[3-clock_during_retention]" time="0.002" /><testcase classname="tests.starlink_glrt.test_tracking_observer" name="test_passive_owner_measurements_and_fences[3-init_rate]" time="0.001" /><testcase classname="tests.starlink_glrt.test_tracking_observer" name="test_passive_owner_measurements_and_fences[3-init_history]" time="0.001" /><testcase classname="tests.starlink_glrt.test_tracking_observer" name="test_passive_owner_measurements_and_fences[3-init_frame]" time="0.001" /><testcase classname="tests.starlink_glrt.test_tracking_observer" name="test_passive_owner_measurements_and_fences[3-init_far_frame]" time="0.001" /><testcase classname="tests.starlink_glrt.test_tracking_observer" name="test_passive_owner_measurements_and_fences[3-init_count]" time="0.001" /><testcase classname="tests.starlink_glrt.test_tracking_observer" name="test_passive_owner_measurements_and_fences[3-init_zero_count]" time="0.001" /><testcase classname="tests.starlink_glrt.test_tracking_observer" name="test_passive_owner_measurements_and_fences[3-init_budget]" time="0.001" /><testcase classname="tests.starlink_glrt.test_tracking_observer" name="test_passive_owner_measurements_and_fences[3-init_zero_budget]" time="0.001" /><testcase classname="tests.starlink_glrt.test_tracking_observer" name="test_passive_owner_measurements_and_fences[3-init_overflow]" time="0.001" /><testcase classname="tests.starlink_glrt.test_tracking_observer" name="test_passive_owner_measurements_and_fences[3-init_source]" time="0.001" /><testcase classname="tests.starlink_glrt.test_tracking_observer" name="test_passive_owner_measurements_and_fences[3-init_long_source]" time="0.001" /><testcase classname="tests.starlink_glrt.test_tracking_observer" name="test_passive_owner_measurements_and_fences[3-init_spacing0]" time="0.001" /><testcase classname="tests.starlink_glrt.test_tracking_observer" name="test_passive_owner_measurements_and_fences[3-init_spacing1]" time="0.001" /><testcase classname="tests.starlink_glrt.test_tracking_observer" name="test_passive_owner_measurements_and_fences[3-init_spacing2]" time="0.001" /><testcase classname="tests.starlink_glrt.test_tracking_observer" name="test_passive_owner_measurements_and_fences[3-init_spacing6]" time="0.001" /><testcase classname="tests.starlink_glrt.test_tracking_observer" name="test_passive_owner_measurements_and_fences[3-init_spacing10]" time="0.001" /></testsuite></testsuites>