<?xml version="1.0" encoding="utf-8"?><testsuites name="pytest tests"><testsuite name="pytest" errors="0" failures="0" skipped="0" tests="91" time="31.005" timestamp="2026-09-13T20:48:53.709756+00:00" hostname="gauss"><testcase classname="tests.starlink_glrt.test_cpu_live_probe" name="test_dwell_profiles_have_finite_capture_and_worker_limits[None-expected0]" time="1.612" /><testcase classname="tests.starlink_glrt.test_cpu_live_probe" name="test_dwell_profiles_have_finite_capture_and_worker_limits[1536-expected1]" time="0.000" /><testcase classname="tests.starlink_glrt.test_cpu_live_probe" name="test_dwell_profiles_have_finite_capture_and_worker_limits[4096-expected2]" time="0.000" /><testcase classname="tests.starlink_glrt.test_cpu_live_probe" name="test_dwell_profiles_have_finite_capture_and_worker_limits[45000-expected3]" time="0.000" /><testcase classname="tests.starlink_glrt.test_cpu_live_probe" name="test_dwell_profiles_have_finite_capture_and_worker_limits[1536-selected-expected4]" time="0.000" /><testcase classname="tests.starlink_glrt.test_cpu_live_probe" name="test_invalid_dwell_rejected_before_opening_evidence_or_radio[0]" time="0.000" /><testcase classname="tests.starlink_glrt.test_cpu_live_probe" name="test_invalid_dwell_rejected_before_opening_evidence_or_radio[4097]" time="0.000" /><testcase classname="tests.starlink_glrt.test_cpu_live_probe" name="test_invalid_dwell_rejected_before_opening_evidence_or_radio[-1]" time="0.000" /><testcase classname="tests.starlink_glrt.test_cpu_live_probe" name="test_invalid_dwell_rejected_before_opening_evidence_or_radio[4096garbage]" time="0.000" /><testcase classname="tests.starlink_glrt.test_cpu_live_probe" name="test_invalid_dwell_rejected_before_opening_evidence_or_radio[4294967296]" time="0.000" /><testcase classname="tests.starlink_glrt.test_cpu_live_probe" name="test_early_stop_requires_idle_complete_counters_with_bounded_tail[32768-32768-8-1]" time="0.000" /><testcase classname="tests.starlink_glrt.test_cpu_live_probe" name="test_early_stop_requires_idle_complete_counters_with_bounded_tail[32891-32891-8-1]" time="0.000" /><testcase classname="tests.starlink_glrt.test_cpu_live_probe" name="test_early_stop_requires_idle_complete_counters_with_bounded_tail[32891-32890-8-0]" time="0.000" /><testcase classname="tests.starlink_glrt.test_cpu_live_probe" name="test_early_stop_requires_idle_complete_counters_with_bounded_tail[32767-32767-8-0]" time="0.000" /><testcase classname="tests.starlink_glrt.test_cpu_live_probe" name="test_early_stop_requires_idle_complete_counters_with_bounded_tail[32768-32768-9-0]" time="0.000" /><testcase classname="tests.starlink_glrt.test_cpu_live_probe" name="test_early_stop_requires_idle_complete_counters_with_bounded_tail[32768-32768-10-0]" time="0.000" /><testcase classname="tests.starlink_glrt.test_cpu_live_probe" name="test_early_stop_requires_idle_complete_counters_with_bounded_tail[65537-65537-8-0]" time="0.000" /><testcase classname="tests.starlink_glrt.test_cpu_live_probe" name="test_native_episodes_use_separate_exclusive_bounded_journals" time="0.001" /><testcase classname="tests.starlink_glrt.test_cpu_live_probe" name="test_paired_iq_waits_for_real_publication_and_rejects_lost_inputs[delayed-30000000]" time="0.009" /><testcase classname="tests.starlink_glrt.test_cpu_live_probe" name="test_paired_iq_waits_for_real_publication_and_rejects_lost_inputs[delayed-60000000]" time="0.002" /><testcase classname="tests.starlink_glrt.test_cpu_live_probe" name="test_paired_iq_waits_for_real_publication_and_rejects_lost_inputs[closed-30000000]" time="0.001" /><testcase classname="tests.starlink_glrt.test_cpu_live_probe" name="test_paired_iq_waits_for_real_publication_and_rejects_lost_inputs[closed-60000000]" time="0.001" /><testcase classname="tests.starlink_glrt.test_cpu_live_probe" name="test_paired_iq_waits_for_real_publication_and_rejects_lost_inputs[overwritten-30000000]" time="0.009" /><testcase classname="tests.starlink_glrt.test_cpu_live_probe" name="test_paired_iq_waits_for_real_publication_and_rejects_lost_inputs[overwritten-60000000]" time="0.009" /><testcase classname="tests.starlink_glrt.test_cpu_live_probe" name="test_paired_iq_waits_for_real_publication_and_rejects_lost_inputs[retention-30000000]" time="0.001" /><testcase classname="tests.starlink_glrt.test_cpu_live_probe" name="test_paired_iq_waits_for_real_publication_and_rejects_lost_inputs[retention-60000000]" time="0.001" /><testcase classname="tests.starlink_glrt.test_cpu_live_probe" name="test_original_pilot_order_matches_independent_fft[secondary_pilot]" time="0.009" /><testcase classname="tests.starlink_glrt.test_cpu_live_probe" name="test_original_pilot_order_matches_independent_fft[noise]" time="0.008" /><testcase classname="tests.starlink_glrt.test_cpu_live_probe" name="test_original_pilot_order_matches_independent_fft[zero]" time="0.007" /><testcase classname="tests.starlink_glrt.test_cpu_live_probe" name="test_original_pilot_order_matches_independent_fft[cancel]" time="0.001" /><testcase classname="tests.starlink_glrt.test_cpu_live_probe" name="test_original_pilot_order_matches_independent_fft[invalid_epoch]" time="0.002" /><testcase classname="tests.starlink_glrt.test_cpu_live_probe" name="test_observer_thread_has_separate_retention_and_is_joined_before_owner_release[waiting_cancel]" time="0.001" /><testcase classname="tests.starlink_glrt.test_cpu_live_probe" name="test_observer_thread_has_separate_retention_and_is_joined_before_owner_release[retained_cancel]" time="0.004" /><testcase classname="tests.starlink_glrt.test_cpu_live_probe" name="test_observer_thread_has_separate_retention_and_is_joined_before_owner_release[closed]" time="0.001" /><testcase classname="tests.starlink_glrt.test_cpu_live_probe" name="test_observer_thread_has_separate_retention_and_is_joined_before_owner_release[iq_failure]" time="0.003" /><testcase classname="tests.starlink_glrt.test_cpu_live_probe" name="test_observer_thread_has_separate_retention_and_is_joined_before_owner_release[journal_failure]" time="0.001" /><testcase classname="tests.starlink_glrt.test_cpu_live_probe" name="test_advancing_capture_worker_and_native_feedback[30000000-signal]" time="3.251" /><testcase classname="tests.starlink_glrt.test_cpu_live_probe" name="test_advancing_capture_worker_and_native_feedback[60000000-signal]" time="2.197" /><testcase classname="tests.starlink_glrt.test_cpu_live_probe" name="test_advancing_capture_worker_and_native_feedback[60000000-publication_lag]" time="2.174" /><testcase classname="tests.starlink_glrt.test_cpu_live_probe" name="test_advancing_capture_worker_and_native_feedback[60000000-handoff_horizon_expired]" time="0.123" /><testcase classname="tests.starlink_glrt.test_cpu_live_probe" name="test_advancing_capture_worker_and_native_feedback[30000000-zero]" time="0.061" /><testcase classname="tests.starlink_glrt.test_cpu_live_probe" name="test_advancing_capture_worker_and_native_feedback[30000000-zero_long]" time="0.161" /><testcase classname="tests.starlink_glrt.test_cpu_live_probe" name="test_advancing_capture_worker_and_native_feedback[30000000-cancel]" time="0.002" /><testcase classname="tests.starlink_glrt.test_cpu_live_probe" name="test_advancing_capture_worker_and_native_feedback[30000000-source_loss]" time="0.002" /><testcase classname="tests.starlink_glrt.test_cpu_live_probe" name="test_advancing_capture_worker_and_native_feedback[30000000-selected_signal]" time="2.182" /><testcase classname="tests.starlink_glrt.test_cpu_live_probe" name="test_advancing_capture_worker_and_native_feedback[60000000-selected_signal]" time="2.217" /><testcase classname="tests.starlink_glrt.test_cpu_live_probe" name="test_advancing_capture_worker_and_native_feedback[60000000-selected_zero]" time="0.032" /><testcase classname="tests.starlink_glrt.test_cpu_live_probe" name="test_advancing_capture_worker_and_native_feedback[60000000-selected_retention]" time="0.011" /><testcase classname="tests.starlink_glrt.test_cpu_live_probe" name="test_advancing_capture_worker_and_native_feedback[30000000-native_rejection]" time="0.153" /><testcase classname="tests.starlink_glrt.test_cpu_live_probe" name="test_advancing_capture_worker_and_native_feedback[30000000-native_retention]" time="0.129" /><testcase classname="tests.starlink_glrt.test_cpu_live_probe" name="test_advancing_capture_worker_and_native_feedback[30000000-late_handoff]" time="0.123" /><testcase classname="tests.starlink_glrt.test_cpu_live_probe" name="test_advancing_capture_worker_and_native_feedback[30000000-observer_retention]" time="2.179" /><testcase classname="tests.starlink_glrt.test_cpu_live_probe" name="test_advancing_capture_worker_and_native_feedback[60000000-observer_retention]" time="2.196" /><testcase classname="tests.starlink_glrt.test_cpu_live_probe" name="test_clean_native_loss_reacquires_in_new_epoch_with_global_budgets[loss_then_supported-30000000]" time="2.450" /><testcase classname="tests.starlink_glrt.test_cpu_live_probe" name="test_clean_native_loss_reacquires_in_new_epoch_with_global_budgets[loss_then_supported-60000000]" time="2.447" /><testcase classname="tests.starlink_glrt.test_cpu_live_probe" name="test_clean_native_loss_reacquires_in_new_epoch_with_global_budgets[four_losses-30000000]" time="0.602" /><testcase classname="tests.starlink_glrt.test_cpu_live_probe" name="test_clean_native_loss_reacquires_in_new_epoch_with_global_budgets[four_losses-60000000]" time="0.601" /><testcase classname="tests.starlink_glrt.test_cpu_live_probe" name="test_clean_native_loss_reacquires_in_new_epoch_with_global_budgets[attempt_budget-30000000]" time="0.161" /><testcase classname="tests.starlink_glrt.test_cpu_live_probe" name="test_clean_native_loss_reacquires_in_new_epoch_with_global_budgets[attempt_budget-60000000]" time="0.161" /><testcase classname="tests.starlink_glrt.test_cpu_live_probe" name="test_clean_native_loss_reacquires_in_new_epoch_with_global_budgets[full_profile-30000000]" time="0.190" /><testcase classname="tests.starlink_glrt.test_cpu_live_probe" name="test_clean_native_loss_reacquires_in_new_epoch_with_global_budgets[full_profile-60000000]" time="0.171" /><testcase classname="tests.starlink_glrt.test_cpu_live_probe" name="test_clean_native_loss_reacquires_in_new_epoch_with_global_budgets[visit_full_profile-30000000]" time="0.189" /><testcase classname="tests.starlink_glrt.test_cpu_live_probe" name="test_clean_native_loss_reacquires_in_new_epoch_with_global_budgets[visit_full_profile-60000000]" time="0.188" /><testcase classname="tests.starlink_glrt.test_cpu_live_probe" name="test_clean_native_loss_reacquires_in_new_epoch_with_global_budgets[visit_selected_profile-30000000]" time="0.168" /><testcase classname="tests.starlink_glrt.test_cpu_live_probe" name="test_clean_native_loss_reacquires_in_new_epoch_with_global_budgets[visit_selected_profile-60000000]" time="0.178" /><testcase classname="tests.starlink_glrt.test_cpu_live_probe" name="test_clean_native_loss_reacquires_in_new_epoch_with_global_budgets[worker_error-30000000]" time="0.162" /><testcase classname="tests.starlink_glrt.test_cpu_live_probe" name="test_clean_native_loss_reacquires_in_new_epoch_with_global_budgets[worker_error-60000000]" time="0.168" /><testcase classname="tests.starlink_glrt.test_cpu_live_probe" name="test_clean_native_loss_reacquires_in_new_epoch_with_global_budgets[retention_error-30000000]" time="0.161" /><testcase classname="tests.starlink_glrt.test_cpu_live_probe" name="test_clean_native_loss_reacquires_in_new_epoch_with_global_budgets[retention_error-60000000]" time="0.161" /><testcase classname="tests.starlink_glrt.test_cpu_live_probe" name="test_clean_native_loss_reacquires_in_new_epoch_with_global_budgets[restart_budget-30000000]" time="0.161" /><testcase classname="tests.starlink_glrt.test_cpu_live_probe" name="test_clean_native_loss_reacquires_in_new_epoch_with_global_budgets[restart_budget-60000000]" time="0.182" /><testcase classname="tests.starlink_glrt.test_cpu_live_probe" name="test_clean_native_loss_reacquires_in_new_epoch_with_global_budgets[cancel-30000000]" time="0.161" /><testcase classname="tests.starlink_glrt.test_cpu_live_probe" name="test_clean_native_loss_reacquires_in_new_epoch_with_global_budgets[cancel-60000000]" time="0.182" /><testcase classname="tests.starlink_glrt.test_cpu_live_probe" name="test_clean_native_loss_reacquires_in_new_epoch_with_global_budgets[deadline-30000000]" time="0.183" /><testcase classname="tests.starlink_glrt.test_cpu_live_probe" name="test_clean_native_loss_reacquires_in_new_epoch_with_global_budgets[deadline-60000000]" time="0.182" /><testcase classname="tests.starlink_glrt.test_cpu_live_probe" name="test_clean_native_loss_reacquires_in_new_epoch_with_global_budgets[uncleared-30000000]" time="0.162" /><testcase classname="tests.starlink_glrt.test_cpu_live_probe" name="test_clean_native_loss_reacquires_in_new_epoch_with_global_budgets[uncleared-60000000]" time="0.181" /><testcase classname="tests.starlink_glrt.test_cpu_live_probe" name="test_clean_native_loss_reacquires_in_new_epoch_with_global_budgets[source_gap-30000000]" time="0.165" /><testcase classname="tests.starlink_glrt.test_cpu_live_probe" name="test_clean_native_loss_reacquires_in_new_epoch_with_global_budgets[source_gap-60000000]" time="0.180" /><testcase classname="tests.starlink_glrt.test_cpu_live_probe" name="test_clean_native_loss_reacquires_in_new_epoch_with_global_budgets[wrong_epoch-30000000]" time="0.191" /><testcase classname="tests.starlink_glrt.test_cpu_live_probe" name="test_clean_native_loss_reacquires_in_new_epoch_with_global_budgets[wrong_epoch-60000000]" time="0.182" /><testcase classname="tests.starlink_glrt.test_cpu_live_probe" name="test_clean_native_loss_reacquires_in_new_epoch_with_global_budgets[wrong_rate-30000000]" time="0.185" /><testcase classname="tests.starlink_glrt.test_cpu_live_probe" name="test_clean_native_loss_reacquires_in_new_epoch_with_global_budgets[wrong_rate-60000000]" time="0.184" /><testcase classname="tests.starlink_glrt.test_cpu_live_probe" name="test_clean_native_loss_reacquires_in_new_epoch_with_global_budgets[unread_head-30000000]" time="0.182" /><testcase classname="tests.starlink_glrt.test_cpu_live_probe" name="test_clean_native_loss_reacquires_in_new_epoch_with_global_budgets[unread_head-60000000]" time="0.166" /><testcase classname="tests.starlink_glrt.test_cpu_live_probe" name="test_clean_native_loss_reacquires_in_new_epoch_with_global_budgets[read_failure-30000000]" time="0.164" /><testcase classname="tests.starlink_glrt.test_cpu_live_probe" name="test_clean_native_loss_reacquires_in_new_epoch_with_global_budgets[read_failure-60000000]" time="0.171" /><testcase classname="tests.starlink_glrt.test_cpu_live_probe" name="test_clean_native_loss_reacquires_in_new_epoch_with_global_budgets[rebase_same_epoch-30000000]" time="0.182" /><testcase classname="tests.starlink_glrt.test_cpu_live_probe" name="test_clean_native_loss_reacquires_in_new_epoch_with_global_budgets[rebase_same_epoch-60000000]" time="0.181" /><testcase classname="tests.starlink_glrt.test_cpu_live_probe" name="test_clean_native_loss_reacquires_in_new_epoch_with_global_budgets[rebase_short_write-30000000]" time="0.184" /><testcase classname="tests.starlink_glrt.test_cpu_live_probe" name="test_clean_native_loss_reacquires_in_new_epoch_with_global_budgets[rebase_short_write-60000000]" time="0.167" /></testsuite></testsuites>