<?xml version="1.0" encoding="utf-8"?><testsuites name="pytest tests"><testsuite name="pytest" errors="0" failures="0" skipped="0" tests="250" time="51.444" timestamp="2026-09-13T22:02:38.480638+00:00" hostname="gauss"><testcase classname="tests.starlink_glrt.test_cpu_live_probe" name="test_dwell_profiles_have_finite_capture_and_worker_limits[None-expected0]" time="1.795" /><testcase classname="tests.starlink_glrt.test_cpu_live_probe" name="test_dwell_profiles_have_finite_capture_and_worker_limits[1536-expected1]" time="0.000" /><testcase classname="tests.starlink_glrt.test_cpu_live_probe" name="test_dwell_profiles_have_finite_capture_and_worker_limits[4096-expected2]" time="0.000" /><testcase classname="tests.starlink_glrt.test_cpu_live_probe" name="test_dwell_profiles_have_finite_capture_and_worker_limits[45000-expected3]" time="0.000" /><testcase classname="tests.starlink_glrt.test_cpu_live_probe" name="test_dwell_profiles_have_finite_capture_and_worker_limits[1536-selected-expected4]" time="0.000" /><testcase classname="tests.starlink_glrt.test_cpu_live_probe" name="test_dwell_profiles_have_finite_capture_and_worker_limits[1536-selected-observer3-expected5]" time="0.000" /><testcase classname="tests.starlink_glrt.test_cpu_live_probe" name="test_dwell_profiles_have_finite_capture_and_worker_limits[1536-selected-observer3-scan64-expected6]" time="0.000" /><testcase classname="tests.starlink_glrt.test_cpu_live_probe" name="test_invalid_dwell_rejected_before_opening_evidence_or_radio[0]" time="0.000" /><testcase classname="tests.starlink_glrt.test_cpu_live_probe" name="test_invalid_dwell_rejected_before_opening_evidence_or_radio[4097]" time="0.000" /><testcase classname="tests.starlink_glrt.test_cpu_live_probe" name="test_invalid_dwell_rejected_before_opening_evidence_or_radio[-1]" time="0.000" /><testcase classname="tests.starlink_glrt.test_cpu_live_probe" name="test_invalid_dwell_rejected_before_opening_evidence_or_radio[4096garbage]" time="0.000" /><testcase classname="tests.starlink_glrt.test_cpu_live_probe" name="test_invalid_dwell_rejected_before_opening_evidence_or_radio[4294967296]" time="0.000" /><testcase classname="tests.starlink_glrt.test_cpu_live_probe" name="test_early_stop_requires_idle_complete_counters_with_bounded_tail[32768-32768-8-1]" time="0.000" /><testcase classname="tests.starlink_glrt.test_cpu_live_probe" name="test_early_stop_requires_idle_complete_counters_with_bounded_tail[32891-32891-8-1]" time="0.000" /><testcase classname="tests.starlink_glrt.test_cpu_live_probe" name="test_early_stop_requires_idle_complete_counters_with_bounded_tail[32891-32890-8-0]" time="0.000" /><testcase classname="tests.starlink_glrt.test_cpu_live_probe" name="test_early_stop_requires_idle_complete_counters_with_bounded_tail[32767-32767-8-0]" time="0.000" /><testcase classname="tests.starlink_glrt.test_cpu_live_probe" name="test_early_stop_requires_idle_complete_counters_with_bounded_tail[32768-32768-9-0]" time="0.000" /><testcase classname="tests.starlink_glrt.test_cpu_live_probe" name="test_early_stop_requires_idle_complete_counters_with_bounded_tail[32768-32768-10-0]" time="0.000" /><testcase classname="tests.starlink_glrt.test_cpu_live_probe" name="test_early_stop_requires_idle_complete_counters_with_bounded_tail[65537-65537-8-0]" time="0.000" /><testcase classname="tests.starlink_glrt.test_cpu_live_probe" name="test_native_episodes_use_separate_exclusive_bounded_journals" time="0.001" /><testcase classname="tests.starlink_glrt.test_cpu_live_probe" name="test_paired_iq_waits_for_real_publication_and_rejects_lost_inputs[delayed-30000000]" time="0.006" /><testcase classname="tests.starlink_glrt.test_cpu_live_probe" name="test_paired_iq_waits_for_real_publication_and_rejects_lost_inputs[delayed-60000000]" time="0.001" /><testcase classname="tests.starlink_glrt.test_cpu_live_probe" name="test_paired_iq_waits_for_real_publication_and_rejects_lost_inputs[closed-30000000]" time="0.001" /><testcase classname="tests.starlink_glrt.test_cpu_live_probe" name="test_paired_iq_waits_for_real_publication_and_rejects_lost_inputs[closed-60000000]" time="0.001" /><testcase classname="tests.starlink_glrt.test_cpu_live_probe" name="test_paired_iq_waits_for_real_publication_and_rejects_lost_inputs[overwritten-30000000]" time="0.011" /><testcase classname="tests.starlink_glrt.test_cpu_live_probe" name="test_paired_iq_waits_for_real_publication_and_rejects_lost_inputs[overwritten-60000000]" time="0.011" /><testcase classname="tests.starlink_glrt.test_cpu_live_probe" name="test_paired_iq_waits_for_real_publication_and_rejects_lost_inputs[retention-30000000]" time="0.001" /><testcase classname="tests.starlink_glrt.test_cpu_live_probe" name="test_paired_iq_waits_for_real_publication_and_rejects_lost_inputs[retention-60000000]" time="0.001" /><testcase classname="tests.starlink_glrt.test_cpu_live_probe" name="test_original_pilot_order_matches_independent_fft[False-secondary_pilot]" time="0.006" /><testcase classname="tests.starlink_glrt.test_cpu_live_probe" name="test_original_pilot_order_matches_independent_fft[False-noise]" time="0.006" /><testcase classname="tests.starlink_glrt.test_cpu_live_probe" name="test_original_pilot_order_matches_independent_fft[False-zero]" time="0.005" /><testcase classname="tests.starlink_glrt.test_cpu_live_probe" name="test_original_pilot_order_matches_independent_fft[False-cancel]" time="0.001" /><testcase classname="tests.starlink_glrt.test_cpu_live_probe" name="test_original_pilot_order_matches_independent_fft[False-invalid_epoch]" time="0.002" /><testcase classname="tests.starlink_glrt.test_cpu_live_probe" name="test_original_pilot_order_matches_independent_fft[True-secondary_pilot]" time="0.010" /><testcase classname="tests.starlink_glrt.test_cpu_live_probe" name="test_original_pilot_order_matches_independent_fft[True-noise]" time="0.010" /><testcase classname="tests.starlink_glrt.test_cpu_live_probe" name="test_original_pilot_order_matches_independent_fft[True-zero]" time="0.010" /><testcase classname="tests.starlink_glrt.test_cpu_live_probe" name="test_original_pilot_order_matches_independent_fft[True-cancel]" time="0.001" /><testcase classname="tests.starlink_glrt.test_cpu_live_probe" name="test_original_pilot_order_matches_independent_fft[True-invalid_epoch]" time="0.001" /><testcase classname="tests.starlink_glrt.test_cpu_live_probe" name="test_observer_thread_has_separate_retention_and_is_joined_before_owner_release[9-waiting_cancel]" time="0.001" /><testcase classname="tests.starlink_glrt.test_cpu_live_probe" name="test_observer_thread_has_separate_retention_and_is_joined_before_owner_release[9-retained_cancel]" time="0.005" /><testcase classname="tests.starlink_glrt.test_cpu_live_probe" name="test_observer_thread_has_separate_retention_and_is_joined_before_owner_release[9-closed]" time="0.001" /><testcase classname="tests.starlink_glrt.test_cpu_live_probe" name="test_observer_thread_has_separate_retention_and_is_joined_before_owner_release[9-iq_failure]" time="0.003" /><testcase classname="tests.starlink_glrt.test_cpu_live_probe" name="test_observer_thread_has_separate_retention_and_is_joined_before_owner_release[9-journal_failure]" time="0.001" /><testcase classname="tests.starlink_glrt.test_cpu_live_probe" name="test_observer_thread_has_separate_retention_and_is_joined_before_owner_release[3-waiting_cancel]" time="0.001" /><testcase classname="tests.starlink_glrt.test_cpu_live_probe" name="test_observer_thread_has_separate_retention_and_is_joined_before_owner_release[3-retained_cancel]" time="0.004" /><testcase classname="tests.starlink_glrt.test_cpu_live_probe" name="test_observer_thread_has_separate_retention_and_is_joined_before_owner_release[3-closed]" time="0.001" /><testcase classname="tests.starlink_glrt.test_cpu_live_probe" name="test_observer_thread_has_separate_retention_and_is_joined_before_owner_release[3-iq_failure]" time="0.003" /><testcase classname="tests.starlink_glrt.test_cpu_live_probe" name="test_observer_thread_has_separate_retention_and_is_joined_before_owner_release[3-journal_failure]" time="0.001" /><testcase classname="tests.starlink_glrt.test_cpu_live_probe" name="test_advancing_capture_worker_and_native_feedback[9-30000000-signal]" time="3.266" /><testcase classname="tests.starlink_glrt.test_cpu_live_probe" name="test_advancing_capture_worker_and_native_feedback[9-60000000-signal]" time="2.216" /><testcase classname="tests.starlink_glrt.test_cpu_live_probe" name="test_advancing_capture_worker_and_native_feedback[9-60000000-publication_lag]" time="2.191" /><testcase classname="tests.starlink_glrt.test_cpu_live_probe" name="test_advancing_capture_worker_and_native_feedback[9-60000000-handoff_horizon_expired]" time="0.143" /><testcase classname="tests.starlink_glrt.test_cpu_live_probe" name="test_advancing_capture_worker_and_native_feedback[9-30000000-zero]" time="0.066" /><testcase classname="tests.starlink_glrt.test_cpu_live_probe" name="test_advancing_capture_worker_and_native_feedback[9-30000000-zero_long]" time="0.163" /><testcase classname="tests.starlink_glrt.test_cpu_live_probe" name="test_advancing_capture_worker_and_native_feedback[9-30000000-cancel]" time="0.001" /><testcase classname="tests.starlink_glrt.test_cpu_live_probe" name="test_advancing_capture_worker_and_native_feedback[9-30000000-source_loss]" time="0.001" /><testcase classname="tests.starlink_glrt.test_cpu_live_probe" name="test_advancing_capture_worker_and_native_feedback[9-30000000-selected_signal]" time="2.173" /><testcase classname="tests.starlink_glrt.test_cpu_live_probe" name="test_advancing_capture_worker_and_native_feedback[9-60000000-selected_signal]" time="2.202" /><testcase classname="tests.starlink_glrt.test_cpu_live_probe" name="test_advancing_capture_worker_and_native_feedback[9-60000000-selected_zero]" time="0.032" /><testcase classname="tests.starlink_glrt.test_cpu_live_probe" name="test_advancing_capture_worker_and_native_feedback[9-60000000-selected_retention]" time="0.011" /><testcase classname="tests.starlink_glrt.test_cpu_live_probe" name="test_advancing_capture_worker_and_native_feedback[9-30000000-native_rejection]" time="0.206" /><testcase classname="tests.starlink_glrt.test_cpu_live_probe" name="test_advancing_capture_worker_and_native_feedback[9-30000000-native_retention]" time="0.128" /><testcase classname="tests.starlink_glrt.test_cpu_live_probe" name="test_advancing_capture_worker_and_native_feedback[9-30000000-late_handoff]" time="0.121" /><testcase classname="tests.starlink_glrt.test_cpu_live_probe" name="test_advancing_capture_worker_and_native_feedback[9-30000000-observer_retention]" time="2.176" /><testcase classname="tests.starlink_glrt.test_cpu_live_probe" name="test_advancing_capture_worker_and_native_feedback[9-60000000-observer_retention]" time="2.173" /><testcase classname="tests.starlink_glrt.test_cpu_live_probe" name="test_advancing_capture_worker_and_native_feedback[3-30000000-signal]" time="2.202" /><testcase classname="tests.starlink_glrt.test_cpu_live_probe" name="test_advancing_capture_worker_and_native_feedback[3-60000000-signal]" time="2.182" /><testcase classname="tests.starlink_glrt.test_cpu_live_probe" name="test_advancing_capture_worker_and_native_feedback[3-60000000-publication_lag]" time="2.176" /><testcase classname="tests.starlink_glrt.test_cpu_live_probe" name="test_advancing_capture_worker_and_native_feedback[3-60000000-handoff_horizon_expired]" time="0.123" /><testcase classname="tests.starlink_glrt.test_cpu_live_probe" name="test_advancing_capture_worker_and_native_feedback[3-30000000-zero]" time="0.062" /><testcase classname="tests.starlink_glrt.test_cpu_live_probe" name="test_advancing_capture_worker_and_native_feedback[3-30000000-zero_long]" time="0.167" /><testcase classname="tests.starlink_glrt.test_cpu_live_probe" name="test_advancing_capture_worker_and_native_feedback[3-30000000-cancel]" time="0.002" /><testcase classname="tests.starlink_glrt.test_cpu_live_probe" name="test_advancing_capture_worker_and_native_feedback[3-30000000-source_loss]" time="0.001" /><testcase classname="tests.starlink_glrt.test_cpu_live_probe" name="test_advancing_capture_worker_and_native_feedback[3-30000000-selected_signal]" time="2.204" /><testcase classname="tests.starlink_glrt.test_cpu_live_probe" name="test_advancing_capture_worker_and_native_feedback[3-60000000-selected_signal]" time="2.182" /><testcase classname="tests.starlink_glrt.test_cpu_live_probe" name="test_advancing_capture_worker_and_native_feedback[3-60000000-selected_zero]" time="0.033" /><testcase classname="tests.starlink_glrt.test_cpu_live_probe" name="test_advancing_capture_worker_and_native_feedback[3-60000000-selected_retention]" time="0.013" /><testcase classname="tests.starlink_glrt.test_cpu_live_probe" name="test_advancing_capture_worker_and_native_feedback[3-30000000-native_rejection]" time="0.161" /><testcase classname="tests.starlink_glrt.test_cpu_live_probe" name="test_advancing_capture_worker_and_native_feedback[3-30000000-native_retention]" time="0.148" /><testcase classname="tests.starlink_glrt.test_cpu_live_probe" name="test_advancing_capture_worker_and_native_feedback[3-30000000-late_handoff]" time="0.138" /><testcase classname="tests.starlink_glrt.test_cpu_live_probe" name="test_advancing_capture_worker_and_native_feedback[3-30000000-observer_retention]" time="2.196" /><testcase classname="tests.starlink_glrt.test_cpu_live_probe" name="test_advancing_capture_worker_and_native_feedback[3-60000000-observer_retention]" time="2.176" /><testcase classname="tests.starlink_glrt.test_cpu_live_probe" name="test_clean_native_loss_reacquires_in_new_epoch_with_global_budgets[loss_then_supported-30000000]" time="2.422" /><testcase classname="tests.starlink_glrt.test_cpu_live_probe" name="test_clean_native_loss_reacquires_in_new_epoch_with_global_budgets[loss_then_supported-60000000]" time="2.435" /><testcase classname="tests.starlink_glrt.test_cpu_live_probe" name="test_clean_native_loss_reacquires_in_new_epoch_with_global_budgets[four_losses-30000000]" time="0.575" /><testcase classname="tests.starlink_glrt.test_cpu_live_probe" name="test_clean_native_loss_reacquires_in_new_epoch_with_global_budgets[four_losses-60000000]" time="0.593" /><testcase classname="tests.starlink_glrt.test_cpu_live_probe" name="test_clean_native_loss_reacquires_in_new_epoch_with_global_budgets[attempt_budget-30000000]" time="0.169" /><testcase classname="tests.starlink_glrt.test_cpu_live_probe" name="test_clean_native_loss_reacquires_in_new_epoch_with_global_budgets[attempt_budget-60000000]" time="0.163" /><testcase classname="tests.starlink_glrt.test_cpu_live_probe" name="test_clean_native_loss_reacquires_in_new_epoch_with_global_budgets[full_profile-30000000]" time="0.190" /><testcase classname="tests.starlink_glrt.test_cpu_live_probe" name="test_clean_native_loss_reacquires_in_new_epoch_with_global_budgets[full_profile-60000000]" time="0.188" /><testcase classname="tests.starlink_glrt.test_cpu_live_probe" name="test_clean_native_loss_reacquires_in_new_epoch_with_global_budgets[visit_full_profile-30000000]" time="0.173" /><testcase classname="tests.starlink_glrt.test_cpu_live_probe" name="test_clean_native_loss_reacquires_in_new_epoch_with_global_budgets[visit_full_profile-60000000]" time="0.182" /><testcase classname="tests.starlink_glrt.test_cpu_live_probe" name="test_clean_native_loss_reacquires_in_new_epoch_with_global_budgets[visit_selected_profile-30000000]" time="0.169" /><testcase classname="tests.starlink_glrt.test_cpu_live_probe" name="test_clean_native_loss_reacquires_in_new_epoch_with_global_budgets[visit_selected_profile-60000000]" time="0.176" /><testcase classname="tests.starlink_glrt.test_cpu_live_probe" name="test_clean_native_loss_reacquires_in_new_epoch_with_global_budgets[short_observer3-30000000]" time="0.163" /><testcase classname="tests.starlink_glrt.test_cpu_live_probe" name="test_clean_native_loss_reacquires_in_new_epoch_with_global_budgets[short_observer3-60000000]" time="0.173" /><testcase classname="tests.starlink_glrt.test_cpu_live_probe" name="test_clean_native_loss_reacquires_in_new_epoch_with_global_budgets[short_scan64-30000000]" time="0.183" /><testcase classname="tests.starlink_glrt.test_cpu_live_probe" name="test_clean_native_loss_reacquires_in_new_epoch_with_global_budgets[short_scan64-60000000]" time="0.189" /><testcase classname="tests.starlink_glrt.test_cpu_live_probe" name="test_clean_native_loss_reacquires_in_new_epoch_with_global_budgets[worker_error-30000000]" time="0.153" /><testcase classname="tests.starlink_glrt.test_cpu_live_probe" name="test_clean_native_loss_reacquires_in_new_epoch_with_global_budgets[worker_error-60000000]" time="0.182" /><testcase classname="tests.starlink_glrt.test_cpu_live_probe" name="test_clean_native_loss_reacquires_in_new_epoch_with_global_budgets[retention_error-30000000]" time="0.165" /><testcase classname="tests.starlink_glrt.test_cpu_live_probe" name="test_clean_native_loss_reacquires_in_new_epoch_with_global_budgets[retention_error-60000000]" time="0.163" /><testcase classname="tests.starlink_glrt.test_cpu_live_probe" name="test_clean_native_loss_reacquires_in_new_epoch_with_global_budgets[restart_budget-30000000]" time="0.183" /><testcase classname="tests.starlink_glrt.test_cpu_live_probe" name="test_clean_native_loss_reacquires_in_new_epoch_with_global_budgets[restart_budget-60000000]" time="0.162" /><testcase classname="tests.starlink_glrt.test_cpu_live_probe" name="test_clean_native_loss_reacquires_in_new_epoch_with_global_budgets[cancel-30000000]" time="0.181" /><testcase classname="tests.starlink_glrt.test_cpu_live_probe" name="test_clean_native_loss_reacquires_in_new_epoch_with_global_budgets[cancel-60000000]" time="0.163" /><testcase classname="tests.starlink_glrt.test_cpu_live_probe" name="test_clean_native_loss_reacquires_in_new_epoch_with_global_budgets[deadline-30000000]" time="0.163" /><testcase classname="tests.starlink_glrt.test_cpu_live_probe" name="test_clean_native_loss_reacquires_in_new_epoch_with_global_budgets[deadline-60000000]" time="0.163" /><testcase classname="tests.starlink_glrt.test_cpu_live_probe" name="test_clean_native_loss_reacquires_in_new_epoch_with_global_budgets[uncleared-30000000]" time="0.163" /><testcase classname="tests.starlink_glrt.test_cpu_live_probe" name="test_clean_native_loss_reacquires_in_new_epoch_with_global_budgets[uncleared-60000000]" time="0.162" /><testcase classname="tests.starlink_glrt.test_cpu_live_probe" name="test_clean_native_loss_reacquires_in_new_epoch_with_global_budgets[source_gap-30000000]" time="0.166" /><testcase classname="tests.starlink_glrt.test_cpu_live_probe" name="test_clean_native_loss_reacquires_in_new_epoch_with_global_budgets[source_gap-60000000]" time="0.170" /><testcase classname="tests.starlink_glrt.test_cpu_live_probe" name="test_clean_native_loss_reacquires_in_new_epoch_with_global_budgets[wrong_epoch-30000000]" time="0.182" /><testcase classname="tests.starlink_glrt.test_cpu_live_probe" name="test_clean_native_loss_reacquires_in_new_epoch_with_global_budgets[wrong_epoch-60000000]" time="0.181" /><testcase classname="tests.starlink_glrt.test_cpu_live_probe" name="test_clean_native_loss_reacquires_in_new_epoch_with_global_budgets[wrong_rate-30000000]" time="0.163" /><testcase classname="tests.starlink_glrt.test_cpu_live_probe" name="test_clean_native_loss_reacquires_in_new_epoch_with_global_budgets[wrong_rate-60000000]" time="0.174" /><testcase classname="tests.starlink_glrt.test_cpu_live_probe" name="test_clean_native_loss_reacquires_in_new_epoch_with_global_budgets[unread_head-30000000]" time="0.182" /><testcase classname="tests.starlink_glrt.test_cpu_live_probe" name="test_clean_native_loss_reacquires_in_new_epoch_with_global_budgets[unread_head-60000000]" time="0.162" /><testcase classname="tests.starlink_glrt.test_cpu_live_probe" name="test_clean_native_loss_reacquires_in_new_epoch_with_global_budgets[read_failure-30000000]" time="0.183" /><testcase classname="tests.starlink_glrt.test_cpu_live_probe" name="test_clean_native_loss_reacquires_in_new_epoch_with_global_budgets[read_failure-60000000]" time="0.182" /><testcase classname="tests.starlink_glrt.test_cpu_live_probe" name="test_clean_native_loss_reacquires_in_new_epoch_with_global_budgets[rebase_same_epoch-30000000]" time="0.163" /><testcase classname="tests.starlink_glrt.test_cpu_live_probe" name="test_clean_native_loss_reacquires_in_new_epoch_with_global_budgets[rebase_same_epoch-60000000]" time="0.190" /><testcase classname="tests.starlink_glrt.test_cpu_live_probe" name="test_clean_native_loss_reacquires_in_new_epoch_with_global_budgets[rebase_short_write-30000000]" time="0.153" /><testcase classname="tests.starlink_glrt.test_cpu_live_probe" name="test_clean_native_loss_reacquires_in_new_epoch_with_global_budgets[rebase_short_write-60000000]" time="0.153" /><testcase classname="tests.starlink_glrt.test_cpu_live_operator_admission" name="test_filesystem_capacity_is_separate_from_available_memory[ready-1536]" time="0.001" /><testcase classname="tests.starlink_glrt.test_cpu_live_operator_admission" name="test_filesystem_capacity_is_separate_from_available_memory[ready-4096]" time="0.000" /><testcase classname="tests.starlink_glrt.test_cpu_live_operator_admission" name="test_filesystem_capacity_is_separate_from_available_memory[ready-45000]" time="0.000" /><testcase classname="tests.starlink_glrt.test_cpu_live_operator_admission" name="test_filesystem_capacity_is_separate_from_available_memory[short-1536]" time="0.000" /><testcase classname="tests.starlink_glrt.test_cpu_live_operator_admission" name="test_filesystem_capacity_is_separate_from_available_memory[short-4096]" time="0.000" /><testcase classname="tests.starlink_glrt.test_cpu_live_operator_admission" name="test_filesystem_capacity_is_separate_from_available_memory[short-45000]" time="0.001" /><testcase classname="tests.starlink_glrt.test_cpu_live_operator_admission" name="test_filesystem_capacity_is_separate_from_available_memory[wrong_mount-1536]" time="0.000" /><testcase classname="tests.starlink_glrt.test_cpu_live_operator_admission" name="test_filesystem_capacity_is_separate_from_available_memory[wrong_mount-4096]" time="0.000" /><testcase classname="tests.starlink_glrt.test_cpu_live_operator_admission" name="test_filesystem_capacity_is_separate_from_available_memory[wrong_mount-45000]" time="0.000" /><testcase classname="tests.starlink_glrt.test_cpu_live_operator_admission" name="test_filesystem_capacity_is_separate_from_available_memory[wrong_fs-1536]" time="0.000" /><testcase classname="tests.starlink_glrt.test_cpu_live_operator_admission" name="test_filesystem_capacity_is_separate_from_available_memory[wrong_fs-4096]" time="0.000" /><testcase classname="tests.starlink_glrt.test_cpu_live_operator_admission" name="test_filesystem_capacity_is_separate_from_available_memory[wrong_fs-45000]" time="0.000" /><testcase classname="tests.starlink_glrt.test_cpu_live_operator_admission" name="test_filesystem_capacity_is_separate_from_available_memory[malformed-1536]" time="0.000" /><testcase classname="tests.starlink_glrt.test_cpu_live_operator_admission" name="test_filesystem_capacity_is_separate_from_available_memory[malformed-4096]" time="0.000" /><testcase classname="tests.starlink_glrt.test_cpu_live_operator_admission" name="test_filesystem_capacity_is_separate_from_available_memory[malformed-45000]" time="0.000" /><testcase classname="tests.starlink_glrt.test_cpu_live_operator_admission" name="test_observer_cadence_rejects_unbounded_or_unknown_profile[4096-3]" time="0.001" /><testcase classname="tests.starlink_glrt.test_cpu_live_operator_admission" name="test_observer_cadence_rejects_unbounded_or_unknown_profile[45000-3]" time="0.000" /><testcase classname="tests.starlink_glrt.test_cpu_live_operator_admission" name="test_observer_cadence_rejects_unbounded_or_unknown_profile[1536-0]" time="0.000" /><testcase classname="tests.starlink_glrt.test_cpu_live_operator_admission" name="test_observer_cadence_rejects_unbounded_or_unknown_profile[1536-6]" time="0.000" /><testcase classname="tests.starlink_glrt.test_cpu_live_operator_admission" name="test_three_frame_profile_retains_selected_iq_and_one_episode" time="0.000" /><testcase classname="tests.starlink_glrt.test_cpu_live_operator_admission" name="test_storage_cleanup_preserves_uncertain_execution_and_unretrieved_evidence[False-False-False-True-False]" time="0.000" /><testcase classname="tests.starlink_glrt.test_cpu_live_operator_admission" name="test_storage_cleanup_preserves_uncertain_execution_and_unretrieved_evidence[False-False-False-True-True]" time="0.000" /><testcase classname="tests.starlink_glrt.test_cpu_live_operator_admission" name="test_storage_cleanup_preserves_uncertain_execution_and_unretrieved_evidence[True-False-False-False-False]" time="0.000" /><testcase classname="tests.starlink_glrt.test_cpu_live_operator_admission" name="test_storage_cleanup_preserves_uncertain_execution_and_unretrieved_evidence[True-False-False-False-True]" time="0.000" /><testcase classname="tests.starlink_glrt.test_cpu_live_operator_admission" name="test_storage_cleanup_preserves_uncertain_execution_and_unretrieved_evidence[True-True-False-False-False]" time="0.000" /><testcase classname="tests.starlink_glrt.test_cpu_live_operator_admission" name="test_storage_cleanup_preserves_uncertain_execution_and_unretrieved_evidence[True-True-False-False-True]" time="0.000" /><testcase classname="tests.starlink_glrt.test_cpu_live_operator_admission" name="test_storage_cleanup_preserves_uncertain_execution_and_unretrieved_evidence[True-True-True-True-False]" time="0.001" /><testcase classname="tests.starlink_glrt.test_cpu_live_operator_admission" name="test_storage_cleanup_preserves_uncertain_execution_and_unretrieved_evidence[True-True-True-True-True]" time="0.000" /><testcase classname="tests.starlink_glrt.test_cpu_live_operator_admission" name="test_refusal_precedes_radio_contact_and_records_busy_receipt[busy]" time="0.010" /><testcase classname="tests.starlink_glrt.test_cpu_live_operator_admission" name="test_refusal_precedes_radio_contact_and_records_busy_receipt[bank]" time="0.010" /><testcase classname="tests.starlink_glrt.test_cpu_live_operator_admission" name="test_refusal_precedes_radio_contact_and_records_busy_receipt[references]" time="0.010" /><testcase classname="tests.starlink_glrt.test_cpu_live_operator_admission" name="test_refusal_precedes_radio_contact_and_records_busy_receipt[lo]" time="0.010" /><testcase classname="tests.starlink_glrt.test_cpu_live_operator_admission" name="test_refusal_precedes_radio_contact_and_records_busy_receipt[rate]" time="0.010" /><testcase classname="tests.starlink_glrt.test_cpu_live_operator_admission" name="test_native_preflight_precedes_every_rf_mutation[1536-ready]" time="0.001" /><testcase classname="tests.starlink_glrt.test_cpu_live_operator_admission" name="test_native_preflight_precedes_every_rf_mutation[1536-boot_drops]" time="0.000" /><testcase classname="tests.starlink_glrt.test_cpu_live_operator_admission" name="test_native_preflight_precedes_every_rf_mutation[1536-unread]" time="0.000" /><testcase classname="tests.starlink_glrt.test_cpu_live_operator_admission" name="test_native_preflight_precedes_every_rf_mutation[1536-active]" time="0.000" /><testcase classname="tests.starlink_glrt.test_cpu_live_operator_admission" name="test_native_preflight_precedes_every_rf_mutation[1536-unaccounted]" time="0.000" /><testcase classname="tests.starlink_glrt.test_cpu_live_operator_admission" name="test_native_preflight_precedes_every_rf_mutation[1536-fault]" time="0.000" /><testcase classname="tests.starlink_glrt.test_cpu_live_operator_admission" name="test_native_preflight_precedes_every_rf_mutation[1536-epoch_valid]" time="0.000" /><testcase classname="tests.starlink_glrt.test_cpu_live_operator_admission" name="test_native_preflight_precedes_every_rf_mutation[1536-uncleared]" time="0.000" /><testcase classname="tests.starlink_glrt.test_cpu_live_operator_admission" name="test_native_preflight_precedes_every_rf_mutation[1536-wrong_rate]" time="0.000" /><testcase classname="tests.starlink_glrt.test_cpu_live_operator_admission" name="test_native_preflight_precedes_every_rf_mutation[1536-malformed]" time="0.000" /><testcase classname="tests.starlink_glrt.test_cpu_live_operator_admission" name="test_native_preflight_precedes_every_rf_mutation[1536-missing]" time="0.001" /><testcase classname="tests.starlink_glrt.test_cpu_live_operator_admission" name="test_native_preflight_precedes_every_rf_mutation[1536-memory_short]" time="0.000" /><testcase classname="tests.starlink_glrt.test_cpu_live_operator_admission" name="test_native_preflight_precedes_every_rf_mutation[1536-memory_missing]" time="0.000" /><testcase classname="tests.starlink_glrt.test_cpu_live_operator_admission" name="test_native_preflight_precedes_every_rf_mutation[1536-memory_unit]" time="0.000" /><testcase classname="tests.starlink_glrt.test_cpu_live_operator_admission" name="test_native_preflight_precedes_every_rf_mutation[1536-memory_duplicate]" time="0.000" /><testcase classname="tests.starlink_glrt.test_cpu_live_operator_admission" name="test_native_preflight_precedes_every_rf_mutation[4096-ready]" time="0.000" /><testcase classname="tests.starlink_glrt.test_cpu_live_operator_admission" name="test_native_preflight_precedes_every_rf_mutation[4096-boot_drops]" time="0.000" /><testcase classname="tests.starlink_glrt.test_cpu_live_operator_admission" name="test_native_preflight_precedes_every_rf_mutation[4096-unread]" time="0.000" /><testcase classname="tests.starlink_glrt.test_cpu_live_operator_admission" name="test_native_preflight_precedes_every_rf_mutation[4096-active]" time="0.000" /><testcase classname="tests.starlink_glrt.test_cpu_live_operator_admission" name="test_native_preflight_precedes_every_rf_mutation[4096-unaccounted]" time="0.000" /><testcase classname="tests.starlink_glrt.test_cpu_live_operator_admission" name="test_native_preflight_precedes_every_rf_mutation[4096-fault]" time="0.000" /><testcase classname="tests.starlink_glrt.test_cpu_live_operator_admission" name="test_native_preflight_precedes_every_rf_mutation[4096-epoch_valid]" time="0.000" /><testcase classname="tests.starlink_glrt.test_cpu_live_operator_admission" name="test_native_preflight_precedes_every_rf_mutation[4096-uncleared]" time="0.001" /><testcase classname="tests.starlink_glrt.test_cpu_live_operator_admission" name="test_native_preflight_precedes_every_rf_mutation[4096-wrong_rate]" time="0.000" /><testcase classname="tests.starlink_glrt.test_cpu_live_operator_admission" name="test_native_preflight_precedes_every_rf_mutation[4096-malformed]" time="0.000" /><testcase classname="tests.starlink_glrt.test_cpu_live_operator_admission" name="test_native_preflight_precedes_every_rf_mutation[4096-missing]" time="0.000" /><testcase classname="tests.starlink_glrt.test_cpu_live_operator_admission" name="test_native_preflight_precedes_every_rf_mutation[4096-memory_short]" time="0.000" /><testcase classname="tests.starlink_glrt.test_cpu_live_operator_admission" name="test_native_preflight_precedes_every_rf_mutation[4096-memory_missing]" time="0.000" /><testcase classname="tests.starlink_glrt.test_cpu_live_operator_admission" name="test_native_preflight_precedes_every_rf_mutation[4096-memory_unit]" time="0.000" /><testcase classname="tests.starlink_glrt.test_cpu_live_operator_admission" name="test_native_preflight_precedes_every_rf_mutation[4096-memory_duplicate]" time="0.000" /><testcase classname="tests.starlink_glrt.test_cpu_live_operator_admission" name="test_native_preflight_precedes_every_rf_mutation[45000-ready]" time="0.000" /><testcase classname="tests.starlink_glrt.test_cpu_live_operator_admission" name="test_native_preflight_precedes_every_rf_mutation[45000-boot_drops]" time="0.000" /><testcase classname="tests.starlink_glrt.test_cpu_live_operator_admission" name="test_native_preflight_precedes_every_rf_mutation[45000-unread]" time="0.000" /><testcase classname="tests.starlink_glrt.test_cpu_live_operator_admission" name="test_native_preflight_precedes_every_rf_mutation[45000-active]" time="0.000" /><testcase classname="tests.starlink_glrt.test_cpu_live_operator_admission" name="test_native_preflight_precedes_every_rf_mutation[45000-unaccounted]" time="0.001" /><testcase classname="tests.starlink_glrt.test_cpu_live_operator_admission" name="test_native_preflight_precedes_every_rf_mutation[45000-fault]" time="0.000" /><testcase classname="tests.starlink_glrt.test_cpu_live_operator_admission" name="test_native_preflight_precedes_every_rf_mutation[45000-epoch_valid]" time="0.000" /><testcase classname="tests.starlink_glrt.test_cpu_live_operator_admission" name="test_native_preflight_precedes_every_rf_mutation[45000-uncleared]" time="0.000" /><testcase classname="tests.starlink_glrt.test_cpu_live_operator_admission" name="test_native_preflight_precedes_every_rf_mutation[45000-wrong_rate]" time="0.000" /><testcase classname="tests.starlink_glrt.test_cpu_live_operator_admission" name="test_native_preflight_precedes_every_rf_mutation[45000-malformed]" time="0.000" /><testcase classname="tests.starlink_glrt.test_cpu_live_operator_admission" name="test_native_preflight_precedes_every_rf_mutation[45000-missing]" time="0.000" /><testcase classname="tests.starlink_glrt.test_cpu_live_operator_admission" name="test_native_preflight_precedes_every_rf_mutation[45000-memory_short]" time="0.000" /><testcase classname="tests.starlink_glrt.test_cpu_live_operator_admission" name="test_native_preflight_precedes_every_rf_mutation[45000-memory_missing]" time="0.000" /><testcase classname="tests.starlink_glrt.test_cpu_live_operator_admission" name="test_native_preflight_precedes_every_rf_mutation[45000-memory_unit]" time="0.000" /><testcase classname="tests.starlink_glrt.test_cpu_live_operator_admission" name="test_native_preflight_precedes_every_rf_mutation[45000-memory_duplicate]" time="0.000" /><testcase classname="tests.starlink_glrt.test_cpu_live_operator_admission" name="test_selected_capture_budget_and_artifacts_are_explicit" time="0.000" /><testcase classname="tests.starlink_glrt.test_cpu_live_operator_admission" name="test_expanded_scan_is_admitted_only_in_short_selected_profile[1536-3-64-True]" time="0.000" /><testcase classname="tests.starlink_glrt.test_cpu_live_operator_admission" name="test_expanded_scan_is_admitted_only_in_short_selected_profile[1536-9-64-False]" time="0.001" /><testcase classname="tests.starlink_glrt.test_cpu_live_operator_admission" name="test_expanded_scan_is_admitted_only_in_short_selected_profile[4096-3-64-False]" time="0.000" /><testcase classname="tests.starlink_glrt.test_cpu_live_operator_admission" name="test_expanded_scan_is_admitted_only_in_short_selected_profile[45000-9-64-False]" time="0.000" /><testcase classname="tests.starlink_glrt.test_cpu_live_operator_admission" name="test_expanded_scan_is_admitted_only_in_short_selected_profile[1536-3-65-False]" time="0.000" /><testcase classname="tests.starlink_glrt.test_cpu_live_operator_admission" name="test_expanded_scan_is_admitted_only_in_short_selected_profile[1536-3-0-False]" time="0.000" /><testcase classname="tests.starlink_glrt.test_cpu_live_operator_admission" name="test_observer_artifacts_are_required_even_without_handoff[None]" time="0.000" /><testcase classname="tests.starlink_glrt.test_cpu_live_operator_admission" name="test_observer_artifacts_are_required_even_without_handoff[observer.jsonl]" time="0.000" /><testcase classname="tests.starlink_glrt.test_cpu_live_operator_admission" name="test_observer_artifacts_are_required_even_without_handoff[observer.iq.ci16]" time="0.000" /><testcase classname="tests.starlink_glrt.test_cpu_live_operator_admission" name="test_failed_capture_still_records_final_rf_comparison[False-False]" time="0.000" /><testcase classname="tests.starlink_glrt.test_cpu_live_operator_admission" name="test_failed_capture_still_records_final_rf_comparison[False-True]" time="0.000" /><testcase classname="tests.starlink_glrt.test_cpu_live_operator_admission" name="test_failed_capture_still_records_final_rf_comparison[True-False]" time="0.000" /><testcase classname="tests.starlink_glrt.test_cpu_live_operator_admission" name="test_failed_capture_still_records_final_rf_comparison[True-True]" time="0.000" /><testcase classname="tests.starlink_glrt.test_cpu_coarse" name="test_every_grid_value_and_selected_peak_matches_independent_math[random]" time="0.664" /><testcase classname="tests.starlink_glrt.test_cpu_coarse" name="test_every_grid_value_and_selected_peak_matches_independent_math[rails]" time="0.563" /><testcase classname="tests.starlink_glrt.test_cpu_coarse" name="test_every_grid_value_and_selected_peak_matches_independent_math[zero]" time="0.330" /><testcase classname="tests.starlink_glrt.test_cpu_coarse" name="test_every_grid_value_and_selected_peak_matches_independent_math[full_scale_coefficients]" time="0.595" /><testcase classname="tests.starlink_glrt.test_cpu_coarse" name="test_cancel_or_deadline_cannot_publish_partial_grid_as_proposals[1]" time="0.001" /><testcase classname="tests.starlink_glrt.test_cpu_coarse" name="test_cancel_or_deadline_cannot_publish_partial_grid_as_proposals[2]" time="0.001" /><testcase classname="tests.starlink_glrt.test_cpu_coarse" name="test_cancel_or_deadline_cannot_publish_partial_grid_as_proposals[9]" time="0.001" /><testcase classname="tests.starlink_glrt.test_cpu_coarse" name="test_cancel_or_deadline_cannot_publish_partial_grid_as_proposals[211]" time="0.015" /><testcase classname="tests.starlink_glrt.test_cpu_coarse" name="test_coefficient_range_is_checked_before_computation" time="0.001" /><testcase classname="tests.starlink_glrt.test_cpu_coarse" name="test_disjoint_partitions_cannot_publish_an_incomplete_scan" time="0.562" /><testcase classname="tests.starlink_glrt.test_cpu_coarse" name="test_actual_two_thread_benchmark_matches_complete_serial_grid" time="0.281" /><testcase classname="tests.starlink_glrt.test_cpu_coarse" name="test_dot_products_match_wide_integer_arithmetic_across_rails_and_alignments" time="0.124" /><testcase classname="tests.starlink_glrt.test_cpu_coarse" name="test_bounded_selection_matches_sorted_oracle[random-1]" time="0.012" /><testcase classname="tests.starlink_glrt.test_cpu_coarse" name="test_bounded_selection_matches_sorted_oracle[random-8]" time="0.010" /><testcase classname="tests.starlink_glrt.test_cpu_coarse" name="test_bounded_selection_matches_sorted_oracle[random-32]" time="0.010" /><testcase classname="tests.starlink_glrt.test_cpu_coarse" name="test_bounded_selection_matches_sorted_oracle[random-64]" time="0.010" /><testcase classname="tests.starlink_glrt.test_cpu_coarse" name="test_bounded_selection_matches_sorted_oracle[ties-1]" time="0.009" /><testcase classname="tests.starlink_glrt.test_cpu_coarse" name="test_bounded_selection_matches_sorted_oracle[ties-8]" time="0.009" /><testcase classname="tests.starlink_glrt.test_cpu_coarse" name="test_bounded_selection_matches_sorted_oracle[ties-32]" time="0.009" /><testcase classname="tests.starlink_glrt.test_cpu_coarse" name="test_bounded_selection_matches_sorted_oracle[ties-64]" time="0.009" /><testcase classname="tests.starlink_glrt.test_cpu_coarse" name="test_bounded_selection_matches_sorted_oracle[zero-1]" time="0.005" /><testcase classname="tests.starlink_glrt.test_cpu_coarse" name="test_bounded_selection_matches_sorted_oracle[zero-8]" time="0.005" /><testcase classname="tests.starlink_glrt.test_cpu_coarse" name="test_bounded_selection_matches_sorted_oracle[zero-32]" time="0.005" /><testcase classname="tests.starlink_glrt.test_cpu_coarse" name="test_bounded_selection_matches_sorted_oracle[zero-64]" time="0.005" /><testcase classname="tests.starlink_glrt.test_cpu_coarse" name="test_bounded_selection_cancellation_clears_all_proposals[1]" time="0.000" /><testcase classname="tests.starlink_glrt.test_cpu_coarse" name="test_bounded_selection_cancellation_clears_all_proposals[2]" time="0.000" /><testcase classname="tests.starlink_glrt.test_cpu_coarse" name="test_bounded_selection_cancellation_clears_all_proposals[32]" time="0.000" /><testcase classname="tests.starlink_glrt.test_cpu_coarse" name="test_bounded_selection_cancellation_clears_all_proposals[64]" time="0.000" /><testcase classname="tests.starlink_glrt.test_cpu_coarse" name="test_bounded_selection_cancellation_clears_all_proposals[65]" time="0.000" /><testcase classname="tests.starlink_glrt.test_cpu_coarse" name="test_bounded_selection_rejects_invalid_admission[0-3333]" time="0.000" /><testcase classname="tests.starlink_glrt.test_cpu_coarse" name="test_bounded_selection_rejects_invalid_admission[65-3333]" time="0.000" /><testcase classname="tests.starlink_glrt.test_cpu_coarse" name="test_bounded_selection_rejects_invalid_admission[64-3332]" time="0.000" /><testcase classname="tests.starlink_glrt.test_cpu_coarse" name="test_heap_failure_at_publication_clears_completed_selection" time="0.001" /><testcase classname="tests.starlink_glrt.test_cpu_coarse" name="test_heap_allocation_failure_cannot_publish_peaks" time="0.084" /></testsuite></testsuites>