<?xml version="1.0" encoding="utf-8"?><testsuites name="pytest tests"><testsuite name="pytest" errors="0" failures="1" skipped="0" tests="250" time="49.175" timestamp="2026-09-13T22:01:36.643148+00:00" hostname="gauss"><testcase classname="tests.starlink_glrt.test_cpu_live_probe" name="test_dwell_profiles_have_finite_capture_and_worker_limits[None-expected0]" time="1.570" /><testcase classname="tests.starlink_glrt.test_cpu_live_probe" name="test_dwell_profiles_have_finite_capture_and_worker_limits[1536-expected1]" time="0.000" /><testcase classname="tests.starlink_glrt.test_cpu_live_probe" name="test_dwell_profiles_have_finite_capture_and_worker_limits[4096-expected2]" time="0.000" /><testcase classname="tests.starlink_glrt.test_cpu_live_probe" name="test_dwell_profiles_have_finite_capture_and_worker_limits[45000-expected3]" time="0.000" /><testcase classname="tests.starlink_glrt.test_cpu_live_probe" name="test_dwell_profiles_have_finite_capture_and_worker_limits[1536-selected-expected4]" time="0.000" /><testcase classname="tests.starlink_glrt.test_cpu_live_probe" name="test_dwell_profiles_have_finite_capture_and_worker_limits[1536-selected-observer3-expected5]" time="0.000" /><testcase classname="tests.starlink_glrt.test_cpu_live_probe" name="test_dwell_profiles_have_finite_capture_and_worker_limits[1536-selected-observer3-scan64-expected6]" time="0.000" /><testcase classname="tests.starlink_glrt.test_cpu_live_probe" name="test_invalid_dwell_rejected_before_opening_evidence_or_radio[0]" time="0.000" /><testcase classname="tests.starlink_glrt.test_cpu_live_probe" name="test_invalid_dwell_rejected_before_opening_evidence_or_radio[4097]" time="0.000" /><testcase classname="tests.starlink_glrt.test_cpu_live_probe" name="test_invalid_dwell_rejected_before_opening_evidence_or_radio[-1]" time="0.000" /><testcase classname="tests.starlink_glrt.test_cpu_live_probe" name="test_invalid_dwell_rejected_before_opening_evidence_or_radio[4096garbage]" time="0.000" /><testcase classname="tests.starlink_glrt.test_cpu_live_probe" name="test_invalid_dwell_rejected_before_opening_evidence_or_radio[4294967296]" time="0.000" /><testcase classname="tests.starlink_glrt.test_cpu_live_probe" name="test_early_stop_requires_idle_complete_counters_with_bounded_tail[32768-32768-8-1]" time="0.000" /><testcase classname="tests.starlink_glrt.test_cpu_live_probe" name="test_early_stop_requires_idle_complete_counters_with_bounded_tail[32891-32891-8-1]" time="0.000" /><testcase classname="tests.starlink_glrt.test_cpu_live_probe" name="test_early_stop_requires_idle_complete_counters_with_bounded_tail[32891-32890-8-0]" time="0.000" /><testcase classname="tests.starlink_glrt.test_cpu_live_probe" name="test_early_stop_requires_idle_complete_counters_with_bounded_tail[32767-32767-8-0]" time="0.000" /><testcase classname="tests.starlink_glrt.test_cpu_live_probe" name="test_early_stop_requires_idle_complete_counters_with_bounded_tail[32768-32768-9-0]" time="0.000" /><testcase classname="tests.starlink_glrt.test_cpu_live_probe" name="test_early_stop_requires_idle_complete_counters_with_bounded_tail[32768-32768-10-0]" time="0.000" /><testcase classname="tests.starlink_glrt.test_cpu_live_probe" name="test_early_stop_requires_idle_complete_counters_with_bounded_tail[65537-65537-8-0]" time="0.000" /><testcase classname="tests.starlink_glrt.test_cpu_live_probe" name="test_native_episodes_use_separate_exclusive_bounded_journals" time="0.001" /><testcase classname="tests.starlink_glrt.test_cpu_live_probe" name="test_paired_iq_waits_for_real_publication_and_rejects_lost_inputs[delayed-30000000]" time="0.006" /><testcase classname="tests.starlink_glrt.test_cpu_live_probe" name="test_paired_iq_waits_for_real_publication_and_rejects_lost_inputs[delayed-60000000]" time="0.001" /><testcase classname="tests.starlink_glrt.test_cpu_live_probe" name="test_paired_iq_waits_for_real_publication_and_rejects_lost_inputs[closed-30000000]" time="0.001" /><testcase classname="tests.starlink_glrt.test_cpu_live_probe" name="test_paired_iq_waits_for_real_publication_and_rejects_lost_inputs[closed-60000000]" time="0.001" /><testcase classname="tests.starlink_glrt.test_cpu_live_probe" name="test_paired_iq_waits_for_real_publication_and_rejects_lost_inputs[overwritten-30000000]" time="0.011" /><testcase classname="tests.starlink_glrt.test_cpu_live_probe" name="test_paired_iq_waits_for_real_publication_and_rejects_lost_inputs[overwritten-60000000]" time="0.011" /><testcase classname="tests.starlink_glrt.test_cpu_live_probe" name="test_paired_iq_waits_for_real_publication_and_rejects_lost_inputs[retention-30000000]" time="0.001" /><testcase classname="tests.starlink_glrt.test_cpu_live_probe" name="test_paired_iq_waits_for_real_publication_and_rejects_lost_inputs[retention-60000000]" time="0.001" /><testcase classname="tests.starlink_glrt.test_cpu_live_probe" name="test_original_pilot_order_matches_independent_fft[False-secondary_pilot]" time="0.007" /><testcase classname="tests.starlink_glrt.test_cpu_live_probe" name="test_original_pilot_order_matches_independent_fft[False-noise]" time="0.006" /><testcase classname="tests.starlink_glrt.test_cpu_live_probe" name="test_original_pilot_order_matches_independent_fft[False-zero]" time="0.005" /><testcase classname="tests.starlink_glrt.test_cpu_live_probe" name="test_original_pilot_order_matches_independent_fft[False-cancel]" time="0.001" /><testcase classname="tests.starlink_glrt.test_cpu_live_probe" name="test_original_pilot_order_matches_independent_fft[False-invalid_epoch]" time="0.002" /><testcase classname="tests.starlink_glrt.test_cpu_live_probe" name="test_original_pilot_order_matches_independent_fft[True-secondary_pilot]" time="0.010" /><testcase classname="tests.starlink_glrt.test_cpu_live_probe" name="test_original_pilot_order_matches_independent_fft[True-noise]" time="0.010" /><testcase classname="tests.starlink_glrt.test_cpu_live_probe" name="test_original_pilot_order_matches_independent_fft[True-zero]" time="0.010" /><testcase classname="tests.starlink_glrt.test_cpu_live_probe" name="test_original_pilot_order_matches_independent_fft[True-cancel]" time="0.001" /><testcase classname="tests.starlink_glrt.test_cpu_live_probe" name="test_original_pilot_order_matches_independent_fft[True-invalid_epoch]" time="0.001" /><testcase classname="tests.starlink_glrt.test_cpu_live_probe" name="test_observer_thread_has_separate_retention_and_is_joined_before_owner_release[9-waiting_cancel]" time="0.001" /><testcase classname="tests.starlink_glrt.test_cpu_live_probe" name="test_observer_thread_has_separate_retention_and_is_joined_before_owner_release[9-retained_cancel]" time="0.004" /><testcase classname="tests.starlink_glrt.test_cpu_live_probe" name="test_observer_thread_has_separate_retention_and_is_joined_before_owner_release[9-closed]" time="0.001" /><testcase classname="tests.starlink_glrt.test_cpu_live_probe" name="test_observer_thread_has_separate_retention_and_is_joined_before_owner_release[9-iq_failure]" time="0.003" /><testcase classname="tests.starlink_glrt.test_cpu_live_probe" name="test_observer_thread_has_separate_retention_and_is_joined_before_owner_release[9-journal_failure]" time="0.001" /><testcase classname="tests.starlink_glrt.test_cpu_live_probe" name="test_observer_thread_has_separate_retention_and_is_joined_before_owner_release[3-waiting_cancel]" time="0.001" /><testcase classname="tests.starlink_glrt.test_cpu_live_probe" name="test_observer_thread_has_separate_retention_and_is_joined_before_owner_release[3-retained_cancel]" time="0.003" /><testcase classname="tests.starlink_glrt.test_cpu_live_probe" name="test_observer_thread_has_separate_retention_and_is_joined_before_owner_release[3-closed]" time="0.001" /><testcase classname="tests.starlink_glrt.test_cpu_live_probe" name="test_observer_thread_has_separate_retention_and_is_joined_before_owner_release[3-iq_failure]" time="0.003" /><testcase classname="tests.starlink_glrt.test_cpu_live_probe" name="test_observer_thread_has_separate_retention_and_is_joined_before_owner_release[3-journal_failure]" time="0.001" /><testcase classname="tests.starlink_glrt.test_cpu_live_probe" name="test_advancing_capture_worker_and_native_feedback[9-30000000-signal]" time="3.098" /><testcase classname="tests.starlink_glrt.test_cpu_live_probe" name="test_advancing_capture_worker_and_native_feedback[9-60000000-signal]" time="0.398"><failure message="AssertionError: ([18446744073709551611, 1, 1, 199, 199], [{'kind': 'native_coarse_iq', 'attempt': 1, 'native_episode': 0, 'recorded_ns...pt': 1, 'native_episode': 0, 'epoch': 3, ...}, {'kind': 'observer_join', 'attempt': 1, 'episode': 0, 'epoch': 3, ...}])&#10;assert -5 == 0&#10; +  where -5 = c_long(-5).value&#10; +    where c_long(-5) = &lt;class 'ctypes.c_long'&gt;(18446744073709551611)&#10; +      where &lt;class 'ctypes.c_long'&gt; = c.c_int64">live_api = (&lt;CDLL '/tmp/pytest-of-mouse9911/pytest-127/cpu-live0/live.so', handle 5fff330 at 0x7817c9f81af0&gt;, array([[[ 1007,    ... 1566],
        [ 2894,   230,  2474, -9438],
        [ 1820, -1775, -6836,  2071]]], shape=(4, 3300, 4), dtype=int16))
controller = &lt;CDLL '/tmp/pytest-of-mouse9911/pytest-127/native-controller0/controller.so', handle 60713c0 at 0x7817c9fefad0&gt;
pilot_moments = {(2500000, 0): [496872960, 3, 0, 0, 4292195925, 4294967295, ...], (2500000, 1): [496440882, 3, 0, 0, 4294191811, 42949...5, ...], (2500000, 2): [496568184, 3, 0, 0, 1658106, 0, ...], (2500000, 3): [496867512, 3, 0, 0, 1368304, 0, ...], ...}
tmp_path = PosixPath('/tmp/pytest-of-mouse9911/pytest-127/test_advancing_capture_worker_1')
rate = 60000000, mode = 'signal', observer_spacing = 9

    @pytest.mark.parametrize("rate,mode", [(30000000,"signal"),(60000000,"signal"),
        (60000000,"publication_lag"),(60000000,"handoff_horizon_expired"),
        (30000000,"zero"),(30000000,"zero_long"),(30000000,"cancel"),(30000000,"source_loss"),
        (30000000,"selected_signal"),(60000000,"selected_signal"),
        (60000000,"selected_zero"),(60000000,"selected_retention"),
        (30000000,"native_rejection"),(30000000,"native_retention"),(30000000,"late_handoff"),
        (30000000,"observer_retention"),(60000000,"observer_retention")])
    @pytest.mark.parametrize('observer_spacing',[9,3])
    def test_advancing_capture_worker_and_native_feedback(live_api, controller, pilot_moments, tmp_path, rate, mode,observer_spacing):
        lib, refs = live_api
        radio = Radio(controller, pilot_moments, tracking_rate=rate)
        if mode == "native_rejection": radio.reject = True
        if mode == "native_retention": radio.fail_retain = "head"
        if mode == "late_handoff": radio.retention_delay = rate//10
        radio.origin = radio.latest = 1000000*(rate//2500000)
        initial = time.monotonic()
    
        def read(context, name, output, size):
            # Explicit simulated source clock; generated native heads remain port-fixture data.
            latest = radio.origin+int((time.monotonic()-initial)*rate)
            if mode == 'publication_lag': latest += rate//125
            if mode == 'handoff_horizon_expired': latest += rate//10
            radio.advance(max(0, latest-radio.latest))
            return radio.read(context, name, output, size)
    
        ports = Ports(None, Read(read), Write(radio.write), Retain(radio.retain), Clock(lambda _: radio.time))
        coefficients = bank()
        handle = lib.live_new(refs.ctypes.data, coefficients.ctypes.data, os.fsencode(tmp_path), c.byref(ports), rate)
        lib.live_observer_spacing(handle,observer_spacing)
        if mode=='observer_retention': lib.live_observer_fail(handle,0)
        if mode == 'zero_long':
            assert lib.live_set_dwell(handle, b'4096', (c.c_uint64*4)()) == 0
        if mode.startswith('selected_'):
            lib.live_select_windows(handle, os.fsencode(tmp_path), 3, mode == 'selected_retention')
        assert lib.live_capture_done(handle) == 0
        iq = np.zeros((10_000_000, 2), dtype=np.int16)
        if mode in ("signal", "selected_signal", "publication_lag", "handoff_horizon_expired", "native_rejection", "native_retention", "late_handoff", "observer_retention"):
            for frame in range(3000):
                start = 22+(frame*10000+1)//3
                if start+3300 &lt;= len(iq): iq[start:start+3300] = refs[0, :, :2]
        count = 16384
        assert lib.live_publish(handle, iq.ctypes.data, count) == 0
        initial = time.monotonic()-count/2500000
        lib.live_start(handle)
        try:
            while not lib.live_done(handle):
                elapsed = time.monotonic()-initial
                assert elapsed &lt; 6
                if mode == "cancel":
                    lib.live_stop(handle)
                elif mode == "source_loss":
                    lib.live_close_source(handle)
                elif count+16384 &lt;= len(iq) and (count+16384)/2500000 &lt;= elapsed:
                    block = np.ascontiguousarray(iq[count:count+16384])
                    assert lib.live_publish(handle, block.ctypes.data, len(block)) == 0
                    count += len(block)
                else:
                    time.sleep(.001)
        finally:
            capture_done = lib.live_capture_done(handle)
            lib.live_stop(handle)
            out = (c.c_uint64*5)();lib.live_finish(handle, out)
        assert not radio.errors, radio.errors
        rows = [json.loads(s) for s in (tmp_path/"worker.jsonl").read_text().splitlines()]
        observer_rows=check_observer_evidence(tmp_path,iq,1000000,rows,rate,observer_spacing)
        pairs = [r for r in rows if r['kind']=='native_coarse_iq']
        paired_iq = np.fromfile(tmp_path/'native.coarse.ci16',dtype='&lt;i2').reshape(-1,2)
        assert len(paired_iq)==len(pairs)*3333 and len(pairs)&lt;=64
        for index,row in enumerate(pairs):
            assert row['native_sequence']==index and row['iq_offset']==index*3333 and row['iq_samples']==3333
            assert row['first']==row['native_start']//(rate//2500000)-16
            first=row['first']-1000000
            np.testing.assert_array_equal(paired_iq[index*3333:(index+1)*3333],iq[first:first+3333])
            assert row['source']['first']&lt;=row['first'] and row['first']+3333&lt;=row['source']['end']
            assert row['source']['epoch']==3 and not row['source']['closed']
        assert capture_done == int(mode.startswith('selected_'))
        if mode.startswith('selected_'):
            scans = [r for r in rows if r['kind'] == 'scan']
            if mode == 'selected_retention':
                assert not scans and c.c_int64(out[0]).value == -5
            else:
                searched = np.fromfile(tmp_path/'scan.iq.ci16',dtype='&lt;i2').reshape(-1,2)
                assert len(searched) == 14000*len(scans)
                for index,row in enumerate(scans):
                    assert row['scan_iq_offset'] == index*14000 and row['scan_iq_samples'] == 14000
                    start = row['window_start']-1000000
                    np.testing.assert_array_equal(searched[index*14000:(index+1)*14000],iq[start:start+14000])
                    assert row['source']['first'] &lt;= row['window_start']
                    assert row['window_start']+14000 &lt;= row['source']['end']
                if mode == 'selected_zero': assert len(scans) == 3 and out[0] == 0
        if mode == 'zero_long':
            assert out[1] == 16 and out[2] == 0
            assert len([r for r in rows if r['kind'] == 'scan']) == 16
        if mode in ("signal", "selected_signal", "publication_lag", "observer_retention"):
&gt;           assert c.c_int64(out[0]).value == (-6 if mode=='observer_retention' else 0), (list(out), rows[-3:])
E           AssertionError: ([18446744073709551611, 1, 1, 199, 199], [{'kind': 'native_coarse_iq', 'attempt': 1, 'native_episode': 0, 'recorded_ns...pt': 1, 'native_episode': 0, 'epoch': 3, ...}, {'kind': 'observer_join', 'attempt': 1, 'episode': 0, 'epoch': 3, ...}])
E           assert -5 == 0
E            +  where -5 = c_long(-5).value
E            +    where c_long(-5) = &lt;class 'ctypes.c_long'&gt;(18446744073709551611)
E            +      where &lt;class 'ctypes.c_long'&gt; = c.c_int64

tests/starlink_glrt/test_cpu_live_probe.py:576: AssertionError</failure></testcase><testcase classname="tests.starlink_glrt.test_cpu_live_probe" name="test_advancing_capture_worker_and_native_feedback[9-60000000-publication_lag]" time="2.187" /><testcase classname="tests.starlink_glrt.test_cpu_live_probe" name="test_advancing_capture_worker_and_native_feedback[9-60000000-handoff_horizon_expired]" time="0.122" /><testcase classname="tests.starlink_glrt.test_cpu_live_probe" name="test_advancing_capture_worker_and_native_feedback[9-30000000-zero]" time="0.066" /><testcase classname="tests.starlink_glrt.test_cpu_live_probe" name="test_advancing_capture_worker_and_native_feedback[9-30000000-zero_long]" time="0.167" /><testcase classname="tests.starlink_glrt.test_cpu_live_probe" name="test_advancing_capture_worker_and_native_feedback[9-30000000-cancel]" time="0.002" /><testcase classname="tests.starlink_glrt.test_cpu_live_probe" name="test_advancing_capture_worker_and_native_feedback[9-30000000-source_loss]" time="0.002" /><testcase classname="tests.starlink_glrt.test_cpu_live_probe" name="test_advancing_capture_worker_and_native_feedback[9-30000000-selected_signal]" time="2.182" /><testcase classname="tests.starlink_glrt.test_cpu_live_probe" name="test_advancing_capture_worker_and_native_feedback[9-60000000-selected_signal]" time="2.177" /><testcase classname="tests.starlink_glrt.test_cpu_live_probe" name="test_advancing_capture_worker_and_native_feedback[9-60000000-selected_zero]" time="0.032" /><testcase classname="tests.starlink_glrt.test_cpu_live_probe" name="test_advancing_capture_worker_and_native_feedback[9-60000000-selected_retention]" time="0.012" /><testcase classname="tests.starlink_glrt.test_cpu_live_probe" name="test_advancing_capture_worker_and_native_feedback[9-30000000-native_rejection]" time="0.163" /><testcase classname="tests.starlink_glrt.test_cpu_live_probe" name="test_advancing_capture_worker_and_native_feedback[9-30000000-native_retention]" time="0.128" /><testcase classname="tests.starlink_glrt.test_cpu_live_probe" name="test_advancing_capture_worker_and_native_feedback[9-30000000-late_handoff]" time="0.125" /><testcase classname="tests.starlink_glrt.test_cpu_live_probe" name="test_advancing_capture_worker_and_native_feedback[9-30000000-observer_retention]" time="2.199" /><testcase classname="tests.starlink_glrt.test_cpu_live_probe" name="test_advancing_capture_worker_and_native_feedback[9-60000000-observer_retention]" time="2.169" /><testcase classname="tests.starlink_glrt.test_cpu_live_probe" name="test_advancing_capture_worker_and_native_feedback[3-30000000-signal]" time="2.179" /><testcase classname="tests.starlink_glrt.test_cpu_live_probe" name="test_advancing_capture_worker_and_native_feedback[3-60000000-signal]" time="2.169" /><testcase classname="tests.starlink_glrt.test_cpu_live_probe" name="test_advancing_capture_worker_and_native_feedback[3-60000000-publication_lag]" time="2.172" /><testcase classname="tests.starlink_glrt.test_cpu_live_probe" name="test_advancing_capture_worker_and_native_feedback[3-60000000-handoff_horizon_expired]" time="0.120" /><testcase classname="tests.starlink_glrt.test_cpu_live_probe" name="test_advancing_capture_worker_and_native_feedback[3-30000000-zero]" time="0.060" /><testcase classname="tests.starlink_glrt.test_cpu_live_probe" name="test_advancing_capture_worker_and_native_feedback[3-30000000-zero_long]" time="0.156" /><testcase classname="tests.starlink_glrt.test_cpu_live_probe" name="test_advancing_capture_worker_and_native_feedback[3-30000000-cancel]" time="0.001" /><testcase classname="tests.starlink_glrt.test_cpu_live_probe" name="test_advancing_capture_worker_and_native_feedback[3-30000000-source_loss]" time="0.001" /><testcase classname="tests.starlink_glrt.test_cpu_live_probe" name="test_advancing_capture_worker_and_native_feedback[3-30000000-selected_signal]" time="2.175" /><testcase classname="tests.starlink_glrt.test_cpu_live_probe" name="test_advancing_capture_worker_and_native_feedback[3-60000000-selected_signal]" time="2.207" /><testcase classname="tests.starlink_glrt.test_cpu_live_probe" name="test_advancing_capture_worker_and_native_feedback[3-60000000-selected_zero]" time="0.034" /><testcase classname="tests.starlink_glrt.test_cpu_live_probe" name="test_advancing_capture_worker_and_native_feedback[3-60000000-selected_retention]" time="0.013" /><testcase classname="tests.starlink_glrt.test_cpu_live_probe" name="test_advancing_capture_worker_and_native_feedback[3-30000000-native_rejection]" time="0.167" /><testcase classname="tests.starlink_glrt.test_cpu_live_probe" name="test_advancing_capture_worker_and_native_feedback[3-30000000-native_retention]" time="0.139" /><testcase classname="tests.starlink_glrt.test_cpu_live_probe" name="test_advancing_capture_worker_and_native_feedback[3-30000000-late_handoff]" time="0.141" /><testcase classname="tests.starlink_glrt.test_cpu_live_probe" name="test_advancing_capture_worker_and_native_feedback[3-30000000-observer_retention]" time="2.191" /><testcase classname="tests.starlink_glrt.test_cpu_live_probe" name="test_advancing_capture_worker_and_native_feedback[3-60000000-observer_retention]" time="2.170" /><testcase classname="tests.starlink_glrt.test_cpu_live_probe" name="test_clean_native_loss_reacquires_in_new_epoch_with_global_budgets[loss_then_supported-30000000]" time="2.483" /><testcase classname="tests.starlink_glrt.test_cpu_live_probe" name="test_clean_native_loss_reacquires_in_new_epoch_with_global_budgets[loss_then_supported-60000000]" time="2.432" /><testcase classname="tests.starlink_glrt.test_cpu_live_probe" name="test_clean_native_loss_reacquires_in_new_epoch_with_global_budgets[four_losses-30000000]" time="0.576" /><testcase classname="tests.starlink_glrt.test_cpu_live_probe" name="test_clean_native_loss_reacquires_in_new_epoch_with_global_budgets[four_losses-60000000]" time="0.588" /><testcase classname="tests.starlink_glrt.test_cpu_live_probe" name="test_clean_native_loss_reacquires_in_new_epoch_with_global_budgets[attempt_budget-30000000]" time="0.162" /><testcase classname="tests.starlink_glrt.test_cpu_live_probe" name="test_clean_native_loss_reacquires_in_new_epoch_with_global_budgets[attempt_budget-60000000]" time="0.162" /><testcase classname="tests.starlink_glrt.test_cpu_live_probe" name="test_clean_native_loss_reacquires_in_new_epoch_with_global_budgets[full_profile-30000000]" time="0.174" /><testcase classname="tests.starlink_glrt.test_cpu_live_probe" name="test_clean_native_loss_reacquires_in_new_epoch_with_global_budgets[full_profile-60000000]" time="0.190" /><testcase classname="tests.starlink_glrt.test_cpu_live_probe" name="test_clean_native_loss_reacquires_in_new_epoch_with_global_budgets[visit_full_profile-30000000]" time="0.170" /><testcase classname="tests.starlink_glrt.test_cpu_live_probe" name="test_clean_native_loss_reacquires_in_new_epoch_with_global_budgets[visit_full_profile-60000000]" time="0.191" /><testcase classname="tests.starlink_glrt.test_cpu_live_probe" name="test_clean_native_loss_reacquires_in_new_epoch_with_global_budgets[visit_selected_profile-30000000]" time="0.190" /><testcase classname="tests.starlink_glrt.test_cpu_live_probe" name="test_clean_native_loss_reacquires_in_new_epoch_with_global_budgets[visit_selected_profile-60000000]" time="0.171" /><testcase classname="tests.starlink_glrt.test_cpu_live_probe" name="test_clean_native_loss_reacquires_in_new_epoch_with_global_budgets[short_observer3-30000000]" time="0.164" /><testcase classname="tests.starlink_glrt.test_cpu_live_probe" name="test_clean_native_loss_reacquires_in_new_epoch_with_global_budgets[short_observer3-60000000]" time="0.164" /><testcase classname="tests.starlink_glrt.test_cpu_live_probe" name="test_clean_native_loss_reacquires_in_new_epoch_with_global_budgets[short_scan64-30000000]" time="0.163" /><testcase classname="tests.starlink_glrt.test_cpu_live_probe" name="test_clean_native_loss_reacquires_in_new_epoch_with_global_budgets[short_scan64-60000000]" time="0.163" /><testcase classname="tests.starlink_glrt.test_cpu_live_probe" name="test_clean_native_loss_reacquires_in_new_epoch_with_global_budgets[worker_error-30000000]" time="0.177" /><testcase classname="tests.starlink_glrt.test_cpu_live_probe" name="test_clean_native_loss_reacquires_in_new_epoch_with_global_budgets[worker_error-60000000]" time="0.164" /><testcase classname="tests.starlink_glrt.test_cpu_live_probe" name="test_clean_native_loss_reacquires_in_new_epoch_with_global_budgets[retention_error-30000000]" time="0.184" /><testcase classname="tests.starlink_glrt.test_cpu_live_probe" name="test_clean_native_loss_reacquires_in_new_epoch_with_global_budgets[retention_error-60000000]" time="0.162" /><testcase classname="tests.starlink_glrt.test_cpu_live_probe" name="test_clean_native_loss_reacquires_in_new_epoch_with_global_budgets[restart_budget-30000000]" time="0.169" /><testcase classname="tests.starlink_glrt.test_cpu_live_probe" name="test_clean_native_loss_reacquires_in_new_epoch_with_global_budgets[restart_budget-60000000]" time="0.183" /><testcase classname="tests.starlink_glrt.test_cpu_live_probe" name="test_clean_native_loss_reacquires_in_new_epoch_with_global_budgets[cancel-30000000]" time="0.185" /><testcase classname="tests.starlink_glrt.test_cpu_live_probe" name="test_clean_native_loss_reacquires_in_new_epoch_with_global_budgets[cancel-60000000]" time="0.182" /><testcase classname="tests.starlink_glrt.test_cpu_live_probe" name="test_clean_native_loss_reacquires_in_new_epoch_with_global_budgets[deadline-30000000]" time="0.173" /><testcase classname="tests.starlink_glrt.test_cpu_live_probe" name="test_clean_native_loss_reacquires_in_new_epoch_with_global_budgets[deadline-60000000]" time="0.175" /><testcase classname="tests.starlink_glrt.test_cpu_live_probe" name="test_clean_native_loss_reacquires_in_new_epoch_with_global_budgets[uncleared-30000000]" time="0.180" /><testcase classname="tests.starlink_glrt.test_cpu_live_probe" name="test_clean_native_loss_reacquires_in_new_epoch_with_global_budgets[uncleared-60000000]" time="0.172" /><testcase classname="tests.starlink_glrt.test_cpu_live_probe" name="test_clean_native_loss_reacquires_in_new_epoch_with_global_budgets[source_gap-30000000]" time="0.165" /><testcase classname="tests.starlink_glrt.test_cpu_live_probe" name="test_clean_native_loss_reacquires_in_new_epoch_with_global_budgets[source_gap-60000000]" time="0.189" /><testcase classname="tests.starlink_glrt.test_cpu_live_probe" name="test_clean_native_loss_reacquires_in_new_epoch_with_global_budgets[wrong_epoch-30000000]" time="0.153" /><testcase classname="tests.starlink_glrt.test_cpu_live_probe" name="test_clean_native_loss_reacquires_in_new_epoch_with_global_budgets[wrong_epoch-60000000]" time="0.152" /><testcase classname="tests.starlink_glrt.test_cpu_live_probe" name="test_clean_native_loss_reacquires_in_new_epoch_with_global_budgets[wrong_rate-30000000]" time="0.153" /><testcase classname="tests.starlink_glrt.test_cpu_live_probe" name="test_clean_native_loss_reacquires_in_new_epoch_with_global_budgets[wrong_rate-60000000]" time="0.154" /><testcase classname="tests.starlink_glrt.test_cpu_live_probe" name="test_clean_native_loss_reacquires_in_new_epoch_with_global_budgets[unread_head-30000000]" time="0.162" /><testcase classname="tests.starlink_glrt.test_cpu_live_probe" name="test_clean_native_loss_reacquires_in_new_epoch_with_global_budgets[unread_head-60000000]" time="0.187" /><testcase classname="tests.starlink_glrt.test_cpu_live_probe" name="test_clean_native_loss_reacquires_in_new_epoch_with_global_budgets[read_failure-30000000]" time="0.151" /><testcase classname="tests.starlink_glrt.test_cpu_live_probe" name="test_clean_native_loss_reacquires_in_new_epoch_with_global_budgets[read_failure-60000000]" time="0.153" /><testcase classname="tests.starlink_glrt.test_cpu_live_probe" name="test_clean_native_loss_reacquires_in_new_epoch_with_global_budgets[rebase_same_epoch-30000000]" time="0.151" /><testcase classname="tests.starlink_glrt.test_cpu_live_probe" name="test_clean_native_loss_reacquires_in_new_epoch_with_global_budgets[rebase_same_epoch-60000000]" time="0.153" /><testcase classname="tests.starlink_glrt.test_cpu_live_probe" name="test_clean_native_loss_reacquires_in_new_epoch_with_global_budgets[rebase_short_write-30000000]" time="0.153" /><testcase classname="tests.starlink_glrt.test_cpu_live_probe" name="test_clean_native_loss_reacquires_in_new_epoch_with_global_budgets[rebase_short_write-60000000]" time="0.153" /><testcase classname="tests.starlink_glrt.test_cpu_live_operator_admission" name="test_filesystem_capacity_is_separate_from_available_memory[ready-1536]" time="0.003" /><testcase classname="tests.starlink_glrt.test_cpu_live_operator_admission" name="test_filesystem_capacity_is_separate_from_available_memory[ready-4096]" time="0.000" /><testcase classname="tests.starlink_glrt.test_cpu_live_operator_admission" name="test_filesystem_capacity_is_separate_from_available_memory[ready-45000]" time="0.000" /><testcase classname="tests.starlink_glrt.test_cpu_live_operator_admission" name="test_filesystem_capacity_is_separate_from_available_memory[short-1536]" time="0.000" /><testcase classname="tests.starlink_glrt.test_cpu_live_operator_admission" name="test_filesystem_capacity_is_separate_from_available_memory[short-4096]" time="0.000" /><testcase classname="tests.starlink_glrt.test_cpu_live_operator_admission" name="test_filesystem_capacity_is_separate_from_available_memory[short-45000]" time="0.000" /><testcase classname="tests.starlink_glrt.test_cpu_live_operator_admission" name="test_filesystem_capacity_is_separate_from_available_memory[wrong_mount-1536]" time="0.000" /><testcase classname="tests.starlink_glrt.test_cpu_live_operator_admission" name="test_filesystem_capacity_is_separate_from_available_memory[wrong_mount-4096]" time="0.001" /><testcase classname="tests.starlink_glrt.test_cpu_live_operator_admission" name="test_filesystem_capacity_is_separate_from_available_memory[wrong_mount-45000]" time="0.000" /><testcase classname="tests.starlink_glrt.test_cpu_live_operator_admission" name="test_filesystem_capacity_is_separate_from_available_memory[wrong_fs-1536]" time="0.000" /><testcase classname="tests.starlink_glrt.test_cpu_live_operator_admission" name="test_filesystem_capacity_is_separate_from_available_memory[wrong_fs-4096]" time="0.000" /><testcase classname="tests.starlink_glrt.test_cpu_live_operator_admission" name="test_filesystem_capacity_is_separate_from_available_memory[wrong_fs-45000]" time="0.000" /><testcase classname="tests.starlink_glrt.test_cpu_live_operator_admission" name="test_filesystem_capacity_is_separate_from_available_memory[malformed-1536]" time="0.000" /><testcase classname="tests.starlink_glrt.test_cpu_live_operator_admission" name="test_filesystem_capacity_is_separate_from_available_memory[malformed-4096]" time="0.000" /><testcase classname="tests.starlink_glrt.test_cpu_live_operator_admission" name="test_filesystem_capacity_is_separate_from_available_memory[malformed-45000]" time="0.000" /><testcase classname="tests.starlink_glrt.test_cpu_live_operator_admission" name="test_observer_cadence_rejects_unbounded_or_unknown_profile[4096-3]" time="0.000" /><testcase classname="tests.starlink_glrt.test_cpu_live_operator_admission" name="test_observer_cadence_rejects_unbounded_or_unknown_profile[45000-3]" time="0.000" /><testcase classname="tests.starlink_glrt.test_cpu_live_operator_admission" name="test_observer_cadence_rejects_unbounded_or_unknown_profile[1536-0]" time="0.000" /><testcase classname="tests.starlink_glrt.test_cpu_live_operator_admission" name="test_observer_cadence_rejects_unbounded_or_unknown_profile[1536-6]" time="0.001" /><testcase classname="tests.starlink_glrt.test_cpu_live_operator_admission" name="test_three_frame_profile_retains_selected_iq_and_one_episode" time="0.000" /><testcase classname="tests.starlink_glrt.test_cpu_live_operator_admission" name="test_storage_cleanup_preserves_uncertain_execution_and_unretrieved_evidence[False-False-False-True-False]" time="0.000" /><testcase classname="tests.starlink_glrt.test_cpu_live_operator_admission" name="test_storage_cleanup_preserves_uncertain_execution_and_unretrieved_evidence[False-False-False-True-True]" time="0.000" /><testcase classname="tests.starlink_glrt.test_cpu_live_operator_admission" name="test_storage_cleanup_preserves_uncertain_execution_and_unretrieved_evidence[True-False-False-False-False]" time="0.000" /><testcase classname="tests.starlink_glrt.test_cpu_live_operator_admission" name="test_storage_cleanup_preserves_uncertain_execution_and_unretrieved_evidence[True-False-False-False-True]" time="0.000" /><testcase classname="tests.starlink_glrt.test_cpu_live_operator_admission" name="test_storage_cleanup_preserves_uncertain_execution_and_unretrieved_evidence[True-True-False-False-False]" time="0.000" /><testcase classname="tests.starlink_glrt.test_cpu_live_operator_admission" name="test_storage_cleanup_preserves_uncertain_execution_and_unretrieved_evidence[True-True-False-False-True]" time="0.000" /><testcase classname="tests.starlink_glrt.test_cpu_live_operator_admission" name="test_storage_cleanup_preserves_uncertain_execution_and_unretrieved_evidence[True-True-True-True-False]" time="0.000" /><testcase classname="tests.starlink_glrt.test_cpu_live_operator_admission" name="test_storage_cleanup_preserves_uncertain_execution_and_unretrieved_evidence[True-True-True-True-True]" time="0.000" /><testcase classname="tests.starlink_glrt.test_cpu_live_operator_admission" name="test_refusal_precedes_radio_contact_and_records_busy_receipt[busy]" time="0.010" /><testcase classname="tests.starlink_glrt.test_cpu_live_operator_admission" name="test_refusal_precedes_radio_contact_and_records_busy_receipt[bank]" time="0.010" /><testcase classname="tests.starlink_glrt.test_cpu_live_operator_admission" name="test_refusal_precedes_radio_contact_and_records_busy_receipt[references]" time="0.010" /><testcase classname="tests.starlink_glrt.test_cpu_live_operator_admission" name="test_refusal_precedes_radio_contact_and_records_busy_receipt[lo]" time="0.010" /><testcase classname="tests.starlink_glrt.test_cpu_live_operator_admission" name="test_refusal_precedes_radio_contact_and_records_busy_receipt[rate]" time="0.010" /><testcase classname="tests.starlink_glrt.test_cpu_live_operator_admission" name="test_native_preflight_precedes_every_rf_mutation[1536-ready]" time="0.001" /><testcase classname="tests.starlink_glrt.test_cpu_live_operator_admission" name="test_native_preflight_precedes_every_rf_mutation[1536-boot_drops]" time="0.000" /><testcase classname="tests.starlink_glrt.test_cpu_live_operator_admission" name="test_native_preflight_precedes_every_rf_mutation[1536-unread]" time="0.000" /><testcase classname="tests.starlink_glrt.test_cpu_live_operator_admission" name="test_native_preflight_precedes_every_rf_mutation[1536-active]" time="0.000" /><testcase classname="tests.starlink_glrt.test_cpu_live_operator_admission" name="test_native_preflight_precedes_every_rf_mutation[1536-unaccounted]" time="0.000" /><testcase classname="tests.starlink_glrt.test_cpu_live_operator_admission" name="test_native_preflight_precedes_every_rf_mutation[1536-fault]" time="0.000" /><testcase classname="tests.starlink_glrt.test_cpu_live_operator_admission" name="test_native_preflight_precedes_every_rf_mutation[1536-epoch_valid]" time="0.000" /><testcase classname="tests.starlink_glrt.test_cpu_live_operator_admission" name="test_native_preflight_precedes_every_rf_mutation[1536-uncleared]" time="0.000" /><testcase classname="tests.starlink_glrt.test_cpu_live_operator_admission" name="test_native_preflight_precedes_every_rf_mutation[1536-wrong_rate]" time="0.000" /><testcase classname="tests.starlink_glrt.test_cpu_live_operator_admission" name="test_native_preflight_precedes_every_rf_mutation[1536-malformed]" time="0.001" /><testcase classname="tests.starlink_glrt.test_cpu_live_operator_admission" name="test_native_preflight_precedes_every_rf_mutation[1536-missing]" time="0.000" /><testcase classname="tests.starlink_glrt.test_cpu_live_operator_admission" name="test_native_preflight_precedes_every_rf_mutation[1536-memory_short]" time="0.000" /><testcase classname="tests.starlink_glrt.test_cpu_live_operator_admission" name="test_native_preflight_precedes_every_rf_mutation[1536-memory_missing]" time="0.000" /><testcase classname="tests.starlink_glrt.test_cpu_live_operator_admission" name="test_native_preflight_precedes_every_rf_mutation[1536-memory_unit]" time="0.000" /><testcase classname="tests.starlink_glrt.test_cpu_live_operator_admission" name="test_native_preflight_precedes_every_rf_mutation[1536-memory_duplicate]" time="0.000" /><testcase classname="tests.starlink_glrt.test_cpu_live_operator_admission" name="test_native_preflight_precedes_every_rf_mutation[4096-ready]" time="0.000" /><testcase classname="tests.starlink_glrt.test_cpu_live_operator_admission" name="test_native_preflight_precedes_every_rf_mutation[4096-boot_drops]" time="0.000" /><testcase classname="tests.starlink_glrt.test_cpu_live_operator_admission" name="test_native_preflight_precedes_every_rf_mutation[4096-unread]" time="0.000" /><testcase classname="tests.starlink_glrt.test_cpu_live_operator_admission" name="test_native_preflight_precedes_every_rf_mutation[4096-active]" time="0.000" /><testcase classname="tests.starlink_glrt.test_cpu_live_operator_admission" name="test_native_preflight_precedes_every_rf_mutation[4096-unaccounted]" time="0.000" /><testcase classname="tests.starlink_glrt.test_cpu_live_operator_admission" name="test_native_preflight_precedes_every_rf_mutation[4096-fault]" time="0.000" /><testcase classname="tests.starlink_glrt.test_cpu_live_operator_admission" name="test_native_preflight_precedes_every_rf_mutation[4096-epoch_valid]" time="0.001" /><testcase classname="tests.starlink_glrt.test_cpu_live_operator_admission" name="test_native_preflight_precedes_every_rf_mutation[4096-uncleared]" time="0.000" /><testcase classname="tests.starlink_glrt.test_cpu_live_operator_admission" name="test_native_preflight_precedes_every_rf_mutation[4096-wrong_rate]" time="0.000" /><testcase classname="tests.starlink_glrt.test_cpu_live_operator_admission" name="test_native_preflight_precedes_every_rf_mutation[4096-malformed]" time="0.000" /><testcase classname="tests.starlink_glrt.test_cpu_live_operator_admission" name="test_native_preflight_precedes_every_rf_mutation[4096-missing]" time="0.000" /><testcase classname="tests.starlink_glrt.test_cpu_live_operator_admission" name="test_native_preflight_precedes_every_rf_mutation[4096-memory_short]" time="0.000" /><testcase classname="tests.starlink_glrt.test_cpu_live_operator_admission" name="test_native_preflight_precedes_every_rf_mutation[4096-memory_missing]" time="0.000" /><testcase classname="tests.starlink_glrt.test_cpu_live_operator_admission" name="test_native_preflight_precedes_every_rf_mutation[4096-memory_unit]" time="0.000" /><testcase classname="tests.starlink_glrt.test_cpu_live_operator_admission" name="test_native_preflight_precedes_every_rf_mutation[4096-memory_duplicate]" time="0.000" /><testcase classname="tests.starlink_glrt.test_cpu_live_operator_admission" name="test_native_preflight_precedes_every_rf_mutation[45000-ready]" time="0.000" /><testcase classname="tests.starlink_glrt.test_cpu_live_operator_admission" name="test_native_preflight_precedes_every_rf_mutation[45000-boot_drops]" time="0.000" /><testcase classname="tests.starlink_glrt.test_cpu_live_operator_admission" name="test_native_preflight_precedes_every_rf_mutation[45000-unread]" time="0.000" /><testcase classname="tests.starlink_glrt.test_cpu_live_operator_admission" name="test_native_preflight_precedes_every_rf_mutation[45000-active]" time="0.001" /><testcase classname="tests.starlink_glrt.test_cpu_live_operator_admission" name="test_native_preflight_precedes_every_rf_mutation[45000-unaccounted]" time="0.000" /><testcase classname="tests.starlink_glrt.test_cpu_live_operator_admission" name="test_native_preflight_precedes_every_rf_mutation[45000-fault]" time="0.000" /><testcase classname="tests.starlink_glrt.test_cpu_live_operator_admission" name="test_native_preflight_precedes_every_rf_mutation[45000-epoch_valid]" time="0.000" /><testcase classname="tests.starlink_glrt.test_cpu_live_operator_admission" name="test_native_preflight_precedes_every_rf_mutation[45000-uncleared]" time="0.000" /><testcase classname="tests.starlink_glrt.test_cpu_live_operator_admission" name="test_native_preflight_precedes_every_rf_mutation[45000-wrong_rate]" time="0.000" /><testcase classname="tests.starlink_glrt.test_cpu_live_operator_admission" name="test_native_preflight_precedes_every_rf_mutation[45000-malformed]" time="0.000" /><testcase classname="tests.starlink_glrt.test_cpu_live_operator_admission" name="test_native_preflight_precedes_every_rf_mutation[45000-missing]" time="0.000" /><testcase classname="tests.starlink_glrt.test_cpu_live_operator_admission" name="test_native_preflight_precedes_every_rf_mutation[45000-memory_short]" time="0.000" /><testcase classname="tests.starlink_glrt.test_cpu_live_operator_admission" name="test_native_preflight_precedes_every_rf_mutation[45000-memory_missing]" time="0.000" /><testcase classname="tests.starlink_glrt.test_cpu_live_operator_admission" name="test_native_preflight_precedes_every_rf_mutation[45000-memory_unit]" time="0.000" /><testcase classname="tests.starlink_glrt.test_cpu_live_operator_admission" name="test_native_preflight_precedes_every_rf_mutation[45000-memory_duplicate]" time="0.000" /><testcase classname="tests.starlink_glrt.test_cpu_live_operator_admission" name="test_selected_capture_budget_and_artifacts_are_explicit" time="0.000" /><testcase classname="tests.starlink_glrt.test_cpu_live_operator_admission" name="test_expanded_scan_is_admitted_only_in_short_selected_profile[1536-3-64-True]" time="0.001" /><testcase classname="tests.starlink_glrt.test_cpu_live_operator_admission" name="test_expanded_scan_is_admitted_only_in_short_selected_profile[1536-9-64-False]" time="0.000" /><testcase classname="tests.starlink_glrt.test_cpu_live_operator_admission" name="test_expanded_scan_is_admitted_only_in_short_selected_profile[4096-3-64-False]" time="0.000" /><testcase classname="tests.starlink_glrt.test_cpu_live_operator_admission" name="test_expanded_scan_is_admitted_only_in_short_selected_profile[45000-9-64-False]" time="0.000" /><testcase classname="tests.starlink_glrt.test_cpu_live_operator_admission" name="test_expanded_scan_is_admitted_only_in_short_selected_profile[1536-3-65-False]" time="0.000" /><testcase classname="tests.starlink_glrt.test_cpu_live_operator_admission" name="test_expanded_scan_is_admitted_only_in_short_selected_profile[1536-3-0-False]" time="0.000" /><testcase classname="tests.starlink_glrt.test_cpu_live_operator_admission" name="test_observer_artifacts_are_required_even_without_handoff[None]" time="0.000" /><testcase classname="tests.starlink_glrt.test_cpu_live_operator_admission" name="test_observer_artifacts_are_required_even_without_handoff[observer.jsonl]" time="0.000" /><testcase classname="tests.starlink_glrt.test_cpu_live_operator_admission" name="test_observer_artifacts_are_required_even_without_handoff[observer.iq.ci16]" time="0.000" /><testcase classname="tests.starlink_glrt.test_cpu_live_operator_admission" name="test_failed_capture_still_records_final_rf_comparison[False-False]" time="0.000" /><testcase classname="tests.starlink_glrt.test_cpu_live_operator_admission" name="test_failed_capture_still_records_final_rf_comparison[False-True]" time="0.000" /><testcase classname="tests.starlink_glrt.test_cpu_live_operator_admission" name="test_failed_capture_still_records_final_rf_comparison[True-False]" time="0.000" /><testcase classname="tests.starlink_glrt.test_cpu_live_operator_admission" name="test_failed_capture_still_records_final_rf_comparison[True-True]" time="0.000" /><testcase classname="tests.starlink_glrt.test_cpu_coarse" name="test_every_grid_value_and_selected_peak_matches_independent_math[random]" time="0.677" /><testcase classname="tests.starlink_glrt.test_cpu_coarse" name="test_every_grid_value_and_selected_peak_matches_independent_math[rails]" time="0.564" /><testcase classname="tests.starlink_glrt.test_cpu_coarse" name="test_every_grid_value_and_selected_peak_matches_independent_math[zero]" time="0.332" /><testcase classname="tests.starlink_glrt.test_cpu_coarse" name="test_every_grid_value_and_selected_peak_matches_independent_math[full_scale_coefficients]" time="0.589" /><testcase classname="tests.starlink_glrt.test_cpu_coarse" name="test_cancel_or_deadline_cannot_publish_partial_grid_as_proposals[1]" time="0.001" /><testcase classname="tests.starlink_glrt.test_cpu_coarse" name="test_cancel_or_deadline_cannot_publish_partial_grid_as_proposals[2]" time="0.001" /><testcase classname="tests.starlink_glrt.test_cpu_coarse" name="test_cancel_or_deadline_cannot_publish_partial_grid_as_proposals[9]" time="0.001" /><testcase classname="tests.starlink_glrt.test_cpu_coarse" name="test_cancel_or_deadline_cannot_publish_partial_grid_as_proposals[211]" time="0.015" /><testcase classname="tests.starlink_glrt.test_cpu_coarse" name="test_coefficient_range_is_checked_before_computation" time="0.001" /><testcase classname="tests.starlink_glrt.test_cpu_coarse" name="test_disjoint_partitions_cannot_publish_an_incomplete_scan" time="0.569" /><testcase classname="tests.starlink_glrt.test_cpu_coarse" name="test_actual_two_thread_benchmark_matches_complete_serial_grid" time="0.265" /><testcase classname="tests.starlink_glrt.test_cpu_coarse" name="test_dot_products_match_wide_integer_arithmetic_across_rails_and_alignments" time="0.132" /><testcase classname="tests.starlink_glrt.test_cpu_coarse" name="test_bounded_selection_matches_sorted_oracle[random-1]" time="0.018" /><testcase classname="tests.starlink_glrt.test_cpu_coarse" name="test_bounded_selection_matches_sorted_oracle[random-8]" time="0.015" /><testcase classname="tests.starlink_glrt.test_cpu_coarse" name="test_bounded_selection_matches_sorted_oracle[random-32]" time="0.016" /><testcase classname="tests.starlink_glrt.test_cpu_coarse" name="test_bounded_selection_matches_sorted_oracle[random-64]" time="0.017" /><testcase classname="tests.starlink_glrt.test_cpu_coarse" name="test_bounded_selection_matches_sorted_oracle[ties-1]" time="0.016" /><testcase classname="tests.starlink_glrt.test_cpu_coarse" name="test_bounded_selection_matches_sorted_oracle[ties-8]" time="0.017" /><testcase classname="tests.starlink_glrt.test_cpu_coarse" name="test_bounded_selection_matches_sorted_oracle[ties-32]" time="0.019" /><testcase classname="tests.starlink_glrt.test_cpu_coarse" name="test_bounded_selection_matches_sorted_oracle[ties-64]" time="0.018" /><testcase classname="tests.starlink_glrt.test_cpu_coarse" name="test_bounded_selection_matches_sorted_oracle[zero-1]" time="0.009" /><testcase classname="tests.starlink_glrt.test_cpu_coarse" name="test_bounded_selection_matches_sorted_oracle[zero-8]" time="0.009" /><testcase classname="tests.starlink_glrt.test_cpu_coarse" name="test_bounded_selection_matches_sorted_oracle[zero-32]" time="0.009" /><testcase classname="tests.starlink_glrt.test_cpu_coarse" name="test_bounded_selection_matches_sorted_oracle[zero-64]" time="0.009" /><testcase classname="tests.starlink_glrt.test_cpu_coarse" name="test_bounded_selection_cancellation_clears_all_proposals[1]" time="0.001" /><testcase classname="tests.starlink_glrt.test_cpu_coarse" name="test_bounded_selection_cancellation_clears_all_proposals[2]" time="0.000" /><testcase classname="tests.starlink_glrt.test_cpu_coarse" name="test_bounded_selection_cancellation_clears_all_proposals[32]" time="0.000" /><testcase classname="tests.starlink_glrt.test_cpu_coarse" name="test_bounded_selection_cancellation_clears_all_proposals[64]" time="0.000" /><testcase classname="tests.starlink_glrt.test_cpu_coarse" name="test_bounded_selection_cancellation_clears_all_proposals[65]" time="0.000" /><testcase classname="tests.starlink_glrt.test_cpu_coarse" name="test_bounded_selection_rejects_invalid_admission[0-3333]" time="0.000" /><testcase classname="tests.starlink_glrt.test_cpu_coarse" name="test_bounded_selection_rejects_invalid_admission[65-3333]" time="0.000" /><testcase classname="tests.starlink_glrt.test_cpu_coarse" name="test_bounded_selection_rejects_invalid_admission[64-3332]" time="0.000" /><testcase classname="tests.starlink_glrt.test_cpu_coarse" name="test_heap_failure_at_publication_clears_completed_selection" time="0.001" /><testcase classname="tests.starlink_glrt.test_cpu_coarse" name="test_heap_allocation_failure_cannot_publish_peaks" time="0.091" /></testsuite></testsuites>